2026-02-17 23:20:50,428 [INFO] LogOutputStream:77 - [STDOUT_REDIRECT] StartTraceHandler.execute(), success : Collect=false
2026-02-17 23:20:53,139 [INFO] LogOutputStream:77 - [STDOUT_REDIRECT] StartTraceHandler.execute(), success : Collect=true
2026-02-17 23:27:12,735 [INFO] MainUpdater:2872 - connection check result : 10
2026-02-17 23:27:12,736 [INFO] MainUpdater:2872 - connection check result : 10
2026-02-17 23:27:12,959 [INFO] MicroXplorer:468 - Change Database Path : 
2026-02-17 23:27:12,960 [INFO] MicroXplorer:498 - Change Database Version : DB.6.0.150
2026-02-17 23:27:13,019 [ERROR] ProjectManagerView:395 - 
java.lang.NullPointerException: Cannot invoke "javax.swing.JTextField.getText()" because the return value of "java.util.List.get(int)" is null
	at com.st.microxplorer.plugins.projectmanager.gui.ProjectChoiceTab$9.caretUpdate(ProjectChoiceTab.java:2706) ~[filemanager.jar:?]
	at javax.swing.text.JTextComponent.fireCaretUpdate(JTextComponent.java:408) ~[?:?]
	at javax.swing.text.JTextComponent$MutableCaretEvent.fire(JTextComponent.java:4484) ~[?:?]
	at javax.swing.text.JTextComponent$MutableCaretEvent.stateChanged(JTextComponent.java:4506) ~[?:?]
	at javax.swing.text.DefaultCaret.fireStateChanged(DefaultCaret.java:857) ~[?:?]
	at javax.swing.text.DefaultCaret.changeCaretPosition(DefaultCaret.java:1343) ~[?:?]
	at javax.swing.text.DefaultCaret.handleSetDot(DefaultCaret.java:1242) ~[?:?]
	at javax.swing.text.DefaultCaret.setDot(DefaultCaret.java:1223) ~[?:?]
	at javax.swing.text.DefaultCaret$Handler.insertUpdate(DefaultCaret.java:1819) ~[?:?]
	at javax.swing.text.AbstractDocument.fireInsertUpdate(AbstractDocument.java:227) ~[?:?]
	at javax.swing.text.AbstractDocument.handleInsertString(AbstractDocument.java:781) ~[?:?]
	at javax.swing.text.AbstractDocument.insertString(AbstractDocument.java:740) ~[?:?]
	at javax.swing.text.PlainDocument.insertString(PlainDocument.java:131) ~[?:?]
	at javax.swing.text.AbstractDocument.replace(AbstractDocument.java:699) ~[?:?]
	at javax.swing.text.JTextComponent.setText(JTextComponent.java:1725) ~[?:?]
	at com.st.microxplorer.plugins.projectmanager.gui.ProjectChoiceTab.createHeapStackFields(ProjectChoiceTab.java:993) ~[filemanager.jar:?]
	at com.st.microxplorer.plugins.projectmanager.gui.ProjectChoiceTab.buildLinkSettingsPanel(ProjectChoiceTab.java:3813) ~[filemanager.jar:?]
	at com.st.microxplorer.plugins.projectmanager.gui.ProjectChoiceTab.defineWindowsFields(ProjectChoiceTab.java:1987) ~[filemanager.jar:?]
	at com.st.microxplorer.plugins.projectmanager.gui.ProjectChoiceTab.updateSettings(ProjectChoiceTab.java:558) ~[filemanager.jar:?]
	at com.st.microxplorer.plugins.projectmanager.gui.ProjectSettingsPanel.UpdateDialog(ProjectSettingsPanel.java:247) ~[filemanager.jar:?]
	at com.st.microxplorer.plugins.projectmanager.ProjectManagerView.propertyChange(ProjectManagerView.java:392) ~[filemanager.jar:?]
	at java.beans.PropertyChangeSupport.fire(PropertyChangeSupport.java:343) ~[?:?]
	at java.beans.PropertyChangeSupport.firePropertyChange(PropertyChangeSupport.java:335) ~[?:?]
	at java.beans.PropertyChangeSupport.firePropertyChange(PropertyChangeSupport.java:268) ~[?:?]
	at com.st.microxplorer.util.MXPropertyChangeSupport.firePropertyChange(MXPropertyChangeSupport.java:54) ~[STM32CubeMX.jar:?]
	at com.st.microxplorer.mxsystem.MxSystem.closeConfig(MxSystem.java:899) ~[STM32CubeMX.jar:?]
	at com.st.microxplorer.maingui.MainPanel.closeConfig(MainPanel.java:792) ~[STM32CubeMX.jar:?]
	at com.st.microxplorer.plugins.filemanager.engine.OpenFileManager.loadConfigurationFile(OpenFileManager.java:288) ~[filemanager.jar:?]
	at com.st.microxplorer.plugins.filemanager.engine.MainFileManager.userLoadConfig(MainFileManager.java:364) ~[filemanager.jar:?]
	at com.st.microxplorer.plugins.filemanager.engine.MainFileManager.userLoadConfig(MainFileManager.java:342) ~[filemanager.jar:?]
	at com.st.microxplorer.plugins.filemanager.FileManagerView.getSpecificTask(FileManagerView.java:264) ~[filemanager.jar:?]
	at com.st.stm32cube.common.mx.editor.CubeMxEditor.getMxTabbedPaneInstance(CubeMxEditor.java:1198) ~[com.st.stm32cube.common.mx_6.15.0.202507011659/:?]
	at com.st.stm32cube.common.mx.editor.CubeMxEditor$12$1.createSwingComponent(CubeMxEditor.java:1068) ~[com.st.stm32cube.common.mx_6.15.0.202507011659/:?]
	at com.st.stm32cube.common.mx.oss.core.awtswtbridge.EmbeddedSwingComposite.doComponentCreation(EmbeddedSwingComposite.java:492) ~[com.st.stm32cube.common.mx.oss_6.15.0.202507011659/:?]
	at com.st.stm32cube.common.mx.oss.core.awtswtbridge.EmbeddedSwingComposite$4.run(EmbeddedSwingComposite.java:291) ~[com.st.stm32cube.common.mx.oss_6.15.0.202507011659/:?]
	at com.st.stm32cube.common.mx.oss.core.awtswtbridge.AwtEnvironment$2.run(AwtEnvironment.java:166) ~[com.st.stm32cube.common.mx.oss_6.15.0.202507011659/:?]
	at java.awt.event.InvocationEvent.dispatch(InvocationEvent.java:318) ~[?:?]
	at java.awt.EventQueue.dispatchEventImpl(EventQueue.java:773) ~[?:?]
	at java.awt.EventQueue$4.run(EventQueue.java:720) ~[?:?]
	at java.awt.EventQueue$4.run(EventQueue.java:714) ~[?:?]
	at java.security.AccessController.doPrivileged(AccessController.java:400) ~[?:?]
	at java.security.ProtectionDomain$JavaSecurityAccessImpl.doIntersectionPrivilege(ProtectionDomain.java:87) ~[?:?]
	at java.awt.EventQueue.dispatchEvent(EventQueue.java:742) ~[?:?]
	at java.awt.EventDispatchThread.pumpOneEventForFilters(EventDispatchThread.java:203) ~[?:?]
	at java.awt.EventDispatchThread.pumpEventsForFilter(EventDispatchThread.java:124) ~[?:?]
	at java.awt.EventDispatchThread.pumpEventsForHierarchy(EventDispatchThread.java:113) ~[?:?]
	at java.awt.EventDispatchThread.pumpEvents(EventDispatchThread.java:109) ~[?:?]
	at java.awt.EventDispatchThread.pumpEvents(EventDispatchThread.java:101) ~[?:?]
	at java.awt.EventDispatchThread.run(EventDispatchThread.java:90) ~[?:?]
2026-02-17 23:27:13,036 [WARN] ThirdParty:871 - waiting for thirdparty lock release [close project]
2026-02-17 23:27:13,036 [INFO] ThirdParty:873 - entering critical section [close project]
2026-02-17 23:27:13,036 [INFO] ThirdParty:883 - exiting critical section [close project]
2026-02-17 23:27:13,044 [INFO] PinOutPanel:1589 - setPackage(No Configuration,No Configuration)
2026-02-17 23:27:13,066 [WARN] IpParametersView:155 - Warning: This peripheral hasn't parameters
2026-02-17 23:27:13,089 [WARN] MainPanel:289 - <html><b><center>Warning: This peripheral has no parameters to be configured<br></b></html>
2026-02-17 23:27:13,110 [INFO] UtilMem:75 - Begin LoadConfig() Used Memory: 856768432 Bytes (1073741824)
2026-02-17 23:27:13,112 [INFO] MicroXplorer:468 - Change Database Path : 
2026-02-17 23:27:13,112 [INFO] MicroXplorer:498 - Change Database Version : DB.6.0.150
2026-02-17 23:27:13,112 [INFO] OpenFileManager:355 - Change cursor
2026-02-17 23:27:13,187 [INFO] RulesReader:64 - Compatibility file has been processed (317 Rules)
2026-02-17 23:27:13,202 [INFO] Mcu:2029 - Initializing MCU STM32F446R(C-E)Tx STM32F446RETx STM32F446RET6
2026-02-17 23:27:15,189 [INFO] Context:786 - Trying to add GPIOservice into a context  which must be forbidden
2026-02-17 23:27:16,034 [INFO] ImportTextPane:234 - (OptionalMessage_ERROR) Pin20 (VP_RIF_VS_RIF1) cannot be retrieved for this MCU
2026-02-17 23:27:16,293 [INFO] RtosManager:558 - Registered RTOS mode: class=CMSIS, group=RTOS, mode=CMSIS_V1, owner=FREERTOS
2026-02-17 23:27:16,295 [INFO] RtosManager:558 - Registered RTOS mode: class=CMSIS, group=RTOS2, mode=CMSIS_V2, owner=FREERTOS
2026-02-17 23:27:16,296 [INFO] RtosManager:558 - Registered RTOS mode: class=RTOS, group=Core, mode=CMSIS_V1, owner=FREERTOS
2026-02-17 23:27:16,296 [INFO] RtosManager:558 - Registered RTOS mode: class=RTOS, group=Core, mode=CMSIS_V2, owner=FREERTOS
2026-02-17 23:27:16,296 [WARN] ModelIntegratedComponent:184 - Missing modes for component STMicroelectronics:FreeRTOS:0.0.1:STMicroelectronics:RTOS:FreeRTOS:Core:::10.2.0:
2026-02-17 23:27:16,314 [WARN] ModelIntegratedComponent:63 - No mode defined for component null
2026-02-17 23:27:16,315 [WARN] ModelIntegratedComponent:63 - No mode defined for component null
2026-02-17 23:27:16,315 [WARN] ModelIntegratedComponent:63 - No mode defined for component null
2026-02-17 23:27:16,315 [WARN] ModelIntegratedComponent:63 - No mode defined for component null
2026-02-17 23:27:16,315 [WARN] ModelIntegratedComponent:63 - No mode defined for component null
2026-02-17 23:27:16,315 [WARN] ModelIntegratedComponent:63 - No mode defined for component null
2026-02-17 23:27:16,315 [WARN] ModelIntegratedComponent:63 - No mode defined for component null
2026-02-17 23:27:16,316 [WARN] ModelIntegratedComponent:63 - No mode defined for component null
2026-02-17 23:27:16,316 [WARN] ModelIntegratedComponent:63 - No mode defined for component null
2026-02-17 23:27:16,316 [WARN] ModelIntegratedComponent:63 - No mode defined for component null
2026-02-17 23:27:16,316 [WARN] ModelIntegratedComponent:63 - No mode defined for component null
2026-02-17 23:27:16,316 [WARN] ModelIntegratedComponent:63 - No mode defined for component null
2026-02-17 23:27:16,316 [WARN] ModelIntegratedComponent:63 - No mode defined for component null
2026-02-17 23:27:16,316 [WARN] ModelIntegratedComponent:63 - No mode defined for component null
2026-02-17 23:27:16,316 [WARN] ModelIntegratedComponent:63 - No mode defined for component null
2026-02-17 23:27:16,316 [WARN] ModelIntegratedComponent:63 - No mode defined for component null
2026-02-17 23:27:16,317 [WARN] ModelIntegratedComponent:63 - No mode defined for component null
2026-02-17 23:27:16,317 [WARN] ModelIntegratedComponent:63 - No mode defined for component null
2026-02-17 23:27:16,317 [WARN] ModelIntegratedComponent:63 - No mode defined for component null
2026-02-17 23:27:16,317 [WARN] ModelIntegratedComponent:63 - No mode defined for component null
2026-02-17 23:27:16,317 [WARN] ModelIntegratedComponent:63 - No mode defined for component null
2026-02-17 23:27:16,317 [WARN] ModelIntegratedComponent:63 - No mode defined for component null
2026-02-17 23:27:16,317 [WARN] ModelIntegratedComponent:63 - No mode defined for component null
2026-02-17 23:27:16,317 [WARN] ModelIntegratedComponent:63 - No mode defined for component null
2026-02-17 23:27:16,317 [WARN] ModelIntegratedComponent:63 - No mode defined for component null
2026-02-17 23:27:16,317 [WARN] ModelIntegratedComponent:63 - No mode defined for component null
2026-02-17 23:27:16,317 [WARN] ModelIntegratedComponent:63 - No mode defined for component null
2026-02-17 23:27:16,317 [WARN] ModelIntegratedComponent:63 - No mode defined for component null
2026-02-17 23:27:16,318 [WARN] ModelIntegratedComponent:63 - No mode defined for component null
2026-02-17 23:27:16,318 [WARN] ModelIntegratedComponent:63 - No mode defined for component null
2026-02-17 23:27:16,318 [WARN] ModelIntegratedComponent:63 - No mode defined for component null
2026-02-17 23:27:16,318 [WARN] ModelIntegratedComponent:63 - No mode defined for component null
2026-02-17 23:27:16,318 [WARN] ModelIntegratedComponent:63 - No mode defined for component null
2026-02-17 23:27:16,318 [WARN] ModelIntegratedComponent:63 - No mode defined for component null
2026-02-17 23:27:16,318 [WARN] ModelIntegratedComponent:63 - No mode defined for component null
2026-02-17 23:27:16,318 [WARN] ModelPack:524 - Component already loaded: STMicroelectronics:HAL Drivers:0.0.0:STMicroelectronics:Device:STMicro_Driver:XSPI:HAL::0.0.1:HAL_XSPI
2026-02-17 23:27:16,487 [INFO] ThirdPartyModel:298 - Start build external matchings
2026-02-17 23:27:17,450 [INFO] ThirdPartyModel:316 - End build external matchings
2026-02-17 23:27:17,470 [INFO] RtosManager:1018 - Current active RTOS is FREERTOS [Cortex-M4NS]
2026-02-17 23:27:17,486 [INFO] ImportTextPane:234 - (OptionalMessage_ERROR) IP (RCC) : Invalid parameter (48MHZClocksFreq_Value)
2026-02-17 23:27:17,487 [INFO] ImportTextPane:234 - (OptionalMessage_ERROR) IP (RCC) : Invalid parameter (EthernetFreq_Value)
2026-02-17 23:27:17,488 [INFO] ImportTextPane:234 - (OptionalMessage_ERROR) IP (RCC) : Parameter (FLatency) has Id (AdvancedSettings) currently not set
2026-02-17 23:27:17,488 [INFO] ImportTextPane:234 - (OptionalMessage_ERROR) IP (RCC) : Invalid parameter (FamilyName)
2026-02-17 23:27:17,488 [INFO] ImportTextPane:234 - (OptionalMessage_ERROR) IP (RCC) : Invalid parameter (I2SClocksFreq_Value)
2026-02-17 23:27:17,488 [INFO] ImportTextPane:234 - (OptionalMessage_ERROR) IP (RCC) : Parameter (MCO2PinFreq_Value) has invalid value (180000000)
2026-02-17 23:27:17,489 [INFO] ImportTextPane:234 - (OptionalMessage_ERROR) IP (RCC) : Parameter (SDIOFreq_Value) has invalid value (180000000)
2026-02-17 23:27:17,489 [INFO] ImportTextPane:234 - (OptionalMessage_ERROR) IP (RCC) : Parameter (USBFreq_Value) has invalid value (180000000)
2026-02-17 23:27:17,489 [INFO] ImportTextPane:234 - (OptionalMessage_ERROR) IP (RCC) : Invalid parameter (VCOInputMFreq_Value)
2026-02-17 23:27:17,489 [INFO] ImportTextPane:234 - (OptionalMessage_ERROR) IP (RCC) : Invalid parameter (VcooutputI2S)
2026-02-17 23:27:17,837 [INFO] UtilMem:75 - End LoadConfig() Used Memory: 764149704 Bytes (1073741824)
2026-02-17 23:27:17,887 [WARN] ThirdParty:833 - waiting for thirdparty lock release [change project]
2026-02-17 23:27:17,887 [INFO] ThirdParty:835 - entering critical section [change project]
2026-02-17 23:27:17,887 [INFO] ThirdParty:1030 - CMSIS Pack Vendor :STMicroelectronics X-CUBE-PM33A1 1.0.0
2026-02-17 23:27:17,888 [INFO] ThirdParty:1030 - CMSIS Pack Vendor :STMicroelectronics USBPD 4.1
2026-02-17 23:27:17,888 [INFO] ThirdParty:1030 - CMSIS Pack Vendor :STMicroelectronics X-CUBE-NFC9 1.0.0
2026-02-17 23:27:17,888 [INFO] ThirdParty:1030 - CMSIS Pack Vendor :STMicroelectronics USB_HOST 2.0.0
2026-02-17 23:27:17,888 [INFO] ThirdParty:1030 - CMSIS Pack Vendor :STMicroelectronics FP-SNS-MOTENVWB1 1.4.0
2026-02-17 23:27:17,888 [INFO] ThirdParty:1030 - CMSIS Pack Vendor :STMicroelectronics X-CUBE-AZRTOS-F4 1.1.0
2026-02-17 23:27:17,888 [INFO] ThirdParty:1030 - CMSIS Pack Vendor :STMicroelectronics LIBJPEG 8.0.0
2026-02-17 23:27:17,888 [INFO] ThirdParty:1030 - CMSIS Pack Vendor :STMicroelectronics FP-ATR-ASTRA1 2.0.2
2026-02-17 23:27:17,888 [INFO] ThirdParty:1030 - CMSIS Pack Vendor :wolfSSL I-CUBE-wolfSSL 5.8.2
2026-02-17 23:27:17,888 [INFO] ThirdParty:1030 - CMSIS Pack Vendor :STMicroelectronics X-CUBE-BLE1 7.1.0
2026-02-17 23:27:17,888 [INFO] ThirdParty:1030 - CMSIS Pack Vendor :STMicroelectronics X-CUBE-SMBUS 2.1.0
2026-02-17 23:27:17,888 [INFO] ThirdParty:1030 - CMSIS Pack Vendor :wolfSSL I-CUBE-wolfMQTT 1.19.2
2026-02-17 23:27:17,888 [INFO] ThirdParty:1030 - CMSIS Pack Vendor :STMicroelectronics USB_DEVICE 3.0.0
2026-02-17 23:27:17,888 [INFO] ThirdParty:1030 - CMSIS Pack Vendor :STMicroelectronics X-CUBE-ISPU 2.1.0
2026-02-17 23:27:17,888 [INFO] ThirdParty:1030 - CMSIS Pack Vendor :STMicroelectronics X-CUBE-FREERTOS 1.4.0
2026-02-17 23:27:17,888 [INFO] ThirdParty:1030 - CMSIS Pack Vendor :STMicroelectronics X-CUBE-EEPRMA1 5.2.0
2026-02-17 23:27:17,888 [INFO] ThirdParty:1030 - CMSIS Pack Vendor :STMicroelectronics X-CUBE-IPS 3.2.0
2026-02-17 23:27:17,888 [INFO] ThirdParty:1030 - CMSIS Pack Vendor :STMicroelectronics X-CUBE-BLEMGR 4.1.0
2026-02-17 23:27:17,888 [INFO] ThirdParty:1030 - CMSIS Pack Vendor :STMicroelectronics X-CUBE-AZRTOS-WB 2.0.0
2026-02-17 23:27:17,889 [INFO] ThirdParty:1030 - CMSIS Pack Vendor :STMicroelectronics X-CUBE-ST60 1.0.0
2026-02-17 23:27:17,889 [INFO] ThirdParty:1030 - CMSIS Pack Vendor :STMicroelectronics X-CUBE-GNSS1 7.0.1
2026-02-17 23:27:17,889 [INFO] ThirdParty:1030 - CMSIS Pack Vendor :STMicroelectronics X-CUBE-NFC12 1.0.0
2026-02-17 23:27:17,889 [INFO] ThirdParty:1030 - CMSIS Pack Vendor :STMicroelectronics X-CUBE-AZRTOS-F7 1.1.0
2026-02-17 23:27:17,889 [INFO] ThirdParty:1030 - CMSIS Pack Vendor :STMicroelectronics X-CUBE-AZRTOS-L5 2.0.0
2026-02-17 23:27:17,889 [INFO] ThirdParty:1030 - CMSIS Pack Vendor :STMicroelectronics X-CUBE-TOUCHGFX 4.25.0
2026-02-17 23:27:17,889 [INFO] ThirdParty:1030 - CMSIS Pack Vendor :STMicroelectronics USB_DEVICE 2.0.0
2026-02-17 23:27:17,889 [INFO] ThirdParty:1030 - CMSIS Pack Vendor :STMicroelectronics X-CUBE-NFC6 3.1.0
2026-02-17 23:27:17,889 [INFO] ThirdParty:1030 - CMSIS Pack Vendor :Cesanta I-CUBE-Mongoose 7.19.0
2026-02-17 23:27:17,889 [INFO] ThirdParty:1030 - CMSIS Pack Vendor :quantropi X-CUBE-qispace-sdk-base 2.1.0
2026-02-17 23:27:17,889 [INFO] ThirdParty:1030 - CMSIS Pack Vendor :STMicroelectronics X-CUBE-MEMS1 12.0.0
2026-02-17 23:27:17,889 [INFO] ThirdParty:1030 - CMSIS Pack Vendor :STMicroelectronics X-CUBE-STSE01 2.0.0
2026-02-17 23:27:17,889 [INFO] ThirdParty:1030 - CMSIS Pack Vendor :STMicroelectronics FP-SNS-MOTENV1 5.1.0
2026-02-17 23:27:17,889 [INFO] ThirdParty:1030 - CMSIS Pack Vendor :STMicroelectronics FreeRTOS 0.0.1
2026-02-17 23:27:17,890 [INFO] ThirdParty:1030 - CMSIS Pack Vendor :STMicroelectronics X-CUBE-AZRTOS-G0 1.1.0
2026-02-17 23:27:17,890 [INFO] ThirdParty:1030 - CMSIS Pack Vendor :STMicroelectronics X-CUBE-SAFEA1 1.2.2
2026-02-17 23:27:17,890 [INFO] ThirdParty:1030 - CMSIS Pack Vendor :STMicroelectronics X-CUBE-NFC4 3.0.0
2026-02-17 23:27:17,890 [INFO] ThirdParty:1030 - CMSIS Pack Vendor :STMicroelectronics X-CUBE-SUBG2 5.0.0
2026-02-17 23:27:17,890 [INFO] ThirdParty:1030 - CMSIS Pack Vendor :STMicroelectronics X-CUBE-AZRTOS-H7RS 1.1.0
2026-02-17 23:27:17,890 [INFO] ThirdParty:1030 - CMSIS Pack Vendor :STMicroelectronics STM32_WPAN 1.0.0
2026-02-17 23:27:17,890 [INFO] ThirdParty:1030 - CMSIS Pack Vendor :EmbeddedOffice I-CUBE-FS-RTOS 1.0.1
2026-02-17 23:27:17,890 [INFO] ThirdParty:1030 - CMSIS Pack Vendor :STMicroelectronics lwIP 2.0.3
2026-02-17 23:27:17,890 [INFO] ThirdParty:1030 - CMSIS Pack Vendor :WES I-CUBE-Cesium 1.4.0
2026-02-17 23:27:17,890 [INFO] ThirdParty:1030 - CMSIS Pack Vendor :STMicroelectronics USB_HOST 1.0.0
2026-02-17 23:27:17,890 [INFO] ThirdParty:1030 - CMSIS Pack Vendor :Infineon AIROC-Wi-Fi-Bluetooth-STM32 1.7.1
2026-02-17 23:27:17,890 [INFO] ThirdParty:1030 - CMSIS Pack Vendor :STMicroelectronics X-CUBE-AZRTOS-G4 2.0.0
2026-02-17 23:27:17,890 [INFO] ThirdParty:1030 - CMSIS Pack Vendor :STMicroelectronics X-CUBE-WB05N 2.0.0
2026-02-17 23:27:17,890 [INFO] ThirdParty:1030 - CMSIS Pack Vendor :STMicroelectronics PDM2PCM 3.1.0
2026-02-17 23:27:17,890 [INFO] ThirdParty:1030 - CMSIS Pack Vendor :STMicroelectronics PDM2PCM 3.3.0
2026-02-17 23:27:17,890 [INFO] ThirdParty:1030 - CMSIS Pack Vendor :wolfSSL I-CUBE-wolfTPM 3.8.0
2026-02-17 23:27:17,890 [INFO] ThirdParty:1030 - CMSIS Pack Vendor :STMicroelectronics X-CUBE-AZRTOS-H7 3.4.0
2026-02-17 23:27:17,890 [INFO] ThirdParty:1030 - CMSIS Pack Vendor :STMicroelectronics X-CUBE-DISPLAY 3.0.0
2026-02-17 23:27:17,891 [INFO] ThirdParty:1030 - CMSIS Pack Vendor :wolfSSL I-CUBE-wolfSSH 1.4.20
2026-02-17 23:27:17,891 [INFO] ThirdParty:1030 - CMSIS Pack Vendor :STMicroelectronics X-CUBE-NFC7 2.0.0
2026-02-17 23:27:17,891 [INFO] ThirdParty:1030 - CMSIS Pack Vendor :STMicroelectronics X-CUBE-TCPP 4.2.0
2026-02-17 23:27:17,891 [INFO] ThirdParty:1030 - CMSIS Pack Vendor :RealThread X-CUBE-RT-Thread_Nano 4.1.1
2026-02-17 23:27:17,891 [INFO] ThirdParty:1030 - CMSIS Pack Vendor :STMicroelectronics FP-ATR-SIGFOX1 3.2.0
2026-02-17 23:27:17,891 [INFO] ThirdParty:1030 - CMSIS Pack Vendor :STMicroelectronics X-CUBE-NFC10 1.0.0
2026-02-17 23:27:17,891 [INFO] ThirdParty:1030 - CMSIS Pack Vendor :STMicroelectronics X-CUBE-FREERTOS 1.3.1
2026-02-17 23:27:17,891 [INFO] ThirdParty:1030 - CMSIS Pack Vendor :STMicroelectronics HAL Drivers 0.0.0
2026-02-17 23:27:17,891 [INFO] ThirdParty:1030 - CMSIS Pack Vendor :STMicroelectronics MBEDTLS 2.16.2
2026-02-17 23:27:17,891 [INFO] ThirdParty:1030 - CMSIS Pack Vendor :STMicroelectronics X-CUBE-ST60 1.1.0
2026-02-17 23:27:17,892 [INFO] ThirdParty:1030 - CMSIS Pack Vendor :STMicroelectronics X-CUBE-IPS 3.1.0
2026-02-17 23:27:17,892 [INFO] ThirdParty:1030 - CMSIS Pack Vendor :STMicroelectronics X-CUBE-ALS 1.0.2
2026-02-17 23:27:17,892 [INFO] ThirdParty:1030 - CMSIS Pack Vendor :emotas I-CUBE-CANOPEN 1.3.0
2026-02-17 23:27:17,892 [INFO] ThirdParty:1030 - CMSIS Pack Vendor :STMicroelectronics MBEDTLS 2.14.1
2026-02-17 23:27:17,892 [INFO] ThirdParty:1030 - CMSIS Pack Vendor :STMicroelectronics X-CUBE-GNSS1 7.1.0
2026-02-17 23:27:17,892 [INFO] ThirdParty:1030 - CMSIS Pack Vendor :ITTIA_DB I-CUBE-ITTIADB 8.9.0
2026-02-17 23:27:17,892 [INFO] ThirdParty:1030 - CMSIS Pack Vendor :STMicroelectronics X-CUBE-TOUCHGFX 4.26.0
2026-02-17 23:27:17,892 [INFO] ThirdParty:1030 - CMSIS Pack Vendor :STMicroelectronics X-CUBE-STSE01 1.0.0
2026-02-17 23:27:17,892 [INFO] ThirdParty:1030 - CMSIS Pack Vendor :STMicroelectronics X-CUBE-NFC6 3.2.0
2026-02-17 23:27:17,892 [INFO] ThirdParty:1030 - CMSIS Pack Vendor :STMicroelectronics X-CUBE-ST67W61 1.0.0
2026-02-17 23:27:17,892 [INFO] ThirdParty:1030 - CMSIS Pack Vendor :STMicroelectronics FP-SNS-STBOX1 2.1.0
2026-02-17 23:27:17,893 [INFO] ThirdParty:1030 - CMSIS Pack Vendor :STMicroelectronics X-CUBE-AI 10.2.0
2026-02-17 23:27:17,893 [INFO] ThirdParty:1030 - CMSIS Pack Vendor :STMicroelectronics FP-SNS-STAIOTCFT 1.0.0
2026-02-17 23:27:17,893 [INFO] ThirdParty:1030 - CMSIS Pack Vendor :STMicroelectronics ThreadX 1.0.0
2026-02-17 23:27:17,893 [INFO] ThirdParty:1030 - CMSIS Pack Vendor :STMicroelectronics FP-SNS-SMARTAG2 1.2.0
2026-02-17 23:27:17,893 [INFO] ThirdParty:1030 - CMSIS Pack Vendor :STMicroelectronics FP-SNS-FLIGHT1 5.1.0
2026-02-17 23:27:17,894 [INFO] ThirdParty:1030 - CMSIS Pack Vendor :STMicroelectronics X-CUBE-AZRTOS-WL 2.0.0
2026-02-17 23:27:17,894 [INFO] ThirdParty:1030 - CMSIS Pack Vendor :SEGGER I-CUBE-embOS 1.3.1
2026-02-17 23:27:17,894 [INFO] ThirdParty:1030 - CMSIS Pack Vendor :STMicroelectronics X-CUBE-ALGOBUILD 1.4.0
2026-02-17 23:27:17,894 [INFO] ThirdParty:1030 - CMSIS Pack Vendor :STMicroelectronics X-CUBE-DPower 1.3.0
2026-02-17 23:27:17,894 [INFO] ThirdParty:1030 - CMSIS Pack Vendor :STMicroelectronics X-CUBE-MEMS1 11.3.0
2026-02-17 23:27:17,894 [INFO] ThirdParty:1030 - CMSIS Pack Vendor :STMicroelectronics FP-SNS-MOTENV1 5.0.0
2026-02-17 23:27:17,894 [INFO] ThirdParty:1030 - CMSIS Pack Vendor :STMicroelectronics USB_DEVICE 1.0.0
2026-02-17 23:27:17,894 [INFO] ThirdParty:1030 - CMSIS Pack Vendor :STMicroelectronics X-CUBE-AZRTOS-H7RS 1.2.0
2026-02-17 23:27:17,895 [INFO] ThirdParty:1030 - CMSIS Pack Vendor :STMicroelectronics X-CUBE-AZRTOS-L4 2.0.0
2026-02-17 23:27:17,895 [INFO] ThirdParty:1030 - CMSIS Pack Vendor :STMicroelectronics ThreadX 0.0.2
2026-02-17 23:27:17,897 [INFO] ThirdParty:1030 - CMSIS Pack Vendor :STMicroelectronics lwIP 2.1.2
2026-02-17 23:27:17,897 [INFO] ThirdParty:1030 - CMSIS Pack Vendor :STMicroelectronics X-CUBE-SFXS2LP1 4.0.0
2026-02-17 23:27:17,897 [INFO] ThirdParty:1030 - CMSIS Pack Vendor :STMicroelectronics X-CUBE-BLE2 3.3.0
2026-02-17 23:27:17,897 [INFO] ThirdParty:1030 - CMSIS Pack Vendor :Avnet-IOTCONNECT X-CUBE-iotc-st67-sdk 1.0.0
2026-02-17 23:27:17,897 [INFO] ThirdParty:1030 - CMSIS Pack Vendor :STMicroelectronics X-CUBE-TOF1 3.4.3
2026-02-17 23:27:17,897 [INFO] ThirdParty:1030 - CMSIS Pack Vendor :STMicroelectronics PDM2PCM 3.2.0
2026-02-17 23:27:17,897 [INFO] ThirdParty:1030 - CMSIS Pack Vendor :STMicroelectronics X-CUBE-ST67W61 1.2.0
2026-02-17 23:27:17,898 [INFO] ThirdParty:841 - exiting critical section [change project]
2026-02-17 23:27:18,326 [INFO] PinOutPanel:1589 - setPackage(No Configuration,No Configuration)
2026-02-17 23:27:18,327 [INFO] PinOutPanel:1589 - setPackage(STM32F446RETx,LQFP64)
2026-02-17 23:27:18,806 [INFO] UtilMem:75 - Before build in PCC Used Memory: 962957464 Bytes (1073741824)
2026-02-17 23:27:19,134 [INFO] UtilMem:75 - After build in PCC Used Memory: 781359928 Bytes (1073741824)
2026-02-17 23:27:19,142 [INFO] ApiDbMcu:532 - Load IP Config File for FREERTOS
2026-02-17 23:27:19,170 [INFO] IPUIPlugin:80 - create IPUIPlugin
2026-02-17 23:27:19,170 [INFO] IPUIPlugin:80 - create IPUIPlugin
2026-02-17 23:27:19,170 [INFO] IPUIPlugin:80 - create IPUIPlugin
2026-02-17 23:27:19,170 [INFO] IPUIPlugin:80 - create IPUIPlugin
2026-02-17 23:27:19,170 [INFO] IPUIPlugin:80 - create IPUIPlugin
2026-02-17 23:27:19,170 [INFO] IPUIPlugin:80 - create IPUIPlugin
2026-02-17 23:27:19,171 [INFO] IPUIPlugin:80 - create IPUIPlugin
2026-02-17 23:27:19,171 [INFO] IPUIPlugin:80 - create IPUIPlugin
2026-02-17 23:27:19,171 [INFO] IPUIPlugin:80 - create IPUIPlugin
2026-02-17 23:27:19,172 [INFO] IPUIPlugin:80 - create IPUIPlugin
2026-02-17 23:27:19,172 [INFO] IPUIPlugin:80 - create IPUIPlugin
2026-02-17 23:27:19,172 [INFO] IPUIPlugin:80 - create IPUIPlugin
2026-02-17 23:27:19,172 [INFO] IPUIPlugin:80 - create IPUIPlugin
2026-02-17 23:27:19,173 [INFO] IPUIPlugin:80 - create IPUIPlugin
2026-02-17 23:27:19,173 [INFO] IPUIPlugin:80 - create IPUIPlugin
2026-02-17 23:27:19,173 [INFO] IPUIPlugin:80 - create IPUIPlugin
2026-02-17 23:27:19,173 [INFO] IPUIPlugin:80 - create IPUIPlugin
2026-02-17 23:27:19,173 [INFO] IPUIPlugin:80 - create IPUIPlugin
2026-02-17 23:27:19,173 [INFO] IPUIPlugin:80 - create IPUIPlugin
2026-02-17 23:27:19,174 [INFO] IPUIPlugin:80 - create IPUIPlugin
2026-02-17 23:27:19,174 [INFO] IPUIPlugin:80 - create IPUIPlugin
2026-02-17 23:27:19,174 [INFO] IPUIPlugin:80 - create IPUIPlugin
2026-02-17 23:27:19,174 [INFO] IPUIPlugin:80 - create IPUIPlugin
2026-02-17 23:27:19,175 [INFO] IPUIPlugin:80 - create IPUIPlugin
2026-02-17 23:27:19,175 [INFO] IPUIPlugin:80 - create IPUIPlugin
2026-02-17 23:27:19,175 [INFO] IPUIPlugin:80 - create IPUIPlugin
2026-02-17 23:27:19,175 [INFO] IPUIPlugin:80 - create IPUIPlugin
2026-02-17 23:27:19,175 [INFO] IPUIPlugin:80 - create IPUIPlugin
2026-02-17 23:27:19,176 [INFO] IPUIPlugin:80 - create IPUIPlugin
2026-02-17 23:27:19,176 [INFO] IPUIPlugin:80 - create IPUIPlugin
2026-02-17 23:27:19,176 [INFO] IPUIPlugin:80 - create IPUIPlugin
2026-02-17 23:27:19,176 [INFO] IPUIPlugin:80 - create IPUIPlugin
2026-02-17 23:27:19,177 [INFO] IPUIPlugin:80 - create IPUIPlugin
2026-02-17 23:27:19,177 [INFO] IPUIPlugin:80 - create IPUIPlugin
2026-02-17 23:27:19,177 [INFO] IPUIPlugin:80 - create IPUIPlugin
2026-02-17 23:27:19,177 [INFO] IPUIPlugin:80 - create IPUIPlugin
2026-02-17 23:27:19,178 [INFO] IPUIPlugin:80 - create IPUIPlugin
2026-02-17 23:27:19,178 [INFO] IPUIPlugin:80 - create IPUIPlugin
2026-02-17 23:27:19,178 [INFO] IPUIPlugin:80 - create IPUIPlugin
2026-02-17 23:27:19,178 [INFO] IPUIPlugin:80 - create IPUIPlugin
2026-02-17 23:27:19,178 [INFO] IPUIPlugin:80 - create IPUIPlugin
2026-02-17 23:27:19,179 [INFO] IPUIPlugin:80 - create IPUIPlugin
2026-02-17 23:27:19,179 [INFO] IPUIPlugin:80 - create IPUIPlugin
2026-02-17 23:27:19,179 [INFO] IPUIPlugin:80 - create IPUIPlugin
2026-02-17 23:27:19,180 [INFO] IPUIPlugin:80 - create IPUIPlugin
2026-02-17 23:27:19,181 [INFO] IPUIPlugin:80 - create IPUIPlugin
2026-02-17 23:27:19,181 [INFO] IPUIPlugin:80 - create IPUIPlugin
2026-02-17 23:27:19,182 [INFO] IPUIPlugin:80 - create IPUIPlugin
2026-02-17 23:27:19,182 [INFO] IPUIPlugin:80 - create IPUIPlugin
2026-02-17 23:27:19,183 [INFO] IPUIPlugin:80 - create IPUIPlugin
2026-02-17 23:27:19,184 [INFO] IPUIPlugin:80 - create IPUIPlugin
2026-02-17 23:27:19,184 [INFO] IPUIPlugin:80 - create IPUIPlugin
2026-02-17 23:27:19,185 [INFO] IPUIPlugin:80 - create IPUIPlugin
2026-02-17 23:27:19,185 [INFO] IPUIPlugin:80 - create IPUIPlugin
2026-02-17 23:27:19,185 [INFO] IPUIPlugin:80 - create IPUIPlugin
2026-02-17 23:27:19,186 [INFO] IPUIPlugin:80 - create IPUIPlugin
2026-02-17 23:27:19,186 [INFO] IPUIPlugin:80 - create IPUIPlugin
2026-02-17 23:27:19,186 [INFO] IPUIPlugin:80 - create IPUIPlugin
2026-02-17 23:27:19,187 [INFO] IPUIPlugin:80 - create IPUIPlugin
2026-02-17 23:27:19,187 [INFO] IPUIPlugin:80 - create IPUIPlugin
2026-02-17 23:27:19,192 [INFO] ApiDbMcu:532 - Load IP Config File for PDM2PCM
2026-02-17 23:27:19,194 [INFO] Can:71 - Can Add PropertyChangeListener com.st.microxplorer.plugins.ip.can.Can@26e9c459
2026-02-17 23:27:19,195 [WARN] IP:2250 - I2C_Coeff_DF not found: check if there is a RefParameter without a condition.
2026-02-17 23:27:19,195 [WARN] IP:2250 - Analog_Filter not found: check if there is a RefParameter without a condition.
2026-02-17 23:27:19,207 [WARN] FreeRTOS:1023 - Null or empty value: should not occur! (nothing added to the table)
2026-02-17 23:27:19,281 [INFO] CADModel:165 - CPN selected for project levelSTM32F446RET6
2026-02-17 23:27:19,282 [INFO] CADModel:114 - Register for checkConnection events
2026-02-17 23:27:19,284 [INFO] RtosManager:728 - Active RTOS found at IOC load: FREERTOS [Cortex-M4NS]
2026-02-17 23:27:19,351 [INFO] OpenFileManager:386 - Restore cursor
2026-02-17 23:27:19,844 [WARN] IP:2250 - I2C_Coeff_DF not found: check if there is a RefParameter without a condition.
2026-02-17 23:27:19,844 [WARN] IP:2250 - Analog_Filter not found: check if there is a RefParameter without a condition.
2026-02-17 23:27:19,845 [WARN] IP:2250 - I2C_Coeff_DF not found: check if there is a RefParameter without a condition.
2026-02-17 23:27:19,845 [WARN] IP:2250 - Analog_Filter not found: check if there is a RefParameter without a condition.
2026-02-17 23:27:27,531 [INFO] NvicIntPanel:101 - NVIC parent = com.st.microxplorer.plugins.ip.nvic.MultiNvicIntPanel[,0,0,0x0,invalid,layout=javax.swing.BoxLayout,alignmentX=0.0,alignmentY=0.0,border=,flags=9,maximumSize=,minimumSize=,preferredSize=]
2026-02-17 23:28:55,100 [INFO] Gpio:278 - dependency for GPIO [ADC1, CAN1, I2C1, RCC, SYS, TIM2, USART2]
2026-02-17 23:29:09,538 [WARN] IP:2250 - I2C_Coeff_DF not found: check if there is a RefParameter without a condition.
2026-02-17 23:29:09,539 [WARN] IP:2250 - Analog_Filter not found: check if there is a RefParameter without a condition.
2026-02-17 23:29:09,539 [WARN] IP:2250 - I2C_Coeff_DF not found: check if there is a RefParameter without a condition.
2026-02-17 23:29:09,539 [WARN] IP:2250 - Analog_Filter not found: check if there is a RefParameter without a condition.
2026-02-17 23:29:09,576 [INFO] Gpio:278 - dependency for GPIO [ADC1, CAN1, I2C1, RCC, SYS, TIM2, USART2]
2026-02-17 23:29:09,692 [INFO] NvicIntPanel:101 - NVIC parent = com.st.microxplorer.plugins.ip.nvic.MultiNvicIntPanel[,0,0,0x0,invalid,layout=javax.swing.BoxLayout,alignmentX=0.0,alignmentY=0.0,border=,flags=9,maximumSize=,minimumSize=,preferredSize=]
2026-02-17 23:29:11,589 [INFO] Gpio:278 - dependency for GPIO [ADC1, CAN1, I2C1, RCC, SYS, TIM2, USART2]
2026-02-17 23:44:16,589 [INFO] MainUpdater:2872 - connection check result : 10
2026-02-17 23:44:16,590 [INFO] MainUpdater:2872 - connection check result : 10
2026-02-17 23:44:16,751 [INFO] MicroXplorer:468 - Change Database Path : 
2026-02-17 23:44:16,753 [INFO] MicroXplorer:498 - Change Database Version : DB.6.0.150
2026-02-17 23:44:16,790 [ERROR] ProjectManagerView:395 - 
java.lang.NullPointerException: Cannot invoke "javax.swing.JTextField.getText()" because the return value of "java.util.List.get(int)" is null
	at com.st.microxplorer.plugins.projectmanager.gui.ProjectChoiceTab$9.caretUpdate(ProjectChoiceTab.java:2706) ~[filemanager.jar:?]
	at javax.swing.text.JTextComponent.fireCaretUpdate(JTextComponent.java:408) ~[?:?]
	at javax.swing.text.JTextComponent$MutableCaretEvent.fire(JTextComponent.java:4484) ~[?:?]
	at javax.swing.text.JTextComponent$MutableCaretEvent.stateChanged(JTextComponent.java:4506) ~[?:?]
	at javax.swing.text.DefaultCaret.fireStateChanged(DefaultCaret.java:857) ~[?:?]
	at javax.swing.text.DefaultCaret.changeCaretPosition(DefaultCaret.java:1343) ~[?:?]
	at javax.swing.text.DefaultCaret.handleSetDot(DefaultCaret.java:1242) ~[?:?]
	at javax.swing.text.DefaultCaret.setDot(DefaultCaret.java:1223) ~[?:?]
	at javax.swing.text.DefaultCaret$Handler.insertUpdate(DefaultCaret.java:1819) ~[?:?]
	at javax.swing.text.AbstractDocument.fireInsertUpdate(AbstractDocument.java:227) ~[?:?]
	at javax.swing.text.AbstractDocument.handleInsertString(AbstractDocument.java:781) ~[?:?]
	at javax.swing.text.AbstractDocument.insertString(AbstractDocument.java:740) ~[?:?]
	at javax.swing.text.PlainDocument.insertString(PlainDocument.java:131) ~[?:?]
	at javax.swing.text.AbstractDocument.replace(AbstractDocument.java:699) ~[?:?]
	at javax.swing.text.JTextComponent.setText(JTextComponent.java:1725) ~[?:?]
	at com.st.microxplorer.plugins.projectmanager.gui.ProjectChoiceTab.createHeapStackFields(ProjectChoiceTab.java:993) ~[filemanager.jar:?]
	at com.st.microxplorer.plugins.projectmanager.gui.ProjectChoiceTab.buildLinkSettingsPanel(ProjectChoiceTab.java:3813) ~[filemanager.jar:?]
	at com.st.microxplorer.plugins.projectmanager.gui.ProjectChoiceTab.defineWindowsFields(ProjectChoiceTab.java:1987) ~[filemanager.jar:?]
	at com.st.microxplorer.plugins.projectmanager.gui.ProjectChoiceTab.updateSettings(ProjectChoiceTab.java:558) ~[filemanager.jar:?]
	at com.st.microxplorer.plugins.projectmanager.gui.ProjectSettingsPanel.UpdateDialog(ProjectSettingsPanel.java:247) ~[filemanager.jar:?]
	at com.st.microxplorer.plugins.projectmanager.ProjectManagerView.propertyChange(ProjectManagerView.java:392) ~[filemanager.jar:?]
	at java.beans.PropertyChangeSupport.fire(PropertyChangeSupport.java:343) ~[?:?]
	at java.beans.PropertyChangeSupport.firePropertyChange(PropertyChangeSupport.java:335) ~[?:?]
	at java.beans.PropertyChangeSupport.firePropertyChange(PropertyChangeSupport.java:268) ~[?:?]
	at com.st.microxplorer.util.MXPropertyChangeSupport.firePropertyChange(MXPropertyChangeSupport.java:54) ~[STM32CubeMX.jar:?]
	at com.st.microxplorer.mxsystem.MxSystem.closeConfig(MxSystem.java:899) ~[STM32CubeMX.jar:?]
	at com.st.microxplorer.maingui.MainPanel.closeConfig(MainPanel.java:792) ~[STM32CubeMX.jar:?]
	at com.st.microxplorer.plugins.filemanager.engine.OpenFileManager.loadConfigurationFile(OpenFileManager.java:288) ~[filemanager.jar:?]
	at com.st.microxplorer.plugins.filemanager.engine.MainFileManager.userLoadConfig(MainFileManager.java:364) ~[filemanager.jar:?]
	at com.st.microxplorer.plugins.filemanager.engine.MainFileManager.userLoadConfig(MainFileManager.java:342) ~[filemanager.jar:?]
	at com.st.microxplorer.plugins.filemanager.FileManagerView.getSpecificTask(FileManagerView.java:264) ~[filemanager.jar:?]
	at com.st.stm32cube.common.mx.editor.CubeMxEditor.getMxTabbedPaneInstance(CubeMxEditor.java:1198) ~[com.st.stm32cube.common.mx_6.15.0.202507011659/:?]
	at com.st.stm32cube.common.mx.editor.CubeMxEditor$12$1.createSwingComponent(CubeMxEditor.java:1068) ~[com.st.stm32cube.common.mx_6.15.0.202507011659/:?]
	at com.st.stm32cube.common.mx.oss.core.awtswtbridge.EmbeddedSwingComposite.doComponentCreation(EmbeddedSwingComposite.java:492) ~[com.st.stm32cube.common.mx.oss_6.15.0.202507011659/:?]
	at com.st.stm32cube.common.mx.oss.core.awtswtbridge.EmbeddedSwingComposite$4.run(EmbeddedSwingComposite.java:291) ~[com.st.stm32cube.common.mx.oss_6.15.0.202507011659/:?]
	at com.st.stm32cube.common.mx.oss.core.awtswtbridge.AwtEnvironment$2.run(AwtEnvironment.java:166) ~[com.st.stm32cube.common.mx.oss_6.15.0.202507011659/:?]
	at java.awt.event.InvocationEvent.dispatch(InvocationEvent.java:318) ~[?:?]
	at java.awt.EventQueue.dispatchEventImpl(EventQueue.java:773) ~[?:?]
	at java.awt.EventQueue$4.run(EventQueue.java:720) ~[?:?]
	at java.awt.EventQueue$4.run(EventQueue.java:714) ~[?:?]
	at java.security.AccessController.doPrivileged(AccessController.java:400) ~[?:?]
	at java.security.ProtectionDomain$JavaSecurityAccessImpl.doIntersectionPrivilege(ProtectionDomain.java:87) ~[?:?]
	at java.awt.EventQueue.dispatchEvent(EventQueue.java:742) ~[?:?]
	at java.awt.EventDispatchThread.pumpOneEventForFilters(EventDispatchThread.java:203) ~[?:?]
	at java.awt.EventDispatchThread.pumpEventsForFilter(EventDispatchThread.java:124) ~[?:?]
	at java.awt.EventDispatchThread.pumpEventsForHierarchy(EventDispatchThread.java:113) ~[?:?]
	at java.awt.EventDispatchThread.pumpEvents(EventDispatchThread.java:109) ~[?:?]
	at java.awt.EventDispatchThread.pumpEvents(EventDispatchThread.java:101) ~[?:?]
	at java.awt.EventDispatchThread.run(EventDispatchThread.java:90) ~[?:?]
2026-02-17 23:44:16,792 [WARN] ThirdParty:871 - waiting for thirdparty lock release [close project]
2026-02-17 23:44:16,792 [INFO] ThirdParty:873 - entering critical section [close project]
2026-02-17 23:44:16,792 [INFO] ThirdParty:883 - exiting critical section [close project]
2026-02-17 23:44:16,794 [INFO] PinOutPanel:1589 - setPackage(No Configuration,No Configuration)
2026-02-17 23:44:16,808 [WARN] IpParametersView:155 - Warning: This peripheral hasn't parameters
2026-02-17 23:44:16,816 [WARN] MainPanel:289 - <html><b><center>Warning: This peripheral has no parameters to be configured<br></b></html>
2026-02-17 23:44:16,823 [INFO] UtilMem:75 - Begin LoadConfig() Used Memory: 929877776 Bytes (1073741824)
2026-02-17 23:44:16,824 [INFO] MicroXplorer:468 - Change Database Path : 
2026-02-17 23:44:16,824 [INFO] MicroXplorer:498 - Change Database Version : DB.6.0.150
2026-02-17 23:44:16,824 [INFO] OpenFileManager:355 - Change cursor
2026-02-17 23:44:16,859 [INFO] Mcu:2029 - Initializing MCU STM32F302R(6-8)Tx STM32F302R8Tx STM32F302R8T6
2026-02-17 23:44:19,296 [INFO] Context:786 - Trying to add GPIOservice into a context  which must be forbidden
2026-02-17 23:44:19,843 [INFO] ImportTextPane:234 - (OptionalMessage_ERROR) Pin19 (VP_RIF_VS_RIF1) cannot be retrieved for this MCU
2026-02-17 23:44:20,227 [INFO] RtosManager:558 - Registered RTOS mode: class=CMSIS, group=RTOS, mode=CMSIS_V1, owner=FREERTOS
2026-02-17 23:44:20,227 [INFO] RtosManager:558 - Registered RTOS mode: class=CMSIS, group=RTOS2, mode=CMSIS_V2, owner=FREERTOS
2026-02-17 23:44:20,227 [INFO] RtosManager:558 - Registered RTOS mode: class=RTOS, group=Core, mode=CMSIS_V1, owner=FREERTOS
2026-02-17 23:44:20,227 [INFO] RtosManager:558 - Registered RTOS mode: class=RTOS, group=Core, mode=CMSIS_V2, owner=FREERTOS
2026-02-17 23:44:20,228 [WARN] ModelIntegratedComponent:184 - Missing modes for component STMicroelectronics:FreeRTOS:0.0.1:STMicroelectronics:RTOS:FreeRTOS:Core:::10.2.0:
2026-02-17 23:44:20,265 [WARN] ModelIntegratedComponent:63 - No mode defined for component null
2026-02-17 23:44:20,265 [WARN] ModelIntegratedComponent:63 - No mode defined for component null
2026-02-17 23:44:20,266 [WARN] ModelIntegratedComponent:63 - No mode defined for component null
2026-02-17 23:44:20,266 [WARN] ModelIntegratedComponent:63 - No mode defined for component null
2026-02-17 23:44:20,266 [WARN] ModelIntegratedComponent:63 - No mode defined for component null
2026-02-17 23:44:20,266 [WARN] ModelIntegratedComponent:63 - No mode defined for component null
2026-02-17 23:44:20,266 [WARN] ModelIntegratedComponent:63 - No mode defined for component null
2026-02-17 23:44:20,266 [WARN] ModelIntegratedComponent:63 - No mode defined for component null
2026-02-17 23:44:20,266 [WARN] ModelIntegratedComponent:63 - No mode defined for component null
2026-02-17 23:44:20,266 [WARN] ModelIntegratedComponent:63 - No mode defined for component null
2026-02-17 23:44:20,266 [WARN] ModelIntegratedComponent:63 - No mode defined for component null
2026-02-17 23:44:20,267 [WARN] ModelIntegratedComponent:63 - No mode defined for component null
2026-02-17 23:44:20,267 [WARN] ModelIntegratedComponent:63 - No mode defined for component null
2026-02-17 23:44:20,267 [WARN] ModelIntegratedComponent:63 - No mode defined for component null
2026-02-17 23:44:20,267 [WARN] ModelIntegratedComponent:63 - No mode defined for component null
2026-02-17 23:44:20,267 [WARN] ModelIntegratedComponent:63 - No mode defined for component null
2026-02-17 23:44:20,267 [WARN] ModelIntegratedComponent:63 - No mode defined for component null
2026-02-17 23:44:20,267 [WARN] ModelIntegratedComponent:63 - No mode defined for component null
2026-02-17 23:44:20,267 [WARN] ModelIntegratedComponent:63 - No mode defined for component null
2026-02-17 23:44:20,267 [WARN] ModelIntegratedComponent:63 - No mode defined for component null
2026-02-17 23:44:20,267 [WARN] ModelIntegratedComponent:63 - No mode defined for component null
2026-02-17 23:44:20,268 [WARN] ModelIntegratedComponent:63 - No mode defined for component null
2026-02-17 23:44:20,268 [WARN] ModelIntegratedComponent:63 - No mode defined for component null
2026-02-17 23:44:20,268 [WARN] ModelIntegratedComponent:63 - No mode defined for component null
2026-02-17 23:44:20,268 [WARN] ModelIntegratedComponent:63 - No mode defined for component null
2026-02-17 23:44:20,268 [WARN] ModelIntegratedComponent:63 - No mode defined for component null
2026-02-17 23:44:20,268 [WARN] ModelIntegratedComponent:63 - No mode defined for component null
2026-02-17 23:44:20,268 [WARN] ModelIntegratedComponent:63 - No mode defined for component null
2026-02-17 23:44:20,269 [WARN] ModelIntegratedComponent:63 - No mode defined for component null
2026-02-17 23:44:20,269 [WARN] ModelIntegratedComponent:63 - No mode defined for component null
2026-02-17 23:44:20,269 [WARN] ModelIntegratedComponent:63 - No mode defined for component null
2026-02-17 23:44:20,269 [WARN] ModelIntegratedComponent:63 - No mode defined for component null
2026-02-17 23:44:20,269 [WARN] ModelIntegratedComponent:63 - No mode defined for component null
2026-02-17 23:44:20,269 [WARN] ModelIntegratedComponent:63 - No mode defined for component null
2026-02-17 23:44:20,270 [WARN] ModelIntegratedComponent:63 - No mode defined for component null
2026-02-17 23:44:20,270 [WARN] ModelPack:524 - Component already loaded: STMicroelectronics:HAL Drivers:0.0.0:STMicroelectronics:Device:STMicro_Driver:XSPI:HAL::0.0.1:HAL_XSPI
2026-02-17 23:44:20,582 [INFO] ThirdPartyModel:298 - Start build external matchings
2026-02-17 23:44:21,666 [INFO] ThirdPartyModel:316 - End build external matchings
2026-02-17 23:44:21,693 [INFO] RtosManager:1018 - Current active RTOS is FREERTOS [Cortex-M4NS]
2026-02-17 23:44:21,705 [INFO] ImportTextPane:234 - (OptionalMessage_ERROR) IP (RCC) : Invalid parameter (FamilyName)
2026-02-17 23:44:21,706 [INFO] ImportTextPane:234 - (OptionalMessage_ERROR) IP (RCC) : Invalid parameter (PLLM)
2026-02-17 23:44:21,706 [INFO] ImportTextPane:234 - (OptionalMessage_ERROR) IP (RCC) : Invalid parameter (PLLN)
2026-02-17 23:44:21,706 [INFO] ImportTextPane:234 - (OptionalMessage_ERROR) IP (RCC) : Invalid parameter (PLLP)
2026-02-17 23:44:21,706 [INFO] ImportTextPane:234 - (OptionalMessage_ERROR) IP (RCC) : Invalid parameter (PLLQ)
2026-02-17 23:44:21,707 [INFO] ImportTextPane:234 - (OptionalMessage_ERROR) IP (RCC) : Invalid parameter (TIM2Freq_Value)
2026-02-17 23:44:21,707 [INFO] ImportTextPane:234 - (OptionalMessage_ERROR) IP (RCC) : Parameter (USBFreq_Value) has invalid value (72000000)
2026-02-17 23:44:22,016 [INFO] UtilMem:75 - End LoadConfig() Used Memory: 833873888 Bytes (1073741824)
2026-02-17 23:44:22,224 [WARN] ThirdParty:833 - waiting for thirdparty lock release [change project]
2026-02-17 23:44:22,224 [INFO] ThirdParty:835 - entering critical section [change project]
2026-02-17 23:44:22,224 [INFO] ThirdParty:1030 - CMSIS Pack Vendor :STMicroelectronics X-CUBE-PM33A1 1.0.0
2026-02-17 23:44:22,224 [INFO] ThirdParty:1030 - CMSIS Pack Vendor :STMicroelectronics USBPD 4.1
2026-02-17 23:44:22,224 [INFO] ThirdParty:1030 - CMSIS Pack Vendor :STMicroelectronics X-CUBE-NFC9 1.0.0
2026-02-17 23:44:22,224 [INFO] ThirdParty:1030 - CMSIS Pack Vendor :STMicroelectronics USB_HOST 2.0.0
2026-02-17 23:44:22,224 [INFO] ThirdParty:1030 - CMSIS Pack Vendor :STMicroelectronics FP-SNS-MOTENVWB1 1.4.0
2026-02-17 23:44:22,224 [INFO] ThirdParty:1030 - CMSIS Pack Vendor :STMicroelectronics X-CUBE-AZRTOS-F4 1.1.0
2026-02-17 23:44:22,224 [INFO] ThirdParty:1030 - CMSIS Pack Vendor :STMicroelectronics LIBJPEG 8.0.0
2026-02-17 23:44:22,224 [INFO] ThirdParty:1030 - CMSIS Pack Vendor :STMicroelectronics FP-ATR-ASTRA1 2.0.2
2026-02-17 23:44:22,225 [INFO] ThirdParty:1030 - CMSIS Pack Vendor :wolfSSL I-CUBE-wolfSSL 5.8.2
2026-02-17 23:44:22,225 [INFO] ThirdParty:1030 - CMSIS Pack Vendor :STMicroelectronics X-CUBE-BLE1 7.1.0
2026-02-17 23:44:22,225 [INFO] ThirdParty:1030 - CMSIS Pack Vendor :STMicroelectronics X-CUBE-SMBUS 2.1.0
2026-02-17 23:44:22,226 [INFO] ThirdParty:1030 - CMSIS Pack Vendor :wolfSSL I-CUBE-wolfMQTT 1.19.2
2026-02-17 23:44:22,226 [INFO] ThirdParty:1030 - CMSIS Pack Vendor :STMicroelectronics USB_DEVICE 3.0.0
2026-02-17 23:44:22,227 [INFO] ThirdParty:1030 - CMSIS Pack Vendor :STMicroelectronics X-CUBE-ISPU 2.1.0
2026-02-17 23:44:22,227 [INFO] ThirdParty:1030 - CMSIS Pack Vendor :STMicroelectronics X-CUBE-FREERTOS 1.4.0
2026-02-17 23:44:22,227 [INFO] ThirdParty:1030 - CMSIS Pack Vendor :STMicroelectronics X-CUBE-EEPRMA1 5.2.0
2026-02-17 23:44:22,228 [INFO] ThirdParty:1030 - CMSIS Pack Vendor :STMicroelectronics X-CUBE-IPS 3.2.0
2026-02-17 23:44:22,228 [INFO] ThirdParty:1030 - CMSIS Pack Vendor :STMicroelectronics X-CUBE-BLEMGR 4.1.0
2026-02-17 23:44:22,228 [INFO] ThirdParty:1030 - CMSIS Pack Vendor :STMicroelectronics X-CUBE-AZRTOS-WB 2.0.0
2026-02-17 23:44:22,228 [INFO] ThirdParty:1030 - CMSIS Pack Vendor :STMicroelectronics X-CUBE-ST60 1.0.0
2026-02-17 23:44:22,228 [INFO] ThirdParty:1030 - CMSIS Pack Vendor :STMicroelectronics X-CUBE-GNSS1 7.0.1
2026-02-17 23:44:22,228 [INFO] ThirdParty:1030 - CMSIS Pack Vendor :STMicroelectronics X-CUBE-NFC12 1.0.0
2026-02-17 23:44:22,228 [INFO] ThirdParty:1030 - CMSIS Pack Vendor :STMicroelectronics X-CUBE-AZRTOS-F7 1.1.0
2026-02-17 23:44:22,228 [INFO] ThirdParty:1030 - CMSIS Pack Vendor :STMicroelectronics X-CUBE-AZRTOS-L5 2.0.0
2026-02-17 23:44:22,228 [INFO] ThirdParty:1030 - CMSIS Pack Vendor :STMicroelectronics X-CUBE-TOUCHGFX 4.25.0
2026-02-17 23:44:22,228 [INFO] ThirdParty:1030 - CMSIS Pack Vendor :STMicroelectronics USB_DEVICE 2.0.0
2026-02-17 23:44:22,228 [INFO] ThirdParty:1030 - CMSIS Pack Vendor :STMicroelectronics X-CUBE-NFC6 3.1.0
2026-02-17 23:44:22,228 [INFO] ThirdParty:1030 - CMSIS Pack Vendor :Cesanta I-CUBE-Mongoose 7.19.0
2026-02-17 23:44:22,228 [INFO] ThirdParty:1030 - CMSIS Pack Vendor :quantropi X-CUBE-qispace-sdk-base 2.1.0
2026-02-17 23:44:22,228 [INFO] ThirdParty:1030 - CMSIS Pack Vendor :STMicroelectronics X-CUBE-MEMS1 12.0.0
2026-02-17 23:44:22,228 [INFO] ThirdParty:1030 - CMSIS Pack Vendor :STMicroelectronics X-CUBE-STSE01 2.0.0
2026-02-17 23:44:22,228 [INFO] ThirdParty:1030 - CMSIS Pack Vendor :STMicroelectronics FP-SNS-MOTENV1 5.1.0
2026-02-17 23:44:22,228 [INFO] ThirdParty:1030 - CMSIS Pack Vendor :STMicroelectronics FreeRTOS 0.0.1
2026-02-17 23:44:22,228 [INFO] ThirdParty:1030 - CMSIS Pack Vendor :STMicroelectronics X-CUBE-AZRTOS-G0 1.1.0
2026-02-17 23:44:22,228 [INFO] ThirdParty:1030 - CMSIS Pack Vendor :STMicroelectronics X-CUBE-SAFEA1 1.2.2
2026-02-17 23:44:22,228 [INFO] ThirdParty:1030 - CMSIS Pack Vendor :STMicroelectronics X-CUBE-NFC4 3.0.0
2026-02-17 23:44:22,228 [INFO] ThirdParty:1030 - CMSIS Pack Vendor :STMicroelectronics X-CUBE-SUBG2 5.0.0
2026-02-17 23:44:22,228 [INFO] ThirdParty:1030 - CMSIS Pack Vendor :STMicroelectronics X-CUBE-AZRTOS-H7RS 1.1.0
2026-02-17 23:44:22,228 [INFO] ThirdParty:1030 - CMSIS Pack Vendor :STMicroelectronics STM32_WPAN 1.0.0
2026-02-17 23:44:22,228 [INFO] ThirdParty:1030 - CMSIS Pack Vendor :EmbeddedOffice I-CUBE-FS-RTOS 1.0.1
2026-02-17 23:44:22,229 [INFO] ThirdParty:1030 - CMSIS Pack Vendor :STMicroelectronics lwIP 2.0.3
2026-02-17 23:44:22,229 [INFO] ThirdParty:1030 - CMSIS Pack Vendor :WES I-CUBE-Cesium 1.4.0
2026-02-17 23:44:22,229 [INFO] ThirdParty:1030 - CMSIS Pack Vendor :STMicroelectronics USB_HOST 1.0.0
2026-02-17 23:44:22,229 [INFO] ThirdParty:1030 - CMSIS Pack Vendor :Infineon AIROC-Wi-Fi-Bluetooth-STM32 1.7.1
2026-02-17 23:44:22,229 [INFO] ThirdParty:1030 - CMSIS Pack Vendor :STMicroelectronics X-CUBE-AZRTOS-G4 2.0.0
2026-02-17 23:44:22,229 [INFO] ThirdParty:1030 - CMSIS Pack Vendor :STMicroelectronics X-CUBE-WB05N 2.0.0
2026-02-17 23:44:22,229 [INFO] ThirdParty:1030 - CMSIS Pack Vendor :STMicroelectronics PDM2PCM 3.1.0
2026-02-17 23:44:22,229 [INFO] ThirdParty:1030 - CMSIS Pack Vendor :STMicroelectronics PDM2PCM 3.3.0
2026-02-17 23:44:22,229 [INFO] ThirdParty:1030 - CMSIS Pack Vendor :wolfSSL I-CUBE-wolfTPM 3.8.0
2026-02-17 23:44:22,229 [INFO] ThirdParty:1030 - CMSIS Pack Vendor :STMicroelectronics X-CUBE-AZRTOS-H7 3.4.0
2026-02-17 23:44:22,229 [INFO] ThirdParty:1030 - CMSIS Pack Vendor :STMicroelectronics X-CUBE-DISPLAY 3.0.0
2026-02-17 23:44:22,229 [INFO] ThirdParty:1030 - CMSIS Pack Vendor :wolfSSL I-CUBE-wolfSSH 1.4.20
2026-02-17 23:44:22,229 [INFO] ThirdParty:1030 - CMSIS Pack Vendor :STMicroelectronics X-CUBE-NFC7 2.0.0
2026-02-17 23:44:22,229 [INFO] ThirdParty:1030 - CMSIS Pack Vendor :STMicroelectronics X-CUBE-TCPP 4.2.0
2026-02-17 23:44:22,229 [INFO] ThirdParty:1030 - CMSIS Pack Vendor :RealThread X-CUBE-RT-Thread_Nano 4.1.1
2026-02-17 23:44:22,229 [INFO] ThirdParty:1030 - CMSIS Pack Vendor :STMicroelectronics FP-ATR-SIGFOX1 3.2.0
2026-02-17 23:44:22,229 [INFO] ThirdParty:1030 - CMSIS Pack Vendor :STMicroelectronics X-CUBE-NFC10 1.0.0
2026-02-17 23:44:22,229 [INFO] ThirdParty:1030 - CMSIS Pack Vendor :STMicroelectronics X-CUBE-FREERTOS 1.3.1
2026-02-17 23:44:22,229 [INFO] ThirdParty:1030 - CMSIS Pack Vendor :STMicroelectronics HAL Drivers 0.0.0
2026-02-17 23:44:22,229 [INFO] ThirdParty:1030 - CMSIS Pack Vendor :STMicroelectronics MBEDTLS 2.16.2
2026-02-17 23:44:22,229 [INFO] ThirdParty:1030 - CMSIS Pack Vendor :STMicroelectronics X-CUBE-ST60 1.1.0
2026-02-17 23:44:22,229 [INFO] ThirdParty:1030 - CMSIS Pack Vendor :STMicroelectronics X-CUBE-IPS 3.1.0
2026-02-17 23:44:22,230 [INFO] ThirdParty:1030 - CMSIS Pack Vendor :STMicroelectronics X-CUBE-ALS 1.0.2
2026-02-17 23:44:22,230 [INFO] ThirdParty:1030 - CMSIS Pack Vendor :emotas I-CUBE-CANOPEN 1.3.0
2026-02-17 23:44:22,230 [INFO] ThirdParty:1030 - CMSIS Pack Vendor :STMicroelectronics MBEDTLS 2.14.1
2026-02-17 23:44:22,230 [INFO] ThirdParty:1030 - CMSIS Pack Vendor :STMicroelectronics X-CUBE-GNSS1 7.1.0
2026-02-17 23:44:22,230 [INFO] ThirdParty:1030 - CMSIS Pack Vendor :ITTIA_DB I-CUBE-ITTIADB 8.9.0
2026-02-17 23:44:22,230 [INFO] ThirdParty:1030 - CMSIS Pack Vendor :STMicroelectronics X-CUBE-TOUCHGFX 4.26.0
2026-02-17 23:44:22,230 [INFO] ThirdParty:1030 - CMSIS Pack Vendor :STMicroelectronics X-CUBE-STSE01 1.0.0
2026-02-17 23:44:22,230 [INFO] ThirdParty:1030 - CMSIS Pack Vendor :STMicroelectronics X-CUBE-NFC6 3.2.0
2026-02-17 23:44:22,230 [INFO] ThirdParty:1030 - CMSIS Pack Vendor :STMicroelectronics X-CUBE-ST67W61 1.0.0
2026-02-17 23:44:22,230 [INFO] ThirdParty:1030 - CMSIS Pack Vendor :STMicroelectronics FP-SNS-STBOX1 2.1.0
2026-02-17 23:44:22,230 [INFO] ThirdParty:1030 - CMSIS Pack Vendor :STMicroelectronics X-CUBE-AI 10.2.0
2026-02-17 23:44:22,230 [INFO] ThirdParty:1030 - CMSIS Pack Vendor :STMicroelectronics FP-SNS-STAIOTCFT 1.0.0
2026-02-17 23:44:22,230 [INFO] ThirdParty:1030 - CMSIS Pack Vendor :STMicroelectronics ThreadX 1.0.0
2026-02-17 23:44:22,230 [INFO] ThirdParty:1030 - CMSIS Pack Vendor :STMicroelectronics FP-SNS-SMARTAG2 1.2.0
2026-02-17 23:44:22,230 [INFO] ThirdParty:1030 - CMSIS Pack Vendor :STMicroelectronics FP-SNS-FLIGHT1 5.1.0
2026-02-17 23:44:22,230 [INFO] ThirdParty:1030 - CMSIS Pack Vendor :STMicroelectronics X-CUBE-AZRTOS-WL 2.0.0
2026-02-17 23:44:22,230 [INFO] ThirdParty:1030 - CMSIS Pack Vendor :SEGGER I-CUBE-embOS 1.3.1
2026-02-17 23:44:22,230 [INFO] ThirdParty:1030 - CMSIS Pack Vendor :STMicroelectronics X-CUBE-ALGOBUILD 1.4.0
2026-02-17 23:44:22,230 [INFO] ThirdParty:1030 - CMSIS Pack Vendor :STMicroelectronics X-CUBE-DPower 1.3.0
2026-02-17 23:44:22,230 [INFO] ThirdParty:1030 - CMSIS Pack Vendor :STMicroelectronics X-CUBE-MEMS1 11.3.0
2026-02-17 23:44:22,230 [INFO] ThirdParty:1030 - CMSIS Pack Vendor :STMicroelectronics FP-SNS-MOTENV1 5.0.0
2026-02-17 23:44:22,230 [INFO] ThirdParty:1030 - CMSIS Pack Vendor :STMicroelectronics USB_DEVICE 1.0.0
2026-02-17 23:44:22,230 [INFO] ThirdParty:1030 - CMSIS Pack Vendor :STMicroelectronics X-CUBE-AZRTOS-H7RS 1.2.0
2026-02-17 23:44:22,230 [INFO] ThirdParty:1030 - CMSIS Pack Vendor :STMicroelectronics X-CUBE-AZRTOS-L4 2.0.0
2026-02-17 23:44:22,230 [INFO] ThirdParty:1030 - CMSIS Pack Vendor :STMicroelectronics ThreadX 0.0.2
2026-02-17 23:44:22,230 [INFO] ThirdParty:1030 - CMSIS Pack Vendor :STMicroelectronics lwIP 2.1.2
2026-02-17 23:44:22,230 [INFO] ThirdParty:1030 - CMSIS Pack Vendor :STMicroelectronics X-CUBE-SFXS2LP1 4.0.0
2026-02-17 23:44:22,230 [INFO] ThirdParty:1030 - CMSIS Pack Vendor :STMicroelectronics X-CUBE-BLE2 3.3.0
2026-02-17 23:44:22,231 [INFO] ThirdParty:1030 - CMSIS Pack Vendor :Avnet-IOTCONNECT X-CUBE-iotc-st67-sdk 1.0.0
2026-02-17 23:44:22,231 [INFO] ThirdParty:1030 - CMSIS Pack Vendor :STMicroelectronics X-CUBE-TOF1 3.4.3
2026-02-17 23:44:22,231 [INFO] ThirdParty:1030 - CMSIS Pack Vendor :STMicroelectronics PDM2PCM 3.2.0
2026-02-17 23:44:22,231 [INFO] ThirdParty:1030 - CMSIS Pack Vendor :STMicroelectronics X-CUBE-ST67W61 1.2.0
2026-02-17 23:44:22,231 [INFO] ThirdParty:841 - exiting critical section [change project]
2026-02-17 23:44:22,500 [INFO] PinOutPanel:1589 - setPackage(No Configuration,No Configuration)
2026-02-17 23:44:22,501 [INFO] PinOutPanel:1589 - setPackage(STM32F302R8Tx,LQFP64)
2026-02-17 23:44:23,732 [INFO] UtilMem:75 - Before build in PCC Used Memory: 890980640 Bytes (1073741824)
2026-02-17 23:44:24,283 [INFO] UtilMem:75 - After build in PCC Used Memory: 938688800 Bytes (1073741824)
2026-02-17 23:44:24,296 [INFO] ApiDbMcu:532 - Load IP Config File for FREERTOS
2026-02-17 23:44:24,322 [INFO] IPUIPlugin:80 - create IPUIPlugin
2026-02-17 23:44:24,322 [INFO] IPUIPlugin:80 - create IPUIPlugin
2026-02-17 23:44:24,322 [INFO] IPUIPlugin:80 - create IPUIPlugin
2026-02-17 23:44:24,322 [INFO] IPUIPlugin:80 - create IPUIPlugin
2026-02-17 23:44:24,322 [INFO] IPUIPlugin:80 - create IPUIPlugin
2026-02-17 23:44:24,323 [INFO] IPUIPlugin:80 - create IPUIPlugin
2026-02-17 23:44:24,323 [INFO] IPUIPlugin:80 - create IPUIPlugin
2026-02-17 23:44:24,323 [INFO] IPUIPlugin:80 - create IPUIPlugin
2026-02-17 23:44:24,323 [INFO] IPUIPlugin:80 - create IPUIPlugin
2026-02-17 23:44:24,323 [INFO] IPUIPlugin:80 - create IPUIPlugin
2026-02-17 23:44:24,323 [INFO] IPUIPlugin:80 - create IPUIPlugin
2026-02-17 23:44:24,323 [INFO] IPUIPlugin:80 - create IPUIPlugin
2026-02-17 23:44:24,323 [INFO] IPUIPlugin:80 - create IPUIPlugin
2026-02-17 23:44:24,323 [INFO] IPUIPlugin:80 - create IPUIPlugin
2026-02-17 23:44:24,324 [INFO] IPUIPlugin:80 - create IPUIPlugin
2026-02-17 23:44:24,324 [INFO] IPUIPlugin:80 - create IPUIPlugin
2026-02-17 23:44:24,324 [INFO] IPUIPlugin:80 - create IPUIPlugin
2026-02-17 23:44:24,324 [INFO] IPUIPlugin:80 - create IPUIPlugin
2026-02-17 23:44:24,324 [INFO] IPUIPlugin:80 - create IPUIPlugin
2026-02-17 23:44:24,324 [INFO] IPUIPlugin:80 - create IPUIPlugin
2026-02-17 23:44:24,325 [INFO] IPUIPlugin:80 - create IPUIPlugin
2026-02-17 23:44:24,325 [INFO] IPUIPlugin:80 - create IPUIPlugin
2026-02-17 23:44:24,326 [INFO] IPUIPlugin:80 - create IPUIPlugin
2026-02-17 23:44:24,326 [INFO] IPUIPlugin:80 - create IPUIPlugin
2026-02-17 23:44:24,327 [INFO] IPUIPlugin:80 - create IPUIPlugin
2026-02-17 23:44:24,327 [INFO] IPUIPlugin:80 - create IPUIPlugin
2026-02-17 23:44:24,328 [INFO] IPUIPlugin:80 - create IPUIPlugin
2026-02-17 23:44:24,328 [INFO] IPUIPlugin:80 - create IPUIPlugin
2026-02-17 23:44:24,329 [INFO] IPUIPlugin:80 - create IPUIPlugin
2026-02-17 23:44:24,329 [INFO] IPUIPlugin:80 - create IPUIPlugin
2026-02-17 23:44:24,330 [INFO] IPUIPlugin:80 - create IPUIPlugin
2026-02-17 23:44:24,330 [INFO] IPUIPlugin:80 - create IPUIPlugin
2026-02-17 23:44:24,330 [INFO] IPUIPlugin:80 - create IPUIPlugin
2026-02-17 23:44:24,331 [INFO] IPUIPlugin:80 - create IPUIPlugin
2026-02-17 23:44:24,331 [INFO] IPUIPlugin:80 - create IPUIPlugin
2026-02-17 23:44:24,331 [INFO] IPUIPlugin:80 - create IPUIPlugin
2026-02-17 23:44:24,331 [INFO] IPUIPlugin:80 - create IPUIPlugin
2026-02-17 23:44:24,332 [INFO] IPUIPlugin:80 - create IPUIPlugin
2026-02-17 23:44:24,332 [INFO] IPUIPlugin:80 - create IPUIPlugin
2026-02-17 23:44:24,337 [INFO] Can:71 - Can Add PropertyChangeListener com.st.microxplorer.plugins.ip.can.Can@71048d5b
2026-02-17 23:44:24,349 [WARN] FreeRTOS:1023 - Null or empty value: should not occur! (nothing added to the table)
2026-02-17 23:44:24,418 [INFO] CADModel:165 - CPN selected for project levelSTM32F302R8T6
2026-02-17 23:44:24,418 [INFO] CADModel:114 - Register for checkConnection events
2026-02-17 23:44:24,421 [INFO] RtosManager:728 - Active RTOS found at IOC load: FREERTOS [Cortex-M4NS]
2026-02-17 23:44:24,484 [INFO] OpenFileManager:386 - Restore cursor
2026-02-17 23:45:57,963 [INFO] WebApp:194 - Connection lost
2026-02-17 23:46:00,218 [INFO] WebApp:191 - Connection restablished
2026-02-17 23:46:04,073 [INFO] WebApp:194 - Connection lost
2026-02-17 23:46:04,196 [INFO] WebApp:191 - Connection restablished
2026-02-17 23:46:13,019 [INFO] WebApp:194 - Connection lost
2026-02-17 23:46:13,167 [INFO] WebApp:191 - Connection restablished
