2026-02-16 11:10:08,698 [INFO] WebApp:194 - Connection lost
2026-02-16 11:10:13,920 [INFO] WebApp:191 - Connection restablished
2026-02-16 13:19:17,120 [INFO] WebApp:194 - Connection lost
2026-02-16 13:19:17,374 [INFO] WebApp:191 - Connection restablished
2026-02-16 13:21:27,106 [INFO] UtilMem:75 - End SaveConfig() Used Memory: 727916336 Bytes (1073741824)
2026-02-16 13:32:57,348 [ERROR] RtosPanel:558 - Can not restore the selected Tab for FREERTOS(A reason can be that the tab is no more available.)
2026-02-16 13:33:00,739 [ERROR] RtosPanel:558 - Can not restore the selected Tab for FREERTOS(A reason can be that the tab is no more available.)
2026-02-16 13:33:12,452 [ERROR] RtosPanel:558 - Can not restore the selected Tab for FREERTOS(A reason can be that the tab is no more available.)
2026-02-16 13:33:25,202 [WARN] IP:2250 - I2C_Coeff_DF not found: check if there is a RefParameter without a condition.
2026-02-16 13:33:25,202 [WARN] IP:2250 - Analog_Filter not found: check if there is a RefParameter without a condition.
2026-02-16 13:33:25,203 [WARN] IP:2250 - I2C_Coeff_DF not found: check if there is a RefParameter without a condition.
2026-02-16 13:33:25,203 [WARN] IP:2250 - Analog_Filter not found: check if there is a RefParameter without a condition.
2026-02-16 13:33:25,319 [WARN] IP:2250 - I2C_Coeff_DF not found: check if there is a RefParameter without a condition.
2026-02-16 13:33:25,319 [WARN] IP:2250 - Analog_Filter not found: check if there is a RefParameter without a condition.
2026-02-16 13:33:26,387 [WARN] IP:2250 - I2C_Coeff_DF not found: check if there is a RefParameter without a condition.
2026-02-16 13:33:26,387 [WARN] IP:2250 - Analog_Filter not found: check if there is a RefParameter without a condition.
2026-02-16 13:34:48,763 [INFO] UtilMem:75 - End SaveConfig() Used Memory: 1009439200 Bytes (1073741824)
2026-02-16 13:34:49,779 [INFO] UtilMem:75 - End SaveConfig() Used Memory: 707106816 Bytes (1073741824)
2026-02-16 13:34:54,874 [INFO] UtilMem:75 - End SaveConfig() Used Memory: 800956416 Bytes (1073741824)
2026-02-16 13:34:56,774 [INFO] BlockDiagram:2775 - set Specific Code input for plugin: FREERTOS
2026-02-16 13:34:56,774 [INFO] BlockDiagram:2775 - set Specific Code input for plugin: TIM1_8
2026-02-16 13:34:56,775 [INFO] BlockDiagram:2775 - set Specific Code input for plugin: CAN
2026-02-16 13:34:56,775 [INFO] BlockDiagram:2775 - set Specific Code input for plugin: SYS
2026-02-16 13:34:56,775 [INFO] BlockDiagram:2775 - set Specific Code input for plugin: ADC
2026-02-16 13:34:56,776 [INFO] BlockDiagram:2775 - set Specific Code input for plugin: RCC
2026-02-16 13:34:56,776 [INFO] BlockDiagram:2775 - set Specific Code input for plugin: I2C
2026-02-16 13:34:56,776 [INFO] BlockDiagram:2775 - set Specific Code input for plugin: NVIC
2026-02-16 13:34:56,776 [INFO] BlockDiagram:2775 - set Specific Code input for plugin: USART
2026-02-16 13:34:56,777 [INFO] BlockDiagram:2775 - set Specific Code input for plugin: GPIO
2026-02-16 13:34:56,778 [INFO] CodeGenerator:892 - code generatio: config db path: C:\ST\STM32CubeIDE_1.19.0\STM32CubeIDE\plugins\com.st.stm32cube.common.mx_6.15.0.202507011659\\db\
2026-02-16 13:34:56,793 [WARN] IP:2250 - I2C_Coeff_DF not found: check if there is a RefParameter without a condition.
2026-02-16 13:34:56,793 [WARN] IP:2250 - Analog_Filter not found: check if there is a RefParameter without a condition.
2026-02-16 13:34:56,914 [INFO] CodeEngine:265 - oldGeneratedFile, C:\Users\adity\STM32CubeIDE\workspace_1.19.0\DashBoard\GatewayECU-FreeRtos\MXTmpFiles\license.tmp_save
2026-02-16 13:34:57,221 [INFO] CodeEngine:289 - Generated code: C:\Users\adity\STM32CubeIDE\workspace_1.19.0\DashBoard\GatewayECU-FreeRtos\MXTmpFiles\license.tmp
2026-02-16 13:34:57,259 [INFO] CodeEngine:265 - oldGeneratedFile, C:\Users\adity\STM32CubeIDE\workspace_1.19.0\DashBoard\GatewayECU-FreeRtos\MXTmpFiles\gpio.tmp_save
2026-02-16 13:34:57,423 [INFO] CodeEngine:289 - Generated code: C:\Users\adity\STM32CubeIDE\workspace_1.19.0\DashBoard\GatewayECU-FreeRtos\MXTmpFiles\gpio.tmp
2026-02-16 13:34:57,825 [INFO] Middleware:1452 - No code input for Bsp Dependency
2026-02-16 13:34:57,833 [INFO] CodeEngine:265 - oldGeneratedFile, C:\Users\adity\STM32CubeIDE\workspace_1.19.0\DashBoard\GatewayECU-FreeRtos\MXTmpFiles\rtos_inc.tmp_save
2026-02-16 13:34:57,987 [INFO] CodeEngine:289 - Generated code: C:\Users\adity\STM32CubeIDE\workspace_1.19.0\DashBoard\GatewayECU-FreeRtos\MXTmpFiles\rtos_inc.tmp
2026-02-16 13:34:57,995 [INFO] CodeEngine:265 - oldGeneratedFile, C:\Users\adity\STM32CubeIDE\workspace_1.19.0\DashBoard\GatewayECU-FreeRtos\MXTmpFiles\rtos_kernelInit.tmp_save
2026-02-16 13:34:58,097 [INFO] CodeEngine:289 - Generated code: C:\Users\adity\STM32CubeIDE\workspace_1.19.0\DashBoard\GatewayECU-FreeRtos\MXTmpFiles\rtos_kernelInit.tmp
2026-02-16 13:34:58,103 [INFO] CodeEngine:265 - oldGeneratedFile, C:\Users\adity\STM32CubeIDE\workspace_1.19.0\DashBoard\GatewayECU-FreeRtos\MXTmpFiles\rtos_kernelStart.tmp_save
2026-02-16 13:34:58,202 [INFO] CodeEngine:289 - Generated code: C:\Users\adity\STM32CubeIDE\workspace_1.19.0\DashBoard\GatewayECU-FreeRtos\MXTmpFiles\rtos_kernelStart.tmp
2026-02-16 13:34:58,209 [INFO] CodeEngine:265 - oldGeneratedFile, C:\Users\adity\STM32CubeIDE\workspace_1.19.0\DashBoard\GatewayECU-FreeRtos\MXTmpFiles\rtos_typedefs.tmp_save
2026-02-16 13:34:58,298 [INFO] CodeEngine:289 - Generated code: C:\Users\adity\STM32CubeIDE\workspace_1.19.0\DashBoard\GatewayECU-FreeRtos\MXTmpFiles\rtos_typedefs.tmp
2026-02-16 13:34:58,305 [INFO] CodeEngine:265 - oldGeneratedFile, C:\Users\adity\STM32CubeIDE\workspace_1.19.0\DashBoard\GatewayECU-FreeRtos\MXTmpFiles\rtos_vars.tmp_save
2026-02-16 13:34:58,417 [INFO] CodeEngine:289 - Generated code: C:\Users\adity\STM32CubeIDE\workspace_1.19.0\DashBoard\GatewayECU-FreeRtos\MXTmpFiles\rtos_vars.tmp
2026-02-16 13:34:58,424 [INFO] CodeEngine:265 - oldGeneratedFile, C:\Users\adity\STM32CubeIDE\workspace_1.19.0\DashBoard\GatewayECU-FreeRtos\MXTmpFiles\rtos_pfp.tmp_save
2026-02-16 13:34:58,521 [INFO] CodeEngine:289 - Generated code: C:\Users\adity\STM32CubeIDE\workspace_1.19.0\DashBoard\GatewayECU-FreeRtos\MXTmpFiles\rtos_pfp.tmp
2026-02-16 13:34:58,526 [INFO] CodeEngine:265 - oldGeneratedFile, C:\Users\adity\STM32CubeIDE\workspace_1.19.0\DashBoard\GatewayECU-FreeRtos\MXTmpFiles\rtos_obj_creat.tmp_save
2026-02-16 13:34:58,606 [INFO] CodeEngine:289 - Generated code: C:\Users\adity\STM32CubeIDE\workspace_1.19.0\DashBoard\GatewayECU-FreeRtos\MXTmpFiles\rtos_obj_creat.tmp
2026-02-16 13:34:58,611 [INFO] CodeEngine:265 - oldGeneratedFile, C:\Users\adity\STM32CubeIDE\workspace_1.19.0\DashBoard\GatewayECU-FreeRtos\MXTmpFiles\rtos_default_thread.tmp_save
2026-02-16 13:34:58,682 [INFO] CodeEngine:289 - Generated code: C:\Users\adity\STM32CubeIDE\workspace_1.19.0\DashBoard\GatewayECU-FreeRtos\MXTmpFiles\rtos_default_thread.tmp
2026-02-16 13:34:58,689 [INFO] CodeEngine:265 - oldGeneratedFile, C:\Users\adity\STM32CubeIDE\workspace_1.19.0\DashBoard\GatewayECU-FreeRtos\MXTmpFiles\rtos_threads.tmp_save
2026-02-16 13:34:58,757 [INFO] CodeEngine:289 - Generated code: C:\Users\adity\STM32CubeIDE\workspace_1.19.0\DashBoard\GatewayECU-FreeRtos\MXTmpFiles\rtos_threads.tmp
2026-02-16 13:34:58,779 [INFO] Middleware:1452 - No code input for Bsp Dependency
2026-02-16 13:34:58,790 [INFO] CodeEngine:265 - oldGeneratedFile, C:\Users\adity\STM32CubeIDE\workspace_1.19.0\DashBoard\GatewayECU-FreeRtos\MXTmpFiles\rtos_inc.tmp_save
2026-02-16 13:34:58,868 [INFO] CodeEngine:289 - Generated code: C:\Users\adity\STM32CubeIDE\workspace_1.19.0\DashBoard\GatewayECU-FreeRtos\MXTmpFiles\rtos_inc.tmp
2026-02-16 13:34:58,878 [INFO] CodeEngine:265 - oldGeneratedFile, C:\Users\adity\STM32CubeIDE\workspace_1.19.0\DashBoard\GatewayECU-FreeRtos\MXTmpFiles\rtos_kernelInit.tmp_save
2026-02-16 13:34:58,944 [INFO] CodeEngine:289 - Generated code: C:\Users\adity\STM32CubeIDE\workspace_1.19.0\DashBoard\GatewayECU-FreeRtos\MXTmpFiles\rtos_kernelInit.tmp
2026-02-16 13:34:58,957 [INFO] CodeEngine:265 - oldGeneratedFile, C:\Users\adity\STM32CubeIDE\workspace_1.19.0\DashBoard\GatewayECU-FreeRtos\MXTmpFiles\rtos_kernelStart.tmp_save
2026-02-16 13:34:59,025 [INFO] CodeEngine:289 - Generated code: C:\Users\adity\STM32CubeIDE\workspace_1.19.0\DashBoard\GatewayECU-FreeRtos\MXTmpFiles\rtos_kernelStart.tmp
2026-02-16 13:34:59,032 [INFO] CodeEngine:265 - oldGeneratedFile, C:\Users\adity\STM32CubeIDE\workspace_1.19.0\DashBoard\GatewayECU-FreeRtos\MXTmpFiles\rtos_typedefs.tmp_save
2026-02-16 13:34:59,097 [INFO] CodeEngine:289 - Generated code: C:\Users\adity\STM32CubeIDE\workspace_1.19.0\DashBoard\GatewayECU-FreeRtos\MXTmpFiles\rtos_typedefs.tmp
2026-02-16 13:34:59,105 [INFO] CodeEngine:265 - oldGeneratedFile, C:\Users\adity\STM32CubeIDE\workspace_1.19.0\DashBoard\GatewayECU-FreeRtos\MXTmpFiles\rtos_vars.tmp_save
2026-02-16 13:34:59,169 [INFO] CodeEngine:289 - Generated code: C:\Users\adity\STM32CubeIDE\workspace_1.19.0\DashBoard\GatewayECU-FreeRtos\MXTmpFiles\rtos_vars.tmp
2026-02-16 13:34:59,178 [INFO] CodeEngine:265 - oldGeneratedFile, C:\Users\adity\STM32CubeIDE\workspace_1.19.0\DashBoard\GatewayECU-FreeRtos\MXTmpFiles\rtos_pfp.tmp_save
2026-02-16 13:34:59,243 [INFO] CodeEngine:289 - Generated code: C:\Users\adity\STM32CubeIDE\workspace_1.19.0\DashBoard\GatewayECU-FreeRtos\MXTmpFiles\rtos_pfp.tmp
2026-02-16 13:34:59,249 [INFO] CodeEngine:265 - oldGeneratedFile, C:\Users\adity\STM32CubeIDE\workspace_1.19.0\DashBoard\GatewayECU-FreeRtos\MXTmpFiles\rtos_obj_creat.tmp_save
2026-02-16 13:34:59,317 [INFO] CodeEngine:289 - Generated code: C:\Users\adity\STM32CubeIDE\workspace_1.19.0\DashBoard\GatewayECU-FreeRtos\MXTmpFiles\rtos_obj_creat.tmp
2026-02-16 13:34:59,325 [INFO] CodeEngine:265 - oldGeneratedFile, C:\Users\adity\STM32CubeIDE\workspace_1.19.0\DashBoard\GatewayECU-FreeRtos\MXTmpFiles\rtos_default_thread.tmp_save
2026-02-16 13:34:59,399 [INFO] CodeEngine:289 - Generated code: C:\Users\adity\STM32CubeIDE\workspace_1.19.0\DashBoard\GatewayECU-FreeRtos\MXTmpFiles\rtos_default_thread.tmp
2026-02-16 13:34:59,408 [INFO] CodeEngine:265 - oldGeneratedFile, C:\Users\adity\STM32CubeIDE\workspace_1.19.0\DashBoard\GatewayECU-FreeRtos\MXTmpFiles\rtos_threads.tmp_save
2026-02-16 13:34:59,468 [INFO] CodeEngine:289 - Generated code: C:\Users\adity\STM32CubeIDE\workspace_1.19.0\DashBoard\GatewayECU-FreeRtos\MXTmpFiles\rtos_threads.tmp
2026-02-16 13:34:59,477 [INFO] CodeEngine:265 - oldGeneratedFile, C:\Users\adity\STM32CubeIDE\workspace_1.19.0\DashBoard\GatewayECU-FreeRtos\Core\Inc\FreeRTOSConfig.h_save
2026-02-16 13:34:59,582 [INFO] CodeEngine:289 - Generated code: C:\Users\adity\STM32CubeIDE\workspace_1.19.0\DashBoard\GatewayECU-FreeRtos\Core\Inc\FreeRTOSConfig.h
2026-02-16 13:34:59,590 [INFO] CodeEngine:265 - oldGeneratedFile, C:\Users\adity\STM32CubeIDE\workspace_1.19.0\DashBoard\GatewayECU-FreeRtos\Core\Src\freertos.c_save
2026-02-16 13:34:59,661 [INFO] CodeEngine:289 - Generated code: C:\Users\adity\STM32CubeIDE\workspace_1.19.0\DashBoard\GatewayECU-FreeRtos\Core\Src\freertos.c
2026-02-16 13:34:59,682 [INFO] CodeEngine:265 - oldGeneratedFile, C:\Users\adity\STM32CubeIDE\workspace_1.19.0\DashBoard\GatewayECU-FreeRtos\Core\Src\stm32f4xx_it.c_save
2026-02-16 13:34:59,931 [INFO] CodeEngine:289 - Generated code: C:\Users\adity\STM32CubeIDE\workspace_1.19.0\DashBoard\GatewayECU-FreeRtos\Core\Src\stm32f4xx_it.c
2026-02-16 13:34:59,939 [INFO] CodeEngine:265 - oldGeneratedFile, C:\Users\adity\STM32CubeIDE\workspace_1.19.0\DashBoard\GatewayECU-FreeRtos\Core\Inc\stm32f4xx_it.h_save
2026-02-16 13:35:00,001 [INFO] CodeEngine:289 - Generated code: C:\Users\adity\STM32CubeIDE\workspace_1.19.0\DashBoard\GatewayECU-FreeRtos\Core\Inc\stm32f4xx_it.h
2026-02-16 13:35:00,026 [INFO] CodeEngine:265 - oldGeneratedFile, C:\Users\adity\STM32CubeIDE\workspace_1.19.0\DashBoard\GatewayECU-FreeRtos\Core\Src\stm32f4xx_hal_msp.c_save
2026-02-16 13:35:00,165 [INFO] CodeEngine:289 - Generated code: C:\Users\adity\STM32CubeIDE\workspace_1.19.0\DashBoard\GatewayECU-FreeRtos\Core\Src\stm32f4xx_hal_msp.c
2026-02-16 13:35:00,173 [INFO] CodeEngine:265 - oldGeneratedFile, C:\Users\adity\STM32CubeIDE\workspace_1.19.0\DashBoard\GatewayECU-FreeRtos\MXTmpFiles\system.tmp_save
2026-02-16 13:35:00,230 [INFO] CodeEngine:289 - Generated code: C:\Users\adity\STM32CubeIDE\workspace_1.19.0\DashBoard\GatewayECU-FreeRtos\MXTmpFiles\system.tmp
2026-02-16 13:35:00,239 [INFO] CodeEngine:265 - oldGeneratedFile, C:\Users\adity\STM32CubeIDE\workspace_1.19.0\DashBoard\GatewayECU-FreeRtos\Core\Src\stm32f4xx_hal_timebase_tim.c_save
2026-02-16 13:35:00,313 [INFO] CodeEngine:289 - Generated code: C:\Users\adity\STM32CubeIDE\workspace_1.19.0\DashBoard\GatewayECU-FreeRtos\Core\Src\stm32f4xx_hal_timebase_tim.c
2026-02-16 13:35:00,328 [INFO] CodeEngine:321 - oldGeneratedFile, C:\Users\adity\STM32CubeIDE\workspace_1.19.0\DashBoard\GatewayECU-FreeRtos\Core\Inc\stm32f4xx_hal_conf.h_save
2026-02-16 13:35:00,417 [INFO] CodeEngine:345 - Generated code: C:\Users\adity\STM32CubeIDE\workspace_1.19.0\DashBoard\GatewayECU-FreeRtos\Core\Inc\stm32f4xx_hal_conf.h
2026-02-16 13:35:00,444 [WARN] IPConfigManager:3238 - Warning: the RefConfig PLL2P_FOR_MCO is not available in your config.xml file
2026-02-16 13:35:00,450 [WARN] IPConfigManager:3811 - IP not found : TIM
2026-02-16 13:35:00,451 [WARN] CodeGenerator:4259 - IP not found : null
2026-02-16 13:35:00,461 [INFO] CodeEngine:265 - oldGeneratedFile, C:\Users\adity\STM32CubeIDE\workspace_1.19.0\DashBoard\GatewayECU-FreeRtos\Core\Inc\main.h_save
2026-02-16 13:35:00,550 [INFO] CodeEngine:289 - Generated code: C:\Users\adity\STM32CubeIDE\workspace_1.19.0\DashBoard\GatewayECU-FreeRtos\Core\Inc\main.h
2026-02-16 13:35:00,558 [INFO] CodeEngine:265 - oldGeneratedFile, C:\Users\adity\STM32CubeIDE\workspace_1.19.0\DashBoard\GatewayECU-FreeRtos\Core\Src\main.c_save
2026-02-16 13:35:00,777 [INFO] CodeEngine:289 - Generated code: C:\Users\adity\STM32CubeIDE\workspace_1.19.0\DashBoard\GatewayECU-FreeRtos\Core\Src\main.c
2026-02-16 13:35:01,346 [INFO] ProjectBuilder:3606 - Time for Copy HAL[1] : 256mS.
2026-02-16 13:35:01,354 [INFO] ProjectBuilder:5216 - Project Generator version: 4.7.0-B52
2026-02-16 13:35:01,542 [INFO] ConfigFileManager:1595 - The Die is : DIE421
2026-02-16 13:35:03,287 [INFO] ProjectBuilder:5496 - Time for Generating toolchain IDE Files: 1933mS.
2026-02-16 13:35:03,290 [INFO] ProjectBuilder:3463 - Time for Copy CMSIS : 1mS.
2026-02-16 13:35:03,305 [INFO] ProjectBuilder:3463 - Time for Copy CMSIS : 0mS.
2026-02-16 14:25:13,447 [INFO] CADModel:198 - CPN selected (Project mode): STM32F446RET6
2026-02-16 14:25:13,453 [INFO] CADModel:200 - Internet connection configuration mode: 1
2026-02-16 14:25:13,454 [INFO] CADModel:203 - rpn retrievedSTM32F446RE
2026-02-16 14:25:13,488 [INFO] WebAppUi:336 - Instantiating new browser for Project
2026-02-16 14:25:14,215 [INFO] WebAppUi:1235 - Register for checkConnection events
2026-02-16 14:25:14,216 [INFO] WebAppUi:1270 - Apply proxy settings
2026-02-16 14:25:14,216 [INFO] WebAppUi:1308 - Chromium requires no authentication
2026-02-16 14:25:14,217 [INFO] WebAppUi:1294 - Direct internet connection detected
2026-02-16 14:25:14,227 [INFO] WebAppUi:1166 - Web application path used C:\ST\STM32CubeIDE_1.19.0\STM32CubeIDE\plugins\com.st.stm32cube.common.mx_6.15.0.202507011659\db\plugins\mcufinder\reactClient\index.html
2026-02-16 14:25:14,287 [INFO] WebAppUi:938 - Path where api_config.json is located C:\Users\adity\.stmcufinder\plugins\mcufinder//mcu/api_config.json
2026-02-16 14:25:14,287 [INFO] WebAppUi:939 - Setting api config in window object
2026-02-16 14:25:14,333 [WARN] WebAppUi:976 - Cannot access cad_preferences.json
2026-02-16 14:25:14,333 [WARN] WebAppUi:979 - Fallback to default consent
2026-02-16 14:25:14,335 [INFO] WebAppUi:947 - Path where cad_preferences.json is located C:\Users\adity/.stm32cubeide/
2026-02-16 14:25:14,335 [INFO] WebAppUi:948 - Setting consent info in window object
2026-02-16 14:25:14,899 [INFO] WebAppUi:843 - Allow Downloads
2026-02-16 14:25:14,900 [INFO] WebAppUi:336 - Instantiating new browser for Finder
2026-02-16 14:25:15,082 [INFO] WebAppUi:1100 - Web application message: [UlApiManager component] Connecting to SSO
2026-02-16 14:25:15,143 [INFO] WebAppUi:1235 - Register for checkConnection events
2026-02-16 14:25:15,143 [INFO] WebAppUi:1270 - Apply proxy settings
2026-02-16 14:25:15,143 [INFO] WebAppUi:1308 - Chromium requires no authentication
2026-02-16 14:25:15,144 [INFO] WebAppUi:1294 - Direct internet connection detected
2026-02-16 14:25:15,148 [INFO] WebAppUi:1166 - Web application path used C:\ST\STM32CubeIDE_1.19.0\STM32CubeIDE\plugins\com.st.stm32cube.common.mx_6.15.0.202507011659\db\plugins\mcufinder\reactClient\index.html
2026-02-16 14:25:15,160 [INFO] WebAppUi:938 - Path where api_config.json is located C:\Users\adity\.stmcufinder\plugins\mcufinder//mcu/api_config.json
2026-02-16 14:25:15,161 [INFO] WebAppUi:939 - Setting api config in window object
2026-02-16 14:25:15,192 [INFO] WebAppUi:947 - Path where cad_preferences.json is located C:\Users\adity/.stm32cubeide/
2026-02-16 14:25:15,192 [INFO] WebAppUi:948 - Setting consent info in window object
2026-02-16 14:25:15,775 [INFO] WebAppUi:1100 - Web application message: [UlApiManager component] Connected to Ultra Librarian SSO
2026-02-16 14:25:15,777 [INFO] WebAppUi:1100 - Web application message: [UlApiManager component] Connected to Ultra Librarian API
2026-02-16 14:25:15,890 [INFO] WebAppUi:843 - Allow Downloads
2026-02-16 14:25:15,891 [INFO] WebAppUi:664 - RPN selected STM32F446RE
2026-02-16 14:25:15,892 [INFO] WebAppUi:665 - RefName selected STM32F446RETx
2026-02-16 14:25:15,892 [INFO] WebAppUi:666 - CPN selected STM32F446RET6
2026-02-16 14:25:15,898 [INFO] WebAppUi:829 - Which Bigleton in use 2 and which CPN is about STM32F446RET6
2026-02-16 14:25:15,907 [INFO] WebAppUi:703 - Have injected Javascript into web application
2026-02-16 14:25:15,908 [INFO] WebAppUiContainer:153 - Web application run mode: Project CPN: STM32F446RET6
2026-02-16 14:25:16,149 [INFO] WebAppUi:1100 - Web application message: [UlApiManager component] Connected to Ultra Librarian SSO
2026-02-16 14:25:16,151 [INFO] WebAppUi:1100 - Web application message: [UlApiManager component] Connected to Ultra Librarian API
2026-02-16 14:25:17,189 [INFO] WebAppUi:938 - Path where api_config.json is located C:\Users\adity\.stmcufinder\plugins\mcufinder//mcu/api_config.json
2026-02-16 14:25:17,189 [INFO] WebAppUi:939 - Setting api config in window object
2026-02-16 14:25:17,221 [INFO] WebAppUi:947 - Path where cad_preferences.json is located C:\Users\adity/.stm32cubeide/
2026-02-16 14:25:17,221 [INFO] WebAppUi:948 - Setting consent info in window object
2026-02-16 14:25:18,547 [INFO] WebAppUi:1100 - Web application message: THREE.WebGLRenderer 101
2026-02-16 14:25:27,574 [INFO] UtilMem:75 - End SaveConfig() Used Memory: 954954840 Bytes (1073741824)
2026-02-16 14:25:28,590 [INFO] UtilMem:75 - End SaveConfig() Used Memory: 738356936 Bytes (1073741824)
2026-02-16 14:25:29,347 [INFO] UtilMem:75 - End SaveConfig() Used Memory: 814937320 Bytes (1073741824)
2026-02-16 14:25:30,811 [INFO] BlockDiagram:2775 - set Specific Code input for plugin: FREERTOS
2026-02-16 14:25:30,811 [INFO] BlockDiagram:2775 - set Specific Code input for plugin: TIM1_8
2026-02-16 14:25:30,811 [INFO] BlockDiagram:2775 - set Specific Code input for plugin: CAN
2026-02-16 14:25:30,811 [INFO] BlockDiagram:2775 - set Specific Code input for plugin: SYS
2026-02-16 14:25:30,811 [INFO] BlockDiagram:2775 - set Specific Code input for plugin: ADC
2026-02-16 14:25:30,811 [INFO] BlockDiagram:2775 - set Specific Code input for plugin: RCC
2026-02-16 14:25:30,811 [INFO] BlockDiagram:2775 - set Specific Code input for plugin: I2C
2026-02-16 14:25:30,811 [INFO] BlockDiagram:2775 - set Specific Code input for plugin: NVIC
2026-02-16 14:25:30,811 [INFO] BlockDiagram:2775 - set Specific Code input for plugin: USART
2026-02-16 14:25:30,812 [INFO] BlockDiagram:2775 - set Specific Code input for plugin: GPIO
2026-02-16 14:25:30,813 [INFO] CodeGenerator:892 - code generatio: config db path: C:\ST\STM32CubeIDE_1.19.0\STM32CubeIDE\plugins\com.st.stm32cube.common.mx_6.15.0.202507011659\\db\
2026-02-16 14:25:30,836 [WARN] IP:2250 - I2C_Coeff_DF not found: check if there is a RefParameter without a condition.
2026-02-16 14:25:30,836 [WARN] IP:2250 - Analog_Filter not found: check if there is a RefParameter without a condition.
2026-02-16 14:25:30,968 [INFO] CodeEngine:265 - oldGeneratedFile, C:\Users\adity\STM32CubeIDE\workspace_1.19.0\DashBoard\GatewayECU-FreeRtos\MXTmpFiles\license.tmp_save
2026-02-16 14:25:31,276 [INFO] CodeEngine:289 - Generated code: C:\Users\adity\STM32CubeIDE\workspace_1.19.0\DashBoard\GatewayECU-FreeRtos\MXTmpFiles\license.tmp
2026-02-16 14:25:31,325 [INFO] CodeEngine:265 - oldGeneratedFile, C:\Users\adity\STM32CubeIDE\workspace_1.19.0\DashBoard\GatewayECU-FreeRtos\MXTmpFiles\gpio.tmp_save
2026-02-16 14:25:31,486 [INFO] CodeEngine:289 - Generated code: C:\Users\adity\STM32CubeIDE\workspace_1.19.0\DashBoard\GatewayECU-FreeRtos\MXTmpFiles\gpio.tmp
2026-02-16 14:25:31,949 [INFO] Middleware:1452 - No code input for Bsp Dependency
2026-02-16 14:25:31,960 [INFO] CodeEngine:265 - oldGeneratedFile, C:\Users\adity\STM32CubeIDE\workspace_1.19.0\DashBoard\GatewayECU-FreeRtos\MXTmpFiles\rtos_inc.tmp_save
2026-02-16 14:25:32,060 [INFO] CodeEngine:289 - Generated code: C:\Users\adity\STM32CubeIDE\workspace_1.19.0\DashBoard\GatewayECU-FreeRtos\MXTmpFiles\rtos_inc.tmp
2026-02-16 14:25:32,066 [INFO] CodeEngine:265 - oldGeneratedFile, C:\Users\adity\STM32CubeIDE\workspace_1.19.0\DashBoard\GatewayECU-FreeRtos\MXTmpFiles\rtos_kernelInit.tmp_save
2026-02-16 14:25:32,163 [INFO] CodeEngine:289 - Generated code: C:\Users\adity\STM32CubeIDE\workspace_1.19.0\DashBoard\GatewayECU-FreeRtos\MXTmpFiles\rtos_kernelInit.tmp
2026-02-16 14:25:32,168 [INFO] CodeEngine:265 - oldGeneratedFile, C:\Users\adity\STM32CubeIDE\workspace_1.19.0\DashBoard\GatewayECU-FreeRtos\MXTmpFiles\rtos_kernelStart.tmp_save
2026-02-16 14:25:32,255 [INFO] CodeEngine:289 - Generated code: C:\Users\adity\STM32CubeIDE\workspace_1.19.0\DashBoard\GatewayECU-FreeRtos\MXTmpFiles\rtos_kernelStart.tmp
2026-02-16 14:25:32,261 [INFO] CodeEngine:265 - oldGeneratedFile, C:\Users\adity\STM32CubeIDE\workspace_1.19.0\DashBoard\GatewayECU-FreeRtos\MXTmpFiles\rtos_typedefs.tmp_save
2026-02-16 14:25:32,361 [INFO] CodeEngine:289 - Generated code: C:\Users\adity\STM32CubeIDE\workspace_1.19.0\DashBoard\GatewayECU-FreeRtos\MXTmpFiles\rtos_typedefs.tmp
2026-02-16 14:25:32,366 [INFO] CodeEngine:265 - oldGeneratedFile, C:\Users\adity\STM32CubeIDE\workspace_1.19.0\DashBoard\GatewayECU-FreeRtos\MXTmpFiles\rtos_vars.tmp_save
2026-02-16 14:25:32,479 [INFO] CodeEngine:289 - Generated code: C:\Users\adity\STM32CubeIDE\workspace_1.19.0\DashBoard\GatewayECU-FreeRtos\MXTmpFiles\rtos_vars.tmp
2026-02-16 14:25:32,486 [INFO] CodeEngine:265 - oldGeneratedFile, C:\Users\adity\STM32CubeIDE\workspace_1.19.0\DashBoard\GatewayECU-FreeRtos\MXTmpFiles\rtos_pfp.tmp_save
2026-02-16 14:25:32,607 [INFO] CodeEngine:289 - Generated code: C:\Users\adity\STM32CubeIDE\workspace_1.19.0\DashBoard\GatewayECU-FreeRtos\MXTmpFiles\rtos_pfp.tmp
2026-02-16 14:25:32,613 [INFO] CodeEngine:265 - oldGeneratedFile, C:\Users\adity\STM32CubeIDE\workspace_1.19.0\DashBoard\GatewayECU-FreeRtos\MXTmpFiles\rtos_obj_creat.tmp_save
2026-02-16 14:25:32,702 [INFO] CodeEngine:289 - Generated code: C:\Users\adity\STM32CubeIDE\workspace_1.19.0\DashBoard\GatewayECU-FreeRtos\MXTmpFiles\rtos_obj_creat.tmp
2026-02-16 14:25:32,708 [INFO] CodeEngine:265 - oldGeneratedFile, C:\Users\adity\STM32CubeIDE\workspace_1.19.0\DashBoard\GatewayECU-FreeRtos\MXTmpFiles\rtos_default_thread.tmp_save
2026-02-16 14:25:32,790 [INFO] CodeEngine:289 - Generated code: C:\Users\adity\STM32CubeIDE\workspace_1.19.0\DashBoard\GatewayECU-FreeRtos\MXTmpFiles\rtos_default_thread.tmp
2026-02-16 14:25:32,797 [INFO] CodeEngine:265 - oldGeneratedFile, C:\Users\adity\STM32CubeIDE\workspace_1.19.0\DashBoard\GatewayECU-FreeRtos\MXTmpFiles\rtos_threads.tmp_save
2026-02-16 14:25:32,886 [INFO] CodeEngine:289 - Generated code: C:\Users\adity\STM32CubeIDE\workspace_1.19.0\DashBoard\GatewayECU-FreeRtos\MXTmpFiles\rtos_threads.tmp
2026-02-16 14:25:32,905 [INFO] Middleware:1452 - No code input for Bsp Dependency
2026-02-16 14:25:32,918 [INFO] CodeEngine:265 - oldGeneratedFile, C:\Users\adity\STM32CubeIDE\workspace_1.19.0\DashBoard\GatewayECU-FreeRtos\MXTmpFiles\rtos_inc.tmp_save
2026-02-16 14:25:33,029 [INFO] CodeEngine:289 - Generated code: C:\Users\adity\STM32CubeIDE\workspace_1.19.0\DashBoard\GatewayECU-FreeRtos\MXTmpFiles\rtos_inc.tmp
2026-02-16 14:25:33,036 [INFO] CodeEngine:265 - oldGeneratedFile, C:\Users\adity\STM32CubeIDE\workspace_1.19.0\DashBoard\GatewayECU-FreeRtos\MXTmpFiles\rtos_kernelInit.tmp_save
2026-02-16 14:25:33,113 [INFO] CodeEngine:289 - Generated code: C:\Users\adity\STM32CubeIDE\workspace_1.19.0\DashBoard\GatewayECU-FreeRtos\MXTmpFiles\rtos_kernelInit.tmp
2026-02-16 14:25:33,121 [INFO] CodeEngine:265 - oldGeneratedFile, C:\Users\adity\STM32CubeIDE\workspace_1.19.0\DashBoard\GatewayECU-FreeRtos\MXTmpFiles\rtos_kernelStart.tmp_save
2026-02-16 14:25:33,201 [INFO] CodeEngine:289 - Generated code: C:\Users\adity\STM32CubeIDE\workspace_1.19.0\DashBoard\GatewayECU-FreeRtos\MXTmpFiles\rtos_kernelStart.tmp
2026-02-16 14:25:33,210 [INFO] CodeEngine:265 - oldGeneratedFile, C:\Users\adity\STM32CubeIDE\workspace_1.19.0\DashBoard\GatewayECU-FreeRtos\MXTmpFiles\rtos_typedefs.tmp_save
2026-02-16 14:25:33,285 [INFO] CodeEngine:289 - Generated code: C:\Users\adity\STM32CubeIDE\workspace_1.19.0\DashBoard\GatewayECU-FreeRtos\MXTmpFiles\rtos_typedefs.tmp
2026-02-16 14:25:33,294 [INFO] CodeEngine:265 - oldGeneratedFile, C:\Users\adity\STM32CubeIDE\workspace_1.19.0\DashBoard\GatewayECU-FreeRtos\MXTmpFiles\rtos_vars.tmp_save
2026-02-16 14:25:33,366 [INFO] CodeEngine:289 - Generated code: C:\Users\adity\STM32CubeIDE\workspace_1.19.0\DashBoard\GatewayECU-FreeRtos\MXTmpFiles\rtos_vars.tmp
2026-02-16 14:25:33,376 [INFO] CodeEngine:265 - oldGeneratedFile, C:\Users\adity\STM32CubeIDE\workspace_1.19.0\DashBoard\GatewayECU-FreeRtos\MXTmpFiles\rtos_pfp.tmp_save
2026-02-16 14:25:33,454 [INFO] CodeEngine:289 - Generated code: C:\Users\adity\STM32CubeIDE\workspace_1.19.0\DashBoard\GatewayECU-FreeRtos\MXTmpFiles\rtos_pfp.tmp
2026-02-16 14:25:33,463 [INFO] CodeEngine:265 - oldGeneratedFile, C:\Users\adity\STM32CubeIDE\workspace_1.19.0\DashBoard\GatewayECU-FreeRtos\MXTmpFiles\rtos_obj_creat.tmp_save
2026-02-16 14:25:33,525 [INFO] CodeEngine:289 - Generated code: C:\Users\adity\STM32CubeIDE\workspace_1.19.0\DashBoard\GatewayECU-FreeRtos\MXTmpFiles\rtos_obj_creat.tmp
2026-02-16 14:25:33,532 [INFO] CodeEngine:265 - oldGeneratedFile, C:\Users\adity\STM32CubeIDE\workspace_1.19.0\DashBoard\GatewayECU-FreeRtos\MXTmpFiles\rtos_default_thread.tmp_save
2026-02-16 14:25:33,638 [INFO] CodeEngine:289 - Generated code: C:\Users\adity\STM32CubeIDE\workspace_1.19.0\DashBoard\GatewayECU-FreeRtos\MXTmpFiles\rtos_default_thread.tmp
2026-02-16 14:25:33,649 [INFO] CodeEngine:265 - oldGeneratedFile, C:\Users\adity\STM32CubeIDE\workspace_1.19.0\DashBoard\GatewayECU-FreeRtos\MXTmpFiles\rtos_threads.tmp_save
2026-02-16 14:25:33,765 [INFO] CodeEngine:289 - Generated code: C:\Users\adity\STM32CubeIDE\workspace_1.19.0\DashBoard\GatewayECU-FreeRtos\MXTmpFiles\rtos_threads.tmp
2026-02-16 14:25:33,776 [INFO] CodeEngine:265 - oldGeneratedFile, C:\Users\adity\STM32CubeIDE\workspace_1.19.0\DashBoard\GatewayECU-FreeRtos\Core\Inc\FreeRTOSConfig.h_save
2026-02-16 14:25:33,905 [INFO] CodeEngine:289 - Generated code: C:\Users\adity\STM32CubeIDE\workspace_1.19.0\DashBoard\GatewayECU-FreeRtos\Core\Inc\FreeRTOSConfig.h
2026-02-16 14:25:33,917 [INFO] CodeEngine:265 - oldGeneratedFile, C:\Users\adity\STM32CubeIDE\workspace_1.19.0\DashBoard\GatewayECU-FreeRtos\Core\Src\freertos.c_save
2026-02-16 14:25:34,034 [INFO] CodeEngine:289 - Generated code: C:\Users\adity\STM32CubeIDE\workspace_1.19.0\DashBoard\GatewayECU-FreeRtos\Core\Src\freertos.c
2026-02-16 14:25:34,070 [INFO] CodeEngine:265 - oldGeneratedFile, C:\Users\adity\STM32CubeIDE\workspace_1.19.0\DashBoard\GatewayECU-FreeRtos\Core\Src\stm32f4xx_it.c_save
2026-02-16 14:25:34,348 [INFO] CodeEngine:289 - Generated code: C:\Users\adity\STM32CubeIDE\workspace_1.19.0\DashBoard\GatewayECU-FreeRtos\Core\Src\stm32f4xx_it.c
2026-02-16 14:25:34,356 [INFO] CodeEngine:265 - oldGeneratedFile, C:\Users\adity\STM32CubeIDE\workspace_1.19.0\DashBoard\GatewayECU-FreeRtos\Core\Inc\stm32f4xx_it.h_save
2026-02-16 14:25:34,521 [INFO] CodeEngine:289 - Generated code: C:\Users\adity\STM32CubeIDE\workspace_1.19.0\DashBoard\GatewayECU-FreeRtos\Core\Inc\stm32f4xx_it.h
2026-02-16 14:25:34,549 [INFO] CodeEngine:265 - oldGeneratedFile, C:\Users\adity\STM32CubeIDE\workspace_1.19.0\DashBoard\GatewayECU-FreeRtos\Core\Src\stm32f4xx_hal_msp.c_save
2026-02-16 14:25:34,732 [INFO] CodeEngine:289 - Generated code: C:\Users\adity\STM32CubeIDE\workspace_1.19.0\DashBoard\GatewayECU-FreeRtos\Core\Src\stm32f4xx_hal_msp.c
2026-02-16 14:25:34,739 [INFO] CodeEngine:265 - oldGeneratedFile, C:\Users\adity\STM32CubeIDE\workspace_1.19.0\DashBoard\GatewayECU-FreeRtos\MXTmpFiles\system.tmp_save
2026-02-16 14:25:34,832 [INFO] CodeEngine:289 - Generated code: C:\Users\adity\STM32CubeIDE\workspace_1.19.0\DashBoard\GatewayECU-FreeRtos\MXTmpFiles\system.tmp
2026-02-16 14:25:34,838 [INFO] CodeEngine:265 - oldGeneratedFile, C:\Users\adity\STM32CubeIDE\workspace_1.19.0\DashBoard\GatewayECU-FreeRtos\Core\Src\stm32f4xx_hal_timebase_tim.c_save
2026-02-16 14:25:34,905 [INFO] CodeEngine:289 - Generated code: C:\Users\adity\STM32CubeIDE\workspace_1.19.0\DashBoard\GatewayECU-FreeRtos\Core\Src\stm32f4xx_hal_timebase_tim.c
2026-02-16 14:25:34,923 [INFO] CodeEngine:321 - oldGeneratedFile, C:\Users\adity\STM32CubeIDE\workspace_1.19.0\DashBoard\GatewayECU-FreeRtos\Core\Inc\stm32f4xx_hal_conf.h_save
2026-02-16 14:25:35,006 [INFO] CodeEngine:345 - Generated code: C:\Users\adity\STM32CubeIDE\workspace_1.19.0\DashBoard\GatewayECU-FreeRtos\Core\Inc\stm32f4xx_hal_conf.h
2026-02-16 14:25:35,046 [WARN] IPConfigManager:3238 - Warning: the RefConfig PLL2P_FOR_MCO is not available in your config.xml file
2026-02-16 14:25:35,054 [WARN] IPConfigManager:3811 - IP not found : TIM
2026-02-16 14:25:35,055 [WARN] CodeGenerator:4259 - IP not found : null
2026-02-16 14:25:35,065 [INFO] CodeEngine:265 - oldGeneratedFile, C:\Users\adity\STM32CubeIDE\workspace_1.19.0\DashBoard\GatewayECU-FreeRtos\Core\Inc\main.h_save
2026-02-16 14:25:35,164 [INFO] CodeEngine:289 - Generated code: C:\Users\adity\STM32CubeIDE\workspace_1.19.0\DashBoard\GatewayECU-FreeRtos\Core\Inc\main.h
2026-02-16 14:25:35,171 [INFO] CodeEngine:265 - oldGeneratedFile, C:\Users\adity\STM32CubeIDE\workspace_1.19.0\DashBoard\GatewayECU-FreeRtos\Core\Src\main.c_save
2026-02-16 14:25:35,334 [INFO] CodeEngine:289 - Generated code: C:\Users\adity\STM32CubeIDE\workspace_1.19.0\DashBoard\GatewayECU-FreeRtos\Core\Src\main.c
2026-02-16 14:25:35,780 [INFO] ProjectBuilder:3606 - Time for Copy HAL[1] : 227mS.
2026-02-16 14:25:35,785 [INFO] ProjectBuilder:5216 - Project Generator version: 4.7.0-B52
2026-02-16 14:25:35,871 [INFO] ConfigFileManager:1595 - The Die is : DIE421
2026-02-16 14:25:37,158 [INFO] ProjectBuilder:5496 - Time for Generating toolchain IDE Files: 1373mS.
2026-02-16 14:25:37,160 [INFO] ProjectBuilder:3463 - Time for Copy CMSIS : 1mS.
2026-02-16 14:25:37,170 [INFO] ProjectBuilder:3463 - Time for Copy CMSIS : 0mS.
2026-02-16 21:22:30,205 [INFO] WebApp:194 - Connection lost
2026-02-16 21:22:30,559 [INFO] WebApp:191 - Connection restablished
2026-02-16 21:27:23,483 [INFO] WebApp:194 - Connection lost
2026-02-16 21:27:23,657 [INFO] WebApp:191 - Connection restablished
2026-02-16 22:46:37,746 [INFO] WebApp:194 - Connection lost
2026-02-16 22:46:37,954 [INFO] WebApp:191 - Connection restablished
