2026-02-15 02:24:25,991 [INFO] WebApp:194 - Connection lost
2026-02-15 02:24:26,164 [INFO] WebApp:191 - Connection restablished
2026-02-15 02:24:53,008 [INFO] WebApp:194 - Connection lost
2026-02-15 02:24:53,133 [INFO] WebApp:191 - Connection restablished
2026-02-15 02:25:00,487 [INFO] WebApp:194 - Connection lost
2026-02-15 02:25:00,727 [INFO] WebApp:191 - Connection restablished
2026-02-15 10:21:00,607 [INFO] WebApp:194 - Connection lost
2026-02-15 10:21:01,057 [INFO] WebApp:191 - Connection restablished
2026-02-15 13:59:24,607 [INFO] WebApp:194 - Connection lost
2026-02-15 13:59:24,949 [INFO] WebApp:191 - Connection restablished
2026-02-15 14:17:36,312 [INFO] MainUpdater:2872 - connection check result : 10
2026-02-15 14:17:36,313 [INFO] MainUpdater:2872 - connection check result : 10
2026-02-15 14:17:36,806 [INFO] MicroXplorer:468 - Change Database Path : 
2026-02-15 14:17:36,806 [INFO] MicroXplorer:498 - Change Database Version : DB.6.0.150
2026-02-15 14:17:36,842 [ERROR] ProjectManagerView:395 - 
java.lang.NullPointerException: Cannot invoke "javax.swing.JTextField.getText()" because the return value of "java.util.List.get(int)" is null
	at com.st.microxplorer.plugins.projectmanager.gui.ProjectChoiceTab$9.caretUpdate(ProjectChoiceTab.java:2706) ~[filemanager.jar:?]
	at javax.swing.text.JTextComponent.fireCaretUpdate(JTextComponent.java:408) ~[?:?]
	at javax.swing.text.JTextComponent$MutableCaretEvent.fire(JTextComponent.java:4484) ~[?:?]
	at javax.swing.text.JTextComponent$MutableCaretEvent.stateChanged(JTextComponent.java:4506) ~[?:?]
	at javax.swing.text.DefaultCaret.fireStateChanged(DefaultCaret.java:857) ~[?:?]
	at javax.swing.text.DefaultCaret.changeCaretPosition(DefaultCaret.java:1343) ~[?:?]
	at javax.swing.text.DefaultCaret.handleSetDot(DefaultCaret.java:1242) ~[?:?]
	at javax.swing.text.DefaultCaret.setDot(DefaultCaret.java:1223) ~[?:?]
	at javax.swing.text.DefaultCaret$Handler.insertUpdate(DefaultCaret.java:1819) ~[?:?]
	at javax.swing.text.AbstractDocument.fireInsertUpdate(AbstractDocument.java:227) ~[?:?]
	at javax.swing.text.AbstractDocument.handleInsertString(AbstractDocument.java:781) ~[?:?]
	at javax.swing.text.AbstractDocument.insertString(AbstractDocument.java:740) ~[?:?]
	at javax.swing.text.PlainDocument.insertString(PlainDocument.java:131) ~[?:?]
	at javax.swing.text.AbstractDocument.replace(AbstractDocument.java:699) ~[?:?]
	at javax.swing.text.JTextComponent.setText(JTextComponent.java:1725) ~[?:?]
	at com.st.microxplorer.plugins.projectmanager.gui.ProjectChoiceTab.createHeapStackFields(ProjectChoiceTab.java:993) ~[filemanager.jar:?]
	at com.st.microxplorer.plugins.projectmanager.gui.ProjectChoiceTab.buildLinkSettingsPanel(ProjectChoiceTab.java:3813) ~[filemanager.jar:?]
	at com.st.microxplorer.plugins.projectmanager.gui.ProjectChoiceTab.defineWindowsFields(ProjectChoiceTab.java:1987) ~[filemanager.jar:?]
	at com.st.microxplorer.plugins.projectmanager.gui.ProjectChoiceTab.updateSettings(ProjectChoiceTab.java:558) ~[filemanager.jar:?]
	at com.st.microxplorer.plugins.projectmanager.gui.ProjectSettingsPanel.UpdateDialog(ProjectSettingsPanel.java:247) ~[filemanager.jar:?]
	at com.st.microxplorer.plugins.projectmanager.ProjectManagerView.propertyChange(ProjectManagerView.java:392) ~[filemanager.jar:?]
	at java.beans.PropertyChangeSupport.fire(PropertyChangeSupport.java:343) ~[?:?]
	at java.beans.PropertyChangeSupport.firePropertyChange(PropertyChangeSupport.java:335) ~[?:?]
	at java.beans.PropertyChangeSupport.firePropertyChange(PropertyChangeSupport.java:268) ~[?:?]
	at com.st.microxplorer.util.MXPropertyChangeSupport.firePropertyChange(MXPropertyChangeSupport.java:54) ~[STM32CubeMX.jar:?]
	at com.st.microxplorer.mxsystem.MxSystem.closeConfig(MxSystem.java:899) ~[STM32CubeMX.jar:?]
	at com.st.microxplorer.maingui.MainPanel.closeConfig(MainPanel.java:792) ~[STM32CubeMX.jar:?]
	at com.st.microxplorer.plugins.filemanager.engine.OpenFileManager.loadConfigurationFile(OpenFileManager.java:288) ~[filemanager.jar:?]
	at com.st.microxplorer.plugins.filemanager.engine.MainFileManager.userLoadConfig(MainFileManager.java:364) ~[filemanager.jar:?]
	at com.st.microxplorer.plugins.filemanager.engine.MainFileManager.userLoadConfig(MainFileManager.java:342) ~[filemanager.jar:?]
	at com.st.microxplorer.plugins.filemanager.FileManagerView.getSpecificTask(FileManagerView.java:264) ~[filemanager.jar:?]
	at com.st.stm32cube.common.mx.editor.CubeMxEditor.getMxTabbedPaneInstance(CubeMxEditor.java:1198) ~[com.st.stm32cube.common.mx_6.15.0.202507011659/:?]
	at com.st.stm32cube.common.mx.editor.CubeMxEditor$12$1.createSwingComponent(CubeMxEditor.java:1068) ~[com.st.stm32cube.common.mx_6.15.0.202507011659/:?]
	at com.st.stm32cube.common.mx.oss.core.awtswtbridge.EmbeddedSwingComposite.doComponentCreation(EmbeddedSwingComposite.java:492) ~[com.st.stm32cube.common.mx.oss_6.15.0.202507011659/:?]
	at com.st.stm32cube.common.mx.oss.core.awtswtbridge.EmbeddedSwingComposite$4.run(EmbeddedSwingComposite.java:291) ~[com.st.stm32cube.common.mx.oss_6.15.0.202507011659/:?]
	at com.st.stm32cube.common.mx.oss.core.awtswtbridge.AwtEnvironment$2.run(AwtEnvironment.java:166) ~[com.st.stm32cube.common.mx.oss_6.15.0.202507011659/:?]
	at java.awt.event.InvocationEvent.dispatch(InvocationEvent.java:318) ~[?:?]
	at java.awt.EventQueue.dispatchEventImpl(EventQueue.java:773) ~[?:?]
	at java.awt.EventQueue$4.run(EventQueue.java:720) ~[?:?]
	at java.awt.EventQueue$4.run(EventQueue.java:714) ~[?:?]
	at java.security.AccessController.doPrivileged(AccessController.java:400) ~[?:?]
	at java.security.ProtectionDomain$JavaSecurityAccessImpl.doIntersectionPrivilege(ProtectionDomain.java:87) ~[?:?]
	at java.awt.EventQueue.dispatchEvent(EventQueue.java:742) ~[?:?]
	at java.awt.EventDispatchThread.pumpOneEventForFilters(EventDispatchThread.java:203) ~[?:?]
	at java.awt.EventDispatchThread.pumpEventsForFilter(EventDispatchThread.java:124) ~[?:?]
	at java.awt.EventDispatchThread.pumpEventsForHierarchy(EventDispatchThread.java:113) ~[?:?]
	at java.awt.EventDispatchThread.pumpEvents(EventDispatchThread.java:109) ~[?:?]
	at java.awt.EventDispatchThread.pumpEvents(EventDispatchThread.java:101) ~[?:?]
	at java.awt.EventDispatchThread.run(EventDispatchThread.java:90) ~[?:?]
2026-02-15 14:17:36,844 [WARN] ThirdParty:871 - waiting for thirdparty lock release [close project]
2026-02-15 14:17:36,844 [INFO] ThirdParty:873 - entering critical section [close project]
2026-02-15 14:17:36,844 [INFO] ThirdParty:883 - exiting critical section [close project]
2026-02-15 14:17:36,846 [INFO] PinOutPanel:1589 - setPackage(No Configuration,No Configuration)
2026-02-15 14:17:36,865 [WARN] IpParametersView:155 - Warning: This peripheral hasn't parameters
2026-02-15 14:17:36,875 [WARN] MainPanel:289 - <html><b><center>Warning: This peripheral has no parameters to be configured<br></b></html>
2026-02-15 14:17:36,879 [INFO] UtilMem:75 - Begin LoadConfig() Used Memory: 764840392 Bytes (1073741824)
2026-02-15 14:17:36,881 [INFO] MicroXplorer:468 - Change Database Path : 
2026-02-15 14:17:36,881 [INFO] MicroXplorer:498 - Change Database Version : DB.6.0.150
2026-02-15 14:17:36,881 [INFO] OpenFileManager:355 - Change cursor
2026-02-15 14:17:36,908 [INFO] Mcu:2029 - Initializing MCU STM32F446R(C-E)Tx STM32F446RETx STM32F446RET6
2026-02-15 14:17:39,137 [INFO] Context:786 - Trying to add GPIOservice into a context  which must be forbidden
2026-02-15 14:17:39,799 [INFO] ImportTextPane:234 - (OptionalMessage_ERROR) Pin14 (VP_RIF_VS_RIF1) cannot be retrieved for this MCU
2026-02-15 14:17:40,133 [INFO] RtosManager:558 - Registered RTOS mode: class=CMSIS, group=RTOS, mode=CMSIS_V1, owner=FREERTOS
2026-02-15 14:17:40,133 [INFO] RtosManager:558 - Registered RTOS mode: class=CMSIS, group=RTOS2, mode=CMSIS_V2, owner=FREERTOS
2026-02-15 14:17:40,133 [INFO] RtosManager:558 - Registered RTOS mode: class=RTOS, group=Core, mode=CMSIS_V1, owner=FREERTOS
2026-02-15 14:17:40,133 [INFO] RtosManager:558 - Registered RTOS mode: class=RTOS, group=Core, mode=CMSIS_V2, owner=FREERTOS
2026-02-15 14:17:40,133 [WARN] ModelIntegratedComponent:184 - Missing modes for component STMicroelectronics:FreeRTOS:0.0.1:STMicroelectronics:RTOS:FreeRTOS:Core:::10.2.0:
2026-02-15 14:17:40,133 [WARN] ModelIntegratedComponent:63 - No mode defined for component null
2026-02-15 14:17:40,133 [WARN] ModelIntegratedComponent:63 - No mode defined for component null
2026-02-15 14:17:40,133 [WARN] ModelIntegratedComponent:63 - No mode defined for component null
2026-02-15 14:17:40,133 [WARN] ModelIntegratedComponent:63 - No mode defined for component null
2026-02-15 14:17:40,133 [WARN] ModelIntegratedComponent:63 - No mode defined for component null
2026-02-15 14:17:40,133 [WARN] ModelIntegratedComponent:63 - No mode defined for component null
2026-02-15 14:17:40,133 [WARN] ModelIntegratedComponent:63 - No mode defined for component null
2026-02-15 14:17:40,133 [WARN] ModelIntegratedComponent:63 - No mode defined for component null
2026-02-15 14:17:40,133 [WARN] ModelIntegratedComponent:63 - No mode defined for component null
2026-02-15 14:17:40,133 [WARN] ModelIntegratedComponent:63 - No mode defined for component null
2026-02-15 14:17:40,133 [WARN] ModelIntegratedComponent:63 - No mode defined for component null
2026-02-15 14:17:40,133 [WARN] ModelIntegratedComponent:63 - No mode defined for component null
2026-02-15 14:17:40,133 [WARN] ModelIntegratedComponent:63 - No mode defined for component null
2026-02-15 14:17:40,133 [WARN] ModelIntegratedComponent:63 - No mode defined for component null
2026-02-15 14:17:40,133 [WARN] ModelIntegratedComponent:63 - No mode defined for component null
2026-02-15 14:17:40,133 [WARN] ModelIntegratedComponent:63 - No mode defined for component null
2026-02-15 14:17:40,133 [WARN] ModelIntegratedComponent:63 - No mode defined for component null
2026-02-15 14:17:40,133 [WARN] ModelIntegratedComponent:63 - No mode defined for component null
2026-02-15 14:17:40,133 [WARN] ModelIntegratedComponent:63 - No mode defined for component null
2026-02-15 14:17:40,133 [WARN] ModelIntegratedComponent:63 - No mode defined for component null
2026-02-15 14:17:40,133 [WARN] ModelIntegratedComponent:63 - No mode defined for component null
2026-02-15 14:17:40,133 [WARN] ModelIntegratedComponent:63 - No mode defined for component null
2026-02-15 14:17:40,133 [WARN] ModelIntegratedComponent:63 - No mode defined for component null
2026-02-15 14:17:40,133 [WARN] ModelIntegratedComponent:63 - No mode defined for component null
2026-02-15 14:17:40,133 [WARN] ModelIntegratedComponent:63 - No mode defined for component null
2026-02-15 14:17:40,133 [WARN] ModelIntegratedComponent:63 - No mode defined for component null
2026-02-15 14:17:40,133 [WARN] ModelIntegratedComponent:63 - No mode defined for component null
2026-02-15 14:17:40,133 [WARN] ModelIntegratedComponent:63 - No mode defined for component null
2026-02-15 14:17:40,133 [WARN] ModelIntegratedComponent:63 - No mode defined for component null
2026-02-15 14:17:40,133 [WARN] ModelIntegratedComponent:63 - No mode defined for component null
2026-02-15 14:17:40,133 [WARN] ModelIntegratedComponent:63 - No mode defined for component null
2026-02-15 14:17:40,133 [WARN] ModelIntegratedComponent:63 - No mode defined for component null
2026-02-15 14:17:40,133 [WARN] ModelIntegratedComponent:63 - No mode defined for component null
2026-02-15 14:17:40,133 [WARN] ModelIntegratedComponent:63 - No mode defined for component null
2026-02-15 14:17:40,133 [WARN] ModelIntegratedComponent:63 - No mode defined for component null
2026-02-15 14:17:40,133 [WARN] ModelPack:524 - Component already loaded: STMicroelectronics:HAL Drivers:0.0.0:STMicroelectronics:Device:STMicro_Driver:XSPI:HAL::0.0.1:HAL_XSPI
2026-02-15 14:17:40,252 [INFO] ThirdPartyModel:298 - Start build external matchings
2026-02-15 14:17:41,722 [INFO] ThirdPartyModel:316 - End build external matchings
2026-02-15 14:17:41,743 [INFO] ImportTextPane:234 - (OptionalMessage_ERROR) IP (RCC) : Invalid parameter (48MHZClocksFreq_Value)
2026-02-15 14:17:41,743 [INFO] ImportTextPane:234 - (OptionalMessage_ERROR) IP (RCC) : Invalid parameter (EthernetFreq_Value)
2026-02-15 14:17:41,745 [INFO] ImportTextPane:234 - (OptionalMessage_ERROR) IP (RCC) : Parameter (FLatency) has Id (AdvancedSettings) currently not set
2026-02-15 14:17:41,746 [INFO] ImportTextPane:234 - (OptionalMessage_ERROR) IP (RCC) : Invalid parameter (FamilyName)
2026-02-15 14:17:41,746 [INFO] ImportTextPane:234 - (OptionalMessage_ERROR) IP (RCC) : Invalid parameter (I2SClocksFreq_Value)
2026-02-15 14:17:41,746 [INFO] ImportTextPane:234 - (OptionalMessage_ERROR) IP (RCC) : Parameter (MCO2PinFreq_Value) has invalid value (180000000)
2026-02-15 14:17:41,747 [INFO] ImportTextPane:234 - (OptionalMessage_ERROR) IP (RCC) : Parameter (SDIOFreq_Value) has invalid value (180000000)
2026-02-15 14:17:41,747 [INFO] ImportTextPane:234 - (OptionalMessage_ERROR) IP (RCC) : Parameter (USBFreq_Value) has invalid value (180000000)
2026-02-15 14:17:41,747 [INFO] ImportTextPane:234 - (OptionalMessage_ERROR) IP (RCC) : Invalid parameter (VCOInputMFreq_Value)
2026-02-15 14:17:41,747 [INFO] ImportTextPane:234 - (OptionalMessage_ERROR) IP (RCC) : Invalid parameter (VcooutputI2S)
2026-02-15 14:17:42,081 [INFO] UtilMem:75 - End LoadConfig() Used Memory: 964760144 Bytes (1073741824)
2026-02-15 14:17:42,131 [WARN] ThirdParty:833 - waiting for thirdparty lock release [change project]
2026-02-15 14:17:42,131 [INFO] ThirdParty:835 - entering critical section [change project]
2026-02-15 14:17:42,132 [INFO] ThirdParty:1030 - CMSIS Pack Vendor :STMicroelectronics X-CUBE-PM33A1 1.0.0
2026-02-15 14:17:42,132 [INFO] ThirdParty:1030 - CMSIS Pack Vendor :STMicroelectronics USBPD 4.1
2026-02-15 14:17:42,132 [INFO] ThirdParty:1030 - CMSIS Pack Vendor :STMicroelectronics X-CUBE-NFC9 1.0.0
2026-02-15 14:17:42,132 [INFO] ThirdParty:1030 - CMSIS Pack Vendor :STMicroelectronics USB_HOST 2.0.0
2026-02-15 14:17:42,132 [INFO] ThirdParty:1030 - CMSIS Pack Vendor :STMicroelectronics FP-SNS-MOTENVWB1 1.4.0
2026-02-15 14:17:42,132 [INFO] ThirdParty:1030 - CMSIS Pack Vendor :STMicroelectronics X-CUBE-AZRTOS-F4 1.1.0
2026-02-15 14:17:42,132 [INFO] ThirdParty:1030 - CMSIS Pack Vendor :STMicroelectronics LIBJPEG 8.0.0
2026-02-15 14:17:42,132 [INFO] ThirdParty:1030 - CMSIS Pack Vendor :STMicroelectronics FP-ATR-ASTRA1 2.0.2
2026-02-15 14:17:42,132 [INFO] ThirdParty:1030 - CMSIS Pack Vendor :wolfSSL I-CUBE-wolfSSL 5.8.2
2026-02-15 14:17:42,133 [INFO] ThirdParty:1030 - CMSIS Pack Vendor :STMicroelectronics X-CUBE-BLE1 7.1.0
2026-02-15 14:17:42,133 [INFO] ThirdParty:1030 - CMSIS Pack Vendor :STMicroelectronics X-CUBE-SMBUS 2.1.0
2026-02-15 14:17:42,133 [INFO] ThirdParty:1030 - CMSIS Pack Vendor :wolfSSL I-CUBE-wolfMQTT 1.19.2
2026-02-15 14:17:42,133 [INFO] ThirdParty:1030 - CMSIS Pack Vendor :STMicroelectronics USB_DEVICE 3.0.0
2026-02-15 14:17:42,133 [INFO] ThirdParty:1030 - CMSIS Pack Vendor :STMicroelectronics X-CUBE-ISPU 2.1.0
2026-02-15 14:17:42,134 [INFO] ThirdParty:1030 - CMSIS Pack Vendor :STMicroelectronics X-CUBE-FREERTOS 1.4.0
2026-02-15 14:17:42,135 [INFO] ThirdParty:1030 - CMSIS Pack Vendor :STMicroelectronics X-CUBE-EEPRMA1 5.2.0
2026-02-15 14:17:42,135 [INFO] ThirdParty:1030 - CMSIS Pack Vendor :STMicroelectronics X-CUBE-IPS 3.2.0
2026-02-15 14:17:42,135 [INFO] ThirdParty:1030 - CMSIS Pack Vendor :STMicroelectronics X-CUBE-BLEMGR 4.1.0
2026-02-15 14:17:42,135 [INFO] ThirdParty:1030 - CMSIS Pack Vendor :STMicroelectronics X-CUBE-AZRTOS-WB 2.0.0
2026-02-15 14:17:42,135 [INFO] ThirdParty:1030 - CMSIS Pack Vendor :STMicroelectronics X-CUBE-ST60 1.0.0
2026-02-15 14:17:42,135 [INFO] ThirdParty:1030 - CMSIS Pack Vendor :STMicroelectronics X-CUBE-GNSS1 7.0.1
2026-02-15 14:17:42,135 [INFO] ThirdParty:1030 - CMSIS Pack Vendor :STMicroelectronics X-CUBE-NFC12 1.0.0
2026-02-15 14:17:42,136 [INFO] ThirdParty:1030 - CMSIS Pack Vendor :STMicroelectronics X-CUBE-AZRTOS-F7 1.1.0
2026-02-15 14:17:42,136 [INFO] ThirdParty:1030 - CMSIS Pack Vendor :STMicroelectronics X-CUBE-AZRTOS-L5 2.0.0
2026-02-15 14:17:42,136 [INFO] ThirdParty:1030 - CMSIS Pack Vendor :STMicroelectronics X-CUBE-TOUCHGFX 4.25.0
2026-02-15 14:17:42,136 [INFO] ThirdParty:1030 - CMSIS Pack Vendor :STMicroelectronics USB_DEVICE 2.0.0
2026-02-15 14:17:42,136 [INFO] ThirdParty:1030 - CMSIS Pack Vendor :STMicroelectronics X-CUBE-NFC6 3.1.0
2026-02-15 14:17:42,136 [INFO] ThirdParty:1030 - CMSIS Pack Vendor :Cesanta I-CUBE-Mongoose 7.19.0
2026-02-15 14:17:42,136 [INFO] ThirdParty:1030 - CMSIS Pack Vendor :quantropi X-CUBE-qispace-sdk-base 2.1.0
2026-02-15 14:17:42,136 [INFO] ThirdParty:1030 - CMSIS Pack Vendor :STMicroelectronics X-CUBE-MEMS1 12.0.0
2026-02-15 14:17:42,136 [INFO] ThirdParty:1030 - CMSIS Pack Vendor :STMicroelectronics X-CUBE-STSE01 2.0.0
2026-02-15 14:17:42,136 [INFO] ThirdParty:1030 - CMSIS Pack Vendor :STMicroelectronics FP-SNS-MOTENV1 5.1.0
2026-02-15 14:17:42,137 [INFO] ThirdParty:1030 - CMSIS Pack Vendor :STMicroelectronics FreeRTOS 0.0.1
2026-02-15 14:17:42,137 [INFO] ThirdParty:1030 - CMSIS Pack Vendor :STMicroelectronics X-CUBE-AZRTOS-G0 1.1.0
2026-02-15 14:17:42,137 [INFO] ThirdParty:1030 - CMSIS Pack Vendor :STMicroelectronics X-CUBE-SAFEA1 1.2.2
2026-02-15 14:17:42,137 [INFO] ThirdParty:1030 - CMSIS Pack Vendor :STMicroelectronics X-CUBE-NFC4 3.0.0
2026-02-15 14:17:42,137 [INFO] ThirdParty:1030 - CMSIS Pack Vendor :STMicroelectronics X-CUBE-SUBG2 5.0.0
2026-02-15 14:17:42,137 [INFO] ThirdParty:1030 - CMSIS Pack Vendor :STMicroelectronics X-CUBE-AZRTOS-H7RS 1.1.0
2026-02-15 14:17:42,138 [INFO] ThirdParty:1030 - CMSIS Pack Vendor :STMicroelectronics STM32_WPAN 1.0.0
2026-02-15 14:17:42,138 [INFO] ThirdParty:1030 - CMSIS Pack Vendor :EmbeddedOffice I-CUBE-FS-RTOS 1.0.1
2026-02-15 14:17:42,138 [INFO] ThirdParty:1030 - CMSIS Pack Vendor :STMicroelectronics lwIP 2.0.3
2026-02-15 14:17:42,138 [INFO] ThirdParty:1030 - CMSIS Pack Vendor :WES I-CUBE-Cesium 1.4.0
2026-02-15 14:17:42,138 [INFO] ThirdParty:1030 - CMSIS Pack Vendor :STMicroelectronics USB_HOST 1.0.0
2026-02-15 14:17:42,138 [INFO] ThirdParty:1030 - CMSIS Pack Vendor :Infineon AIROC-Wi-Fi-Bluetooth-STM32 1.7.1
2026-02-15 14:17:42,138 [INFO] ThirdParty:1030 - CMSIS Pack Vendor :STMicroelectronics X-CUBE-AZRTOS-G4 2.0.0
2026-02-15 14:17:42,139 [INFO] ThirdParty:1030 - CMSIS Pack Vendor :STMicroelectronics X-CUBE-WB05N 2.0.0
2026-02-15 14:17:42,139 [INFO] ThirdParty:1030 - CMSIS Pack Vendor :STMicroelectronics PDM2PCM 3.1.0
2026-02-15 14:17:42,139 [INFO] ThirdParty:1030 - CMSIS Pack Vendor :STMicroelectronics PDM2PCM 3.3.0
2026-02-15 14:17:42,139 [INFO] ThirdParty:1030 - CMSIS Pack Vendor :wolfSSL I-CUBE-wolfTPM 3.8.0
2026-02-15 14:17:42,139 [INFO] ThirdParty:1030 - CMSIS Pack Vendor :STMicroelectronics X-CUBE-AZRTOS-H7 3.4.0
2026-02-15 14:17:42,139 [INFO] ThirdParty:1030 - CMSIS Pack Vendor :STMicroelectronics X-CUBE-DISPLAY 3.0.0
2026-02-15 14:17:42,139 [INFO] ThirdParty:1030 - CMSIS Pack Vendor :wolfSSL I-CUBE-wolfSSH 1.4.20
2026-02-15 14:17:42,140 [INFO] ThirdParty:1030 - CMSIS Pack Vendor :STMicroelectronics X-CUBE-NFC7 2.0.0
2026-02-15 14:17:42,140 [INFO] ThirdParty:1030 - CMSIS Pack Vendor :STMicroelectronics X-CUBE-TCPP 4.2.0
2026-02-15 14:17:42,140 [INFO] ThirdParty:1030 - CMSIS Pack Vendor :RealThread X-CUBE-RT-Thread_Nano 4.1.1
2026-02-15 14:17:42,140 [INFO] ThirdParty:1030 - CMSIS Pack Vendor :STMicroelectronics FP-ATR-SIGFOX1 3.2.0
2026-02-15 14:17:42,140 [INFO] ThirdParty:1030 - CMSIS Pack Vendor :STMicroelectronics X-CUBE-NFC10 1.0.0
2026-02-15 14:17:42,140 [INFO] ThirdParty:1030 - CMSIS Pack Vendor :STMicroelectronics X-CUBE-FREERTOS 1.3.1
2026-02-15 14:17:42,140 [INFO] ThirdParty:1030 - CMSIS Pack Vendor :STMicroelectronics HAL Drivers 0.0.0
2026-02-15 14:17:42,141 [INFO] ThirdParty:1030 - CMSIS Pack Vendor :STMicroelectronics MBEDTLS 2.16.2
2026-02-15 14:17:42,141 [INFO] ThirdParty:1030 - CMSIS Pack Vendor :STMicroelectronics X-CUBE-ST60 1.1.0
2026-02-15 14:17:42,141 [INFO] ThirdParty:1030 - CMSIS Pack Vendor :STMicroelectronics X-CUBE-IPS 3.1.0
2026-02-15 14:17:42,141 [INFO] ThirdParty:1030 - CMSIS Pack Vendor :STMicroelectronics X-CUBE-ALS 1.0.2
2026-02-15 14:17:42,141 [INFO] ThirdParty:1030 - CMSIS Pack Vendor :emotas I-CUBE-CANOPEN 1.3.0
2026-02-15 14:17:42,141 [INFO] ThirdParty:1030 - CMSIS Pack Vendor :STMicroelectronics MBEDTLS 2.14.1
2026-02-15 14:17:42,141 [INFO] ThirdParty:1030 - CMSIS Pack Vendor :STMicroelectronics X-CUBE-GNSS1 7.1.0
2026-02-15 14:17:42,142 [INFO] ThirdParty:1030 - CMSIS Pack Vendor :ITTIA_DB I-CUBE-ITTIADB 8.9.0
2026-02-15 14:17:42,142 [INFO] ThirdParty:1030 - CMSIS Pack Vendor :STMicroelectronics X-CUBE-TOUCHGFX 4.26.0
2026-02-15 14:17:42,142 [INFO] ThirdParty:1030 - CMSIS Pack Vendor :STMicroelectronics X-CUBE-STSE01 1.0.0
2026-02-15 14:17:42,142 [INFO] ThirdParty:1030 - CMSIS Pack Vendor :STMicroelectronics X-CUBE-NFC6 3.2.0
2026-02-15 14:17:42,143 [INFO] ThirdParty:1030 - CMSIS Pack Vendor :STMicroelectronics X-CUBE-ST67W61 1.0.0
2026-02-15 14:17:42,143 [INFO] ThirdParty:1030 - CMSIS Pack Vendor :STMicroelectronics FP-SNS-STBOX1 2.1.0
2026-02-15 14:17:42,143 [INFO] ThirdParty:1030 - CMSIS Pack Vendor :STMicroelectronics X-CUBE-AI 10.2.0
2026-02-15 14:17:42,143 [INFO] ThirdParty:1030 - CMSIS Pack Vendor :STMicroelectronics FP-SNS-STAIOTCFT 1.0.0
2026-02-15 14:17:42,143 [INFO] ThirdParty:1030 - CMSIS Pack Vendor :STMicroelectronics ThreadX 1.0.0
2026-02-15 14:17:42,143 [INFO] ThirdParty:1030 - CMSIS Pack Vendor :STMicroelectronics FP-SNS-SMARTAG2 1.2.0
2026-02-15 14:17:42,143 [INFO] ThirdParty:1030 - CMSIS Pack Vendor :STMicroelectronics FP-SNS-FLIGHT1 5.1.0
2026-02-15 14:17:42,143 [INFO] ThirdParty:1030 - CMSIS Pack Vendor :STMicroelectronics X-CUBE-AZRTOS-WL 2.0.0
2026-02-15 14:17:42,144 [INFO] ThirdParty:1030 - CMSIS Pack Vendor :SEGGER I-CUBE-embOS 1.3.1
2026-02-15 14:17:42,144 [INFO] ThirdParty:1030 - CMSIS Pack Vendor :STMicroelectronics X-CUBE-ALGOBUILD 1.4.0
2026-02-15 14:17:42,144 [INFO] ThirdParty:1030 - CMSIS Pack Vendor :STMicroelectronics X-CUBE-DPower 1.3.0
2026-02-15 14:17:42,144 [INFO] ThirdParty:1030 - CMSIS Pack Vendor :STMicroelectronics X-CUBE-MEMS1 11.3.0
2026-02-15 14:17:42,144 [INFO] ThirdParty:1030 - CMSIS Pack Vendor :STMicroelectronics FP-SNS-MOTENV1 5.0.0
2026-02-15 14:17:42,145 [INFO] ThirdParty:1030 - CMSIS Pack Vendor :STMicroelectronics USB_DEVICE 1.0.0
2026-02-15 14:17:42,145 [INFO] ThirdParty:1030 - CMSIS Pack Vendor :STMicroelectronics X-CUBE-AZRTOS-H7RS 1.2.0
2026-02-15 14:17:42,145 [INFO] ThirdParty:1030 - CMSIS Pack Vendor :STMicroelectronics X-CUBE-AZRTOS-L4 2.0.0
2026-02-15 14:17:42,145 [INFO] ThirdParty:1030 - CMSIS Pack Vendor :STMicroelectronics ThreadX 0.0.2
2026-02-15 14:17:42,145 [INFO] ThirdParty:1030 - CMSIS Pack Vendor :STMicroelectronics lwIP 2.1.2
2026-02-15 14:17:42,145 [INFO] ThirdParty:1030 - CMSIS Pack Vendor :STMicroelectronics X-CUBE-SFXS2LP1 4.0.0
2026-02-15 14:17:42,145 [INFO] ThirdParty:1030 - CMSIS Pack Vendor :STMicroelectronics X-CUBE-BLE2 3.3.0
2026-02-15 14:17:42,145 [INFO] ThirdParty:1030 - CMSIS Pack Vendor :Avnet-IOTCONNECT X-CUBE-iotc-st67-sdk 1.0.0
2026-02-15 14:17:42,146 [INFO] ThirdParty:1030 - CMSIS Pack Vendor :STMicroelectronics X-CUBE-TOF1 3.4.3
2026-02-15 14:17:42,146 [INFO] ThirdParty:1030 - CMSIS Pack Vendor :STMicroelectronics PDM2PCM 3.2.0
2026-02-15 14:17:42,146 [INFO] ThirdParty:1030 - CMSIS Pack Vendor :STMicroelectronics X-CUBE-ST67W61 1.2.0
2026-02-15 14:17:42,146 [INFO] ThirdParty:841 - exiting critical section [change project]
2026-02-15 14:17:42,477 [INFO] PinOutPanel:1589 - setPackage(No Configuration,No Configuration)
2026-02-15 14:17:42,478 [INFO] PinOutPanel:1589 - setPackage(STM32F446RETx,LQFP64)
2026-02-15 14:17:43,096 [INFO] UtilMem:75 - Before build in PCC Used Memory: 734692304 Bytes (1073741824)
2026-02-15 14:17:43,520 [INFO] UtilMem:75 - After build in PCC Used Memory: 785023952 Bytes (1073741824)
2026-02-15 14:17:43,567 [INFO] IPUIPlugin:80 - create IPUIPlugin
2026-02-15 14:17:43,567 [INFO] IPUIPlugin:80 - create IPUIPlugin
2026-02-15 14:17:43,567 [INFO] IPUIPlugin:80 - create IPUIPlugin
2026-02-15 14:17:43,567 [INFO] IPUIPlugin:80 - create IPUIPlugin
2026-02-15 14:17:43,567 [INFO] IPUIPlugin:80 - create IPUIPlugin
2026-02-15 14:17:43,568 [INFO] IPUIPlugin:80 - create IPUIPlugin
2026-02-15 14:17:43,568 [INFO] IPUIPlugin:80 - create IPUIPlugin
2026-02-15 14:17:43,568 [INFO] IPUIPlugin:80 - create IPUIPlugin
2026-02-15 14:17:43,569 [INFO] IPUIPlugin:80 - create IPUIPlugin
2026-02-15 14:17:43,569 [INFO] IPUIPlugin:80 - create IPUIPlugin
2026-02-15 14:17:43,569 [INFO] IPUIPlugin:80 - create IPUIPlugin
2026-02-15 14:17:43,569 [INFO] IPUIPlugin:80 - create IPUIPlugin
2026-02-15 14:17:43,569 [INFO] IPUIPlugin:80 - create IPUIPlugin
2026-02-15 14:17:43,570 [INFO] IPUIPlugin:80 - create IPUIPlugin
2026-02-15 14:17:43,570 [INFO] IPUIPlugin:80 - create IPUIPlugin
2026-02-15 14:17:43,570 [INFO] IPUIPlugin:80 - create IPUIPlugin
2026-02-15 14:17:43,570 [INFO] IPUIPlugin:80 - create IPUIPlugin
2026-02-15 14:17:43,570 [INFO] IPUIPlugin:80 - create IPUIPlugin
2026-02-15 14:17:43,571 [INFO] IPUIPlugin:80 - create IPUIPlugin
2026-02-15 14:17:43,571 [INFO] IPUIPlugin:80 - create IPUIPlugin
2026-02-15 14:17:43,571 [INFO] IPUIPlugin:80 - create IPUIPlugin
2026-02-15 14:17:43,572 [INFO] IPUIPlugin:80 - create IPUIPlugin
2026-02-15 14:17:43,574 [INFO] IPUIPlugin:80 - create IPUIPlugin
2026-02-15 14:17:43,574 [INFO] IPUIPlugin:80 - create IPUIPlugin
2026-02-15 14:17:43,575 [INFO] IPUIPlugin:80 - create IPUIPlugin
2026-02-15 14:17:43,575 [INFO] IPUIPlugin:80 - create IPUIPlugin
2026-02-15 14:17:43,576 [INFO] IPUIPlugin:80 - create IPUIPlugin
2026-02-15 14:17:43,576 [INFO] IPUIPlugin:80 - create IPUIPlugin
2026-02-15 14:17:43,577 [INFO] IPUIPlugin:80 - create IPUIPlugin
2026-02-15 14:17:43,577 [INFO] IPUIPlugin:80 - create IPUIPlugin
2026-02-15 14:17:43,578 [INFO] IPUIPlugin:80 - create IPUIPlugin
2026-02-15 14:17:43,578 [INFO] IPUIPlugin:80 - create IPUIPlugin
2026-02-15 14:17:43,579 [INFO] IPUIPlugin:80 - create IPUIPlugin
2026-02-15 14:17:43,579 [INFO] IPUIPlugin:80 - create IPUIPlugin
2026-02-15 14:17:43,579 [INFO] IPUIPlugin:80 - create IPUIPlugin
2026-02-15 14:17:43,580 [INFO] IPUIPlugin:80 - create IPUIPlugin
2026-02-15 14:17:43,580 [INFO] IPUIPlugin:80 - create IPUIPlugin
2026-02-15 14:17:43,581 [INFO] IPUIPlugin:80 - create IPUIPlugin
2026-02-15 14:17:43,581 [INFO] IPUIPlugin:80 - create IPUIPlugin
2026-02-15 14:17:43,581 [INFO] IPUIPlugin:80 - create IPUIPlugin
2026-02-15 14:17:43,582 [INFO] IPUIPlugin:80 - create IPUIPlugin
2026-02-15 14:17:43,582 [INFO] IPUIPlugin:80 - create IPUIPlugin
2026-02-15 14:17:43,582 [INFO] IPUIPlugin:80 - create IPUIPlugin
2026-02-15 14:17:43,583 [INFO] IPUIPlugin:80 - create IPUIPlugin
2026-02-15 14:17:43,583 [INFO] IPUIPlugin:80 - create IPUIPlugin
2026-02-15 14:17:43,584 [INFO] IPUIPlugin:80 - create IPUIPlugin
2026-02-15 14:17:43,584 [INFO] IPUIPlugin:80 - create IPUIPlugin
2026-02-15 14:17:43,584 [INFO] IPUIPlugin:80 - create IPUIPlugin
2026-02-15 14:17:43,585 [INFO] IPUIPlugin:80 - create IPUIPlugin
2026-02-15 14:17:43,585 [INFO] IPUIPlugin:80 - create IPUIPlugin
2026-02-15 14:17:43,586 [INFO] IPUIPlugin:80 - create IPUIPlugin
2026-02-15 14:17:43,586 [INFO] IPUIPlugin:80 - create IPUIPlugin
2026-02-15 14:17:43,587 [INFO] IPUIPlugin:80 - create IPUIPlugin
2026-02-15 14:17:43,587 [INFO] IPUIPlugin:80 - create IPUIPlugin
2026-02-15 14:17:43,588 [INFO] IPUIPlugin:80 - create IPUIPlugin
2026-02-15 14:17:43,589 [INFO] IPUIPlugin:80 - create IPUIPlugin
2026-02-15 14:17:43,591 [INFO] IPUIPlugin:80 - create IPUIPlugin
2026-02-15 14:17:43,592 [INFO] IPUIPlugin:80 - create IPUIPlugin
2026-02-15 14:17:43,594 [INFO] IPUIPlugin:80 - create IPUIPlugin
2026-02-15 14:17:43,594 [INFO] IPUIPlugin:80 - create IPUIPlugin
2026-02-15 14:17:43,600 [INFO] ApiDbMcu:532 - Load IP Config File for PDM2PCM
2026-02-15 14:17:43,695 [INFO] CADModel:165 - CPN selected for project levelSTM32F446RET6
2026-02-15 14:17:43,696 [INFO] CADModel:114 - Register for checkConnection events
2026-02-15 14:17:43,754 [INFO] OpenFileManager:386 - Restore cursor
2026-02-15 14:52:33,145 [INFO] MainUpdater:2872 - connection check result : 10
2026-02-15 14:52:33,146 [INFO] MainUpdater:2872 - connection check result : 10
2026-02-15 14:52:33,323 [INFO] MicroXplorer:468 - Change Database Path : 
2026-02-15 14:52:33,324 [INFO] MicroXplorer:498 - Change Database Version : DB.6.0.150
2026-02-15 14:52:33,342 [ERROR] ProjectManagerView:395 - 
java.lang.NullPointerException: Cannot invoke "javax.swing.JTextField.getText()" because the return value of "java.util.List.get(int)" is null
	at com.st.microxplorer.plugins.projectmanager.gui.ProjectChoiceTab$9.caretUpdate(ProjectChoiceTab.java:2706) ~[filemanager.jar:?]
	at javax.swing.text.JTextComponent.fireCaretUpdate(JTextComponent.java:408) ~[?:?]
	at javax.swing.text.JTextComponent$MutableCaretEvent.fire(JTextComponent.java:4484) ~[?:?]
	at javax.swing.text.JTextComponent$MutableCaretEvent.stateChanged(JTextComponent.java:4506) ~[?:?]
	at javax.swing.text.DefaultCaret.fireStateChanged(DefaultCaret.java:857) ~[?:?]
	at javax.swing.text.DefaultCaret.changeCaretPosition(DefaultCaret.java:1343) ~[?:?]
	at javax.swing.text.DefaultCaret.handleSetDot(DefaultCaret.java:1242) ~[?:?]
	at javax.swing.text.DefaultCaret.setDot(DefaultCaret.java:1223) ~[?:?]
	at javax.swing.text.DefaultCaret$Handler.insertUpdate(DefaultCaret.java:1819) ~[?:?]
	at javax.swing.text.AbstractDocument.fireInsertUpdate(AbstractDocument.java:227) ~[?:?]
	at javax.swing.text.AbstractDocument.handleInsertString(AbstractDocument.java:781) ~[?:?]
	at javax.swing.text.AbstractDocument.insertString(AbstractDocument.java:740) ~[?:?]
	at javax.swing.text.PlainDocument.insertString(PlainDocument.java:131) ~[?:?]
	at javax.swing.text.AbstractDocument.replace(AbstractDocument.java:699) ~[?:?]
	at javax.swing.text.JTextComponent.setText(JTextComponent.java:1725) ~[?:?]
	at com.st.microxplorer.plugins.projectmanager.gui.ProjectChoiceTab.createHeapStackFields(ProjectChoiceTab.java:993) ~[filemanager.jar:?]
	at com.st.microxplorer.plugins.projectmanager.gui.ProjectChoiceTab.buildLinkSettingsPanel(ProjectChoiceTab.java:3813) ~[filemanager.jar:?]
	at com.st.microxplorer.plugins.projectmanager.gui.ProjectChoiceTab.defineWindowsFields(ProjectChoiceTab.java:1987) ~[filemanager.jar:?]
	at com.st.microxplorer.plugins.projectmanager.gui.ProjectChoiceTab.updateSettings(ProjectChoiceTab.java:558) ~[filemanager.jar:?]
	at com.st.microxplorer.plugins.projectmanager.gui.ProjectSettingsPanel.UpdateDialog(ProjectSettingsPanel.java:247) ~[filemanager.jar:?]
	at com.st.microxplorer.plugins.projectmanager.ProjectManagerView.propertyChange(ProjectManagerView.java:392) ~[filemanager.jar:?]
	at java.beans.PropertyChangeSupport.fire(PropertyChangeSupport.java:343) ~[?:?]
	at java.beans.PropertyChangeSupport.firePropertyChange(PropertyChangeSupport.java:335) ~[?:?]
	at java.beans.PropertyChangeSupport.firePropertyChange(PropertyChangeSupport.java:268) ~[?:?]
	at com.st.microxplorer.util.MXPropertyChangeSupport.firePropertyChange(MXPropertyChangeSupport.java:54) ~[STM32CubeMX.jar:?]
	at com.st.microxplorer.mxsystem.MxSystem.closeConfig(MxSystem.java:899) ~[STM32CubeMX.jar:?]
	at com.st.microxplorer.maingui.MainPanel.closeConfig(MainPanel.java:792) ~[STM32CubeMX.jar:?]
	at com.st.microxplorer.plugins.filemanager.engine.OpenFileManager.loadConfigurationFile(OpenFileManager.java:288) ~[filemanager.jar:?]
	at com.st.microxplorer.plugins.filemanager.engine.MainFileManager.userLoadConfig(MainFileManager.java:364) ~[filemanager.jar:?]
	at com.st.microxplorer.plugins.filemanager.engine.MainFileManager.userLoadConfig(MainFileManager.java:342) ~[filemanager.jar:?]
	at com.st.microxplorer.plugins.filemanager.FileManagerView.getSpecificTask(FileManagerView.java:264) ~[filemanager.jar:?]
	at com.st.stm32cube.common.mx.editor.CubeMxEditor.getMxTabbedPaneInstance(CubeMxEditor.java:1198) ~[com.st.stm32cube.common.mx_6.15.0.202507011659/:?]
	at com.st.stm32cube.common.mx.editor.CubeMxEditor$12$1.createSwingComponent(CubeMxEditor.java:1068) ~[com.st.stm32cube.common.mx_6.15.0.202507011659/:?]
	at com.st.stm32cube.common.mx.oss.core.awtswtbridge.EmbeddedSwingComposite.doComponentCreation(EmbeddedSwingComposite.java:492) ~[com.st.stm32cube.common.mx.oss_6.15.0.202507011659/:?]
	at com.st.stm32cube.common.mx.oss.core.awtswtbridge.EmbeddedSwingComposite$4.run(EmbeddedSwingComposite.java:291) ~[com.st.stm32cube.common.mx.oss_6.15.0.202507011659/:?]
	at com.st.stm32cube.common.mx.oss.core.awtswtbridge.AwtEnvironment$2.run(AwtEnvironment.java:166) ~[com.st.stm32cube.common.mx.oss_6.15.0.202507011659/:?]
	at java.awt.event.InvocationEvent.dispatch(InvocationEvent.java:318) ~[?:?]
	at java.awt.EventQueue.dispatchEventImpl(EventQueue.java:773) ~[?:?]
	at java.awt.EventQueue$4.run(EventQueue.java:720) ~[?:?]
	at java.awt.EventQueue$4.run(EventQueue.java:714) ~[?:?]
	at java.security.AccessController.doPrivileged(AccessController.java:400) ~[?:?]
	at java.security.ProtectionDomain$JavaSecurityAccessImpl.doIntersectionPrivilege(ProtectionDomain.java:87) ~[?:?]
	at java.awt.EventQueue.dispatchEvent(EventQueue.java:742) ~[?:?]
	at java.awt.EventDispatchThread.pumpOneEventForFilters(EventDispatchThread.java:203) ~[?:?]
	at java.awt.EventDispatchThread.pumpEventsForFilter(EventDispatchThread.java:124) ~[?:?]
	at java.awt.EventDispatchThread.pumpEventsForHierarchy(EventDispatchThread.java:113) ~[?:?]
	at java.awt.EventDispatchThread.pumpEvents(EventDispatchThread.java:109) ~[?:?]
	at java.awt.EventDispatchThread.pumpEvents(EventDispatchThread.java:101) ~[?:?]
	at java.awt.EventDispatchThread.run(EventDispatchThread.java:90) ~[?:?]
2026-02-15 14:52:33,345 [WARN] ThirdParty:871 - waiting for thirdparty lock release [close project]
2026-02-15 14:52:33,345 [INFO] ThirdParty:873 - entering critical section [close project]
2026-02-15 14:52:33,345 [INFO] ThirdParty:883 - exiting critical section [close project]
2026-02-15 14:52:33,347 [INFO] PinOutPanel:1589 - setPackage(No Configuration,No Configuration)
2026-02-15 14:52:33,361 [WARN] IpParametersView:155 - Warning: This peripheral hasn't parameters
2026-02-15 14:52:33,367 [WARN] MainPanel:289 - <html><b><center>Warning: This peripheral has no parameters to be configured<br></b></html>
2026-02-15 14:52:33,370 [INFO] UtilMem:75 - Begin LoadConfig() Used Memory: 856157376 Bytes (1073741824)
2026-02-15 14:52:33,371 [INFO] MicroXplorer:468 - Change Database Path : 
2026-02-15 14:52:33,371 [INFO] MicroXplorer:498 - Change Database Version : DB.6.0.150
2026-02-15 14:52:33,371 [INFO] OpenFileManager:355 - Change cursor
2026-02-15 14:52:33,383 [INFO] Mcu:2029 - Initializing MCU STM32F446R(C-E)Tx STM32F446RETx STM32F446RET6
2026-02-15 14:52:35,011 [INFO] Context:786 - Trying to add GPIOservice into a context  which must be forbidden
2026-02-15 14:52:36,025 [INFO] ImportTextPane:234 - (OptionalMessage_ERROR) Pin14 (VP_RIF_VS_RIF1) cannot be retrieved for this MCU
2026-02-15 14:52:36,534 [INFO] RtosManager:558 - Registered RTOS mode: class=CMSIS, group=RTOS, mode=CMSIS_V1, owner=FREERTOS
2026-02-15 14:52:36,534 [INFO] RtosManager:558 - Registered RTOS mode: class=CMSIS, group=RTOS2, mode=CMSIS_V2, owner=FREERTOS
2026-02-15 14:52:36,534 [INFO] RtosManager:558 - Registered RTOS mode: class=RTOS, group=Core, mode=CMSIS_V1, owner=FREERTOS
2026-02-15 14:52:36,534 [INFO] RtosManager:558 - Registered RTOS mode: class=RTOS, group=Core, mode=CMSIS_V2, owner=FREERTOS
2026-02-15 14:52:36,534 [WARN] ModelIntegratedComponent:184 - Missing modes for component STMicroelectronics:FreeRTOS:0.0.1:STMicroelectronics:RTOS:FreeRTOS:Core:::10.2.0:
2026-02-15 14:52:36,551 [WARN] ModelIntegratedComponent:63 - No mode defined for component null
2026-02-15 14:52:36,551 [WARN] ModelIntegratedComponent:63 - No mode defined for component null
2026-02-15 14:52:36,551 [WARN] ModelIntegratedComponent:63 - No mode defined for component null
2026-02-15 14:52:36,551 [WARN] ModelIntegratedComponent:63 - No mode defined for component null
2026-02-15 14:52:36,551 [WARN] ModelIntegratedComponent:63 - No mode defined for component null
2026-02-15 14:52:36,551 [WARN] ModelIntegratedComponent:63 - No mode defined for component null
2026-02-15 14:52:36,551 [WARN] ModelIntegratedComponent:63 - No mode defined for component null
2026-02-15 14:52:36,551 [WARN] ModelIntegratedComponent:63 - No mode defined for component null
2026-02-15 14:52:36,551 [WARN] ModelIntegratedComponent:63 - No mode defined for component null
2026-02-15 14:52:36,551 [WARN] ModelIntegratedComponent:63 - No mode defined for component null
2026-02-15 14:52:36,551 [WARN] ModelIntegratedComponent:63 - No mode defined for component null
2026-02-15 14:52:36,551 [WARN] ModelIntegratedComponent:63 - No mode defined for component null
2026-02-15 14:52:36,551 [WARN] ModelIntegratedComponent:63 - No mode defined for component null
2026-02-15 14:52:36,551 [WARN] ModelIntegratedComponent:63 - No mode defined for component null
2026-02-15 14:52:36,551 [WARN] ModelIntegratedComponent:63 - No mode defined for component null
2026-02-15 14:52:36,551 [WARN] ModelIntegratedComponent:63 - No mode defined for component null
2026-02-15 14:52:36,551 [WARN] ModelIntegratedComponent:63 - No mode defined for component null
2026-02-15 14:52:36,552 [WARN] ModelIntegratedComponent:63 - No mode defined for component null
2026-02-15 14:52:36,552 [WARN] ModelIntegratedComponent:63 - No mode defined for component null
2026-02-15 14:52:36,552 [WARN] ModelIntegratedComponent:63 - No mode defined for component null
2026-02-15 14:52:36,552 [WARN] ModelIntegratedComponent:63 - No mode defined for component null
2026-02-15 14:52:36,552 [WARN] ModelIntegratedComponent:63 - No mode defined for component null
2026-02-15 14:52:36,552 [WARN] ModelIntegratedComponent:63 - No mode defined for component null
2026-02-15 14:52:36,552 [WARN] ModelIntegratedComponent:63 - No mode defined for component null
2026-02-15 14:52:36,552 [WARN] ModelIntegratedComponent:63 - No mode defined for component null
2026-02-15 14:52:36,552 [WARN] ModelIntegratedComponent:63 - No mode defined for component null
2026-02-15 14:52:36,552 [WARN] ModelIntegratedComponent:63 - No mode defined for component null
2026-02-15 14:52:36,552 [WARN] ModelIntegratedComponent:63 - No mode defined for component null
2026-02-15 14:52:36,552 [WARN] ModelIntegratedComponent:63 - No mode defined for component null
2026-02-15 14:52:36,552 [WARN] ModelIntegratedComponent:63 - No mode defined for component null
2026-02-15 14:52:36,552 [WARN] ModelIntegratedComponent:63 - No mode defined for component null
2026-02-15 14:52:36,552 [WARN] ModelIntegratedComponent:63 - No mode defined for component null
2026-02-15 14:52:36,552 [WARN] ModelIntegratedComponent:63 - No mode defined for component null
2026-02-15 14:52:36,552 [WARN] ModelIntegratedComponent:63 - No mode defined for component null
2026-02-15 14:52:36,552 [WARN] ModelIntegratedComponent:63 - No mode defined for component null
2026-02-15 14:52:36,552 [WARN] ModelPack:524 - Component already loaded: STMicroelectronics:HAL Drivers:0.0.0:STMicroelectronics:Device:STMicro_Driver:XSPI:HAL::0.0.1:HAL_XSPI
2026-02-15 14:52:36,740 [INFO] ThirdPartyModel:298 - Start build external matchings
2026-02-15 14:52:38,351 [INFO] ThirdPartyModel:316 - End build external matchings
2026-02-15 14:52:38,387 [INFO] ImportTextPane:234 - (OptionalMessage_ERROR) IP (RCC) : Invalid parameter (48MHZClocksFreq_Value)
2026-02-15 14:52:38,388 [INFO] ImportTextPane:234 - (OptionalMessage_ERROR) IP (RCC) : Invalid parameter (EthernetFreq_Value)
2026-02-15 14:52:38,389 [INFO] ImportTextPane:234 - (OptionalMessage_ERROR) IP (RCC) : Parameter (FLatency) has Id (AdvancedSettings) currently not set
2026-02-15 14:52:38,389 [INFO] ImportTextPane:234 - (OptionalMessage_ERROR) IP (RCC) : Invalid parameter (FamilyName)
2026-02-15 14:52:38,389 [INFO] ImportTextPane:234 - (OptionalMessage_ERROR) IP (RCC) : Invalid parameter (I2SClocksFreq_Value)
2026-02-15 14:52:38,389 [INFO] ImportTextPane:234 - (OptionalMessage_ERROR) IP (RCC) : Parameter (MCO2PinFreq_Value) has invalid value (180000000)
2026-02-15 14:52:38,390 [INFO] ImportTextPane:234 - (OptionalMessage_ERROR) IP (RCC) : Parameter (SDIOFreq_Value) has invalid value (180000000)
2026-02-15 14:52:38,390 [INFO] ImportTextPane:234 - (OptionalMessage_ERROR) IP (RCC) : Parameter (USBFreq_Value) has invalid value (180000000)
2026-02-15 14:52:38,390 [INFO] ImportTextPane:234 - (OptionalMessage_ERROR) IP (RCC) : Invalid parameter (VCOInputMFreq_Value)
2026-02-15 14:52:38,390 [INFO] ImportTextPane:234 - (OptionalMessage_ERROR) IP (RCC) : Invalid parameter (VcooutputI2S)
2026-02-15 14:52:38,743 [INFO] UtilMem:75 - End LoadConfig() Used Memory: 801205600 Bytes (1073741824)
2026-02-15 14:52:38,774 [WARN] ThirdParty:833 - waiting for thirdparty lock release [change project]
2026-02-15 14:52:38,774 [INFO] ThirdParty:835 - entering critical section [change project]
2026-02-15 14:52:38,774 [INFO] ThirdParty:1030 - CMSIS Pack Vendor :STMicroelectronics X-CUBE-PM33A1 1.0.0
2026-02-15 14:52:38,774 [INFO] ThirdParty:1030 - CMSIS Pack Vendor :STMicroelectronics USBPD 4.1
2026-02-15 14:52:38,774 [INFO] ThirdParty:1030 - CMSIS Pack Vendor :STMicroelectronics X-CUBE-NFC9 1.0.0
2026-02-15 14:52:38,774 [INFO] ThirdParty:1030 - CMSIS Pack Vendor :STMicroelectronics USB_HOST 2.0.0
2026-02-15 14:52:38,774 [INFO] ThirdParty:1030 - CMSIS Pack Vendor :STMicroelectronics FP-SNS-MOTENVWB1 1.4.0
2026-02-15 14:52:38,774 [INFO] ThirdParty:1030 - CMSIS Pack Vendor :STMicroelectronics X-CUBE-AZRTOS-F4 1.1.0
2026-02-15 14:52:38,774 [INFO] ThirdParty:1030 - CMSIS Pack Vendor :STMicroelectronics LIBJPEG 8.0.0
2026-02-15 14:52:38,775 [INFO] ThirdParty:1030 - CMSIS Pack Vendor :STMicroelectronics FP-ATR-ASTRA1 2.0.2
2026-02-15 14:52:38,775 [INFO] ThirdParty:1030 - CMSIS Pack Vendor :wolfSSL I-CUBE-wolfSSL 5.8.2
2026-02-15 14:52:38,775 [INFO] ThirdParty:1030 - CMSIS Pack Vendor :STMicroelectronics X-CUBE-BLE1 7.1.0
2026-02-15 14:52:38,775 [INFO] ThirdParty:1030 - CMSIS Pack Vendor :STMicroelectronics X-CUBE-SMBUS 2.1.0
2026-02-15 14:52:38,775 [INFO] ThirdParty:1030 - CMSIS Pack Vendor :wolfSSL I-CUBE-wolfMQTT 1.19.2
2026-02-15 14:52:38,775 [INFO] ThirdParty:1030 - CMSIS Pack Vendor :STMicroelectronics USB_DEVICE 3.0.0
2026-02-15 14:52:38,775 [INFO] ThirdParty:1030 - CMSIS Pack Vendor :STMicroelectronics X-CUBE-ISPU 2.1.0
2026-02-15 14:52:38,775 [INFO] ThirdParty:1030 - CMSIS Pack Vendor :STMicroelectronics X-CUBE-FREERTOS 1.4.0
2026-02-15 14:52:38,775 [INFO] ThirdParty:1030 - CMSIS Pack Vendor :STMicroelectronics X-CUBE-EEPRMA1 5.2.0
2026-02-15 14:52:38,775 [INFO] ThirdParty:1030 - CMSIS Pack Vendor :STMicroelectronics X-CUBE-IPS 3.2.0
2026-02-15 14:52:38,775 [INFO] ThirdParty:1030 - CMSIS Pack Vendor :STMicroelectronics X-CUBE-BLEMGR 4.1.0
2026-02-15 14:52:38,775 [INFO] ThirdParty:1030 - CMSIS Pack Vendor :STMicroelectronics X-CUBE-AZRTOS-WB 2.0.0
2026-02-15 14:52:38,775 [INFO] ThirdParty:1030 - CMSIS Pack Vendor :STMicroelectronics X-CUBE-ST60 1.0.0
2026-02-15 14:52:38,775 [INFO] ThirdParty:1030 - CMSIS Pack Vendor :STMicroelectronics X-CUBE-GNSS1 7.0.1
2026-02-15 14:52:38,775 [INFO] ThirdParty:1030 - CMSIS Pack Vendor :STMicroelectronics X-CUBE-NFC12 1.0.0
2026-02-15 14:52:38,775 [INFO] ThirdParty:1030 - CMSIS Pack Vendor :STMicroelectronics X-CUBE-AZRTOS-F7 1.1.0
2026-02-15 14:52:38,775 [INFO] ThirdParty:1030 - CMSIS Pack Vendor :STMicroelectronics X-CUBE-AZRTOS-L5 2.0.0
2026-02-15 14:52:38,775 [INFO] ThirdParty:1030 - CMSIS Pack Vendor :STMicroelectronics X-CUBE-TOUCHGFX 4.25.0
2026-02-15 14:52:38,775 [INFO] ThirdParty:1030 - CMSIS Pack Vendor :STMicroelectronics USB_DEVICE 2.0.0
2026-02-15 14:52:38,776 [INFO] ThirdParty:1030 - CMSIS Pack Vendor :STMicroelectronics X-CUBE-NFC6 3.1.0
2026-02-15 14:52:38,776 [INFO] ThirdParty:1030 - CMSIS Pack Vendor :Cesanta I-CUBE-Mongoose 7.19.0
2026-02-15 14:52:38,776 [INFO] ThirdParty:1030 - CMSIS Pack Vendor :quantropi X-CUBE-qispace-sdk-base 2.1.0
2026-02-15 14:52:38,776 [INFO] ThirdParty:1030 - CMSIS Pack Vendor :STMicroelectronics X-CUBE-MEMS1 12.0.0
2026-02-15 14:52:38,776 [INFO] ThirdParty:1030 - CMSIS Pack Vendor :STMicroelectronics X-CUBE-STSE01 2.0.0
2026-02-15 14:52:38,776 [INFO] ThirdParty:1030 - CMSIS Pack Vendor :STMicroelectronics FP-SNS-MOTENV1 5.1.0
2026-02-15 14:52:38,776 [INFO] ThirdParty:1030 - CMSIS Pack Vendor :STMicroelectronics FreeRTOS 0.0.1
2026-02-15 14:52:38,776 [INFO] ThirdParty:1030 - CMSIS Pack Vendor :STMicroelectronics X-CUBE-AZRTOS-G0 1.1.0
2026-02-15 14:52:38,776 [INFO] ThirdParty:1030 - CMSIS Pack Vendor :STMicroelectronics X-CUBE-SAFEA1 1.2.2
2026-02-15 14:52:38,776 [INFO] ThirdParty:1030 - CMSIS Pack Vendor :STMicroelectronics X-CUBE-NFC4 3.0.0
2026-02-15 14:52:38,776 [INFO] ThirdParty:1030 - CMSIS Pack Vendor :STMicroelectronics X-CUBE-SUBG2 5.0.0
2026-02-15 14:52:38,776 [INFO] ThirdParty:1030 - CMSIS Pack Vendor :STMicroelectronics X-CUBE-AZRTOS-H7RS 1.1.0
2026-02-15 14:52:38,776 [INFO] ThirdParty:1030 - CMSIS Pack Vendor :STMicroelectronics STM32_WPAN 1.0.0
2026-02-15 14:52:38,776 [INFO] ThirdParty:1030 - CMSIS Pack Vendor :EmbeddedOffice I-CUBE-FS-RTOS 1.0.1
2026-02-15 14:52:38,776 [INFO] ThirdParty:1030 - CMSIS Pack Vendor :STMicroelectronics lwIP 2.0.3
2026-02-15 14:52:38,776 [INFO] ThirdParty:1030 - CMSIS Pack Vendor :WES I-CUBE-Cesium 1.4.0
2026-02-15 14:52:38,776 [INFO] ThirdParty:1030 - CMSIS Pack Vendor :STMicroelectronics USB_HOST 1.0.0
2026-02-15 14:52:38,776 [INFO] ThirdParty:1030 - CMSIS Pack Vendor :Infineon AIROC-Wi-Fi-Bluetooth-STM32 1.7.1
2026-02-15 14:52:38,776 [INFO] ThirdParty:1030 - CMSIS Pack Vendor :STMicroelectronics X-CUBE-AZRTOS-G4 2.0.0
2026-02-15 14:52:38,776 [INFO] ThirdParty:1030 - CMSIS Pack Vendor :STMicroelectronics X-CUBE-WB05N 2.0.0
2026-02-15 14:52:38,776 [INFO] ThirdParty:1030 - CMSIS Pack Vendor :STMicroelectronics PDM2PCM 3.1.0
2026-02-15 14:52:38,776 [INFO] ThirdParty:1030 - CMSIS Pack Vendor :STMicroelectronics PDM2PCM 3.3.0
2026-02-15 14:52:38,777 [INFO] ThirdParty:1030 - CMSIS Pack Vendor :wolfSSL I-CUBE-wolfTPM 3.8.0
2026-02-15 14:52:38,777 [INFO] ThirdParty:1030 - CMSIS Pack Vendor :STMicroelectronics X-CUBE-AZRTOS-H7 3.4.0
2026-02-15 14:52:38,777 [INFO] ThirdParty:1030 - CMSIS Pack Vendor :STMicroelectronics X-CUBE-DISPLAY 3.0.0
2026-02-15 14:52:38,777 [INFO] ThirdParty:1030 - CMSIS Pack Vendor :wolfSSL I-CUBE-wolfSSH 1.4.20
2026-02-15 14:52:38,777 [INFO] ThirdParty:1030 - CMSIS Pack Vendor :STMicroelectronics X-CUBE-NFC7 2.0.0
2026-02-15 14:52:38,778 [INFO] ThirdParty:1030 - CMSIS Pack Vendor :STMicroelectronics X-CUBE-TCPP 4.2.0
2026-02-15 14:52:38,778 [INFO] ThirdParty:1030 - CMSIS Pack Vendor :RealThread X-CUBE-RT-Thread_Nano 4.1.1
2026-02-15 14:52:38,778 [INFO] ThirdParty:1030 - CMSIS Pack Vendor :STMicroelectronics FP-ATR-SIGFOX1 3.2.0
2026-02-15 14:52:38,778 [INFO] ThirdParty:1030 - CMSIS Pack Vendor :STMicroelectronics X-CUBE-NFC10 1.0.0
2026-02-15 14:52:38,778 [INFO] ThirdParty:1030 - CMSIS Pack Vendor :STMicroelectronics X-CUBE-FREERTOS 1.3.1
2026-02-15 14:52:38,778 [INFO] ThirdParty:1030 - CMSIS Pack Vendor :STMicroelectronics HAL Drivers 0.0.0
2026-02-15 14:52:38,778 [INFO] ThirdParty:1030 - CMSIS Pack Vendor :STMicroelectronics MBEDTLS 2.16.2
2026-02-15 14:52:38,778 [INFO] ThirdParty:1030 - CMSIS Pack Vendor :STMicroelectronics X-CUBE-ST60 1.1.0
2026-02-15 14:52:38,778 [INFO] ThirdParty:1030 - CMSIS Pack Vendor :STMicroelectronics X-CUBE-IPS 3.1.0
2026-02-15 14:52:38,778 [INFO] ThirdParty:1030 - CMSIS Pack Vendor :STMicroelectronics X-CUBE-ALS 1.0.2
2026-02-15 14:52:38,778 [INFO] ThirdParty:1030 - CMSIS Pack Vendor :emotas I-CUBE-CANOPEN 1.3.0
2026-02-15 14:52:38,778 [INFO] ThirdParty:1030 - CMSIS Pack Vendor :STMicroelectronics MBEDTLS 2.14.1
2026-02-15 14:52:38,778 [INFO] ThirdParty:1030 - CMSIS Pack Vendor :STMicroelectronics X-CUBE-GNSS1 7.1.0
2026-02-15 14:52:38,778 [INFO] ThirdParty:1030 - CMSIS Pack Vendor :ITTIA_DB I-CUBE-ITTIADB 8.9.0
2026-02-15 14:52:38,778 [INFO] ThirdParty:1030 - CMSIS Pack Vendor :STMicroelectronics X-CUBE-TOUCHGFX 4.26.0
2026-02-15 14:52:38,778 [INFO] ThirdParty:1030 - CMSIS Pack Vendor :STMicroelectronics X-CUBE-STSE01 1.0.0
2026-02-15 14:52:38,778 [INFO] ThirdParty:1030 - CMSIS Pack Vendor :STMicroelectronics X-CUBE-NFC6 3.2.0
2026-02-15 14:52:38,778 [INFO] ThirdParty:1030 - CMSIS Pack Vendor :STMicroelectronics X-CUBE-ST67W61 1.0.0
2026-02-15 14:52:38,778 [INFO] ThirdParty:1030 - CMSIS Pack Vendor :STMicroelectronics FP-SNS-STBOX1 2.1.0
2026-02-15 14:52:38,779 [INFO] ThirdParty:1030 - CMSIS Pack Vendor :STMicroelectronics X-CUBE-AI 10.2.0
2026-02-15 14:52:38,779 [INFO] ThirdParty:1030 - CMSIS Pack Vendor :STMicroelectronics FP-SNS-STAIOTCFT 1.0.0
2026-02-15 14:52:38,779 [INFO] ThirdParty:1030 - CMSIS Pack Vendor :STMicroelectronics ThreadX 1.0.0
2026-02-15 14:52:38,779 [INFO] ThirdParty:1030 - CMSIS Pack Vendor :STMicroelectronics FP-SNS-SMARTAG2 1.2.0
2026-02-15 14:52:38,779 [INFO] ThirdParty:1030 - CMSIS Pack Vendor :STMicroelectronics FP-SNS-FLIGHT1 5.1.0
2026-02-15 14:52:38,779 [INFO] ThirdParty:1030 - CMSIS Pack Vendor :STMicroelectronics X-CUBE-AZRTOS-WL 2.0.0
2026-02-15 14:52:38,779 [INFO] ThirdParty:1030 - CMSIS Pack Vendor :SEGGER I-CUBE-embOS 1.3.1
2026-02-15 14:52:38,779 [INFO] ThirdParty:1030 - CMSIS Pack Vendor :STMicroelectronics X-CUBE-ALGOBUILD 1.4.0
2026-02-15 14:52:38,779 [INFO] ThirdParty:1030 - CMSIS Pack Vendor :STMicroelectronics X-CUBE-DPower 1.3.0
2026-02-15 14:52:38,779 [INFO] ThirdParty:1030 - CMSIS Pack Vendor :STMicroelectronics X-CUBE-MEMS1 11.3.0
2026-02-15 14:52:38,779 [INFO] ThirdParty:1030 - CMSIS Pack Vendor :STMicroelectronics FP-SNS-MOTENV1 5.0.0
2026-02-15 14:52:38,779 [INFO] ThirdParty:1030 - CMSIS Pack Vendor :STMicroelectronics USB_DEVICE 1.0.0
2026-02-15 14:52:38,779 [INFO] ThirdParty:1030 - CMSIS Pack Vendor :STMicroelectronics X-CUBE-AZRTOS-H7RS 1.2.0
2026-02-15 14:52:38,779 [INFO] ThirdParty:1030 - CMSIS Pack Vendor :STMicroelectronics X-CUBE-AZRTOS-L4 2.0.0
2026-02-15 14:52:38,780 [INFO] ThirdParty:1030 - CMSIS Pack Vendor :STMicroelectronics ThreadX 0.0.2
2026-02-15 14:52:38,780 [INFO] ThirdParty:1030 - CMSIS Pack Vendor :STMicroelectronics lwIP 2.1.2
2026-02-15 14:52:38,780 [INFO] ThirdParty:1030 - CMSIS Pack Vendor :STMicroelectronics X-CUBE-SFXS2LP1 4.0.0
2026-02-15 14:52:38,780 [INFO] ThirdParty:1030 - CMSIS Pack Vendor :STMicroelectronics X-CUBE-BLE2 3.3.0
2026-02-15 14:52:38,780 [INFO] ThirdParty:1030 - CMSIS Pack Vendor :Avnet-IOTCONNECT X-CUBE-iotc-st67-sdk 1.0.0
2026-02-15 14:52:38,780 [INFO] ThirdParty:1030 - CMSIS Pack Vendor :STMicroelectronics X-CUBE-TOF1 3.4.3
2026-02-15 14:52:38,780 [INFO] ThirdParty:1030 - CMSIS Pack Vendor :STMicroelectronics PDM2PCM 3.2.0
2026-02-15 14:52:38,780 [INFO] ThirdParty:1030 - CMSIS Pack Vendor :STMicroelectronics X-CUBE-ST67W61 1.2.0
2026-02-15 14:52:38,780 [INFO] ThirdParty:841 - exiting critical section [change project]
2026-02-15 14:52:39,023 [INFO] PinOutPanel:1589 - setPackage(No Configuration,No Configuration)
2026-02-15 14:52:39,024 [INFO] PinOutPanel:1589 - setPackage(STM32F446RETx,LQFP64)
2026-02-15 14:52:39,512 [INFO] UtilMem:75 - Before build in PCC Used Memory: 741852184 Bytes (1073741824)
2026-02-15 14:52:39,873 [INFO] UtilMem:75 - After build in PCC Used Memory: 794280984 Bytes (1073741824)
2026-02-15 14:52:39,901 [INFO] IPUIPlugin:80 - create IPUIPlugin
2026-02-15 14:52:39,901 [INFO] IPUIPlugin:80 - create IPUIPlugin
2026-02-15 14:52:39,901 [INFO] IPUIPlugin:80 - create IPUIPlugin
2026-02-15 14:52:39,902 [INFO] IPUIPlugin:80 - create IPUIPlugin
2026-02-15 14:52:39,902 [INFO] IPUIPlugin:80 - create IPUIPlugin
2026-02-15 14:52:39,902 [INFO] IPUIPlugin:80 - create IPUIPlugin
2026-02-15 14:52:39,902 [INFO] IPUIPlugin:80 - create IPUIPlugin
2026-02-15 14:52:39,902 [INFO] IPUIPlugin:80 - create IPUIPlugin
2026-02-15 14:52:39,902 [INFO] IPUIPlugin:80 - create IPUIPlugin
2026-02-15 14:52:39,902 [INFO] IPUIPlugin:80 - create IPUIPlugin
2026-02-15 14:52:39,902 [INFO] IPUIPlugin:80 - create IPUIPlugin
2026-02-15 14:52:39,903 [INFO] IPUIPlugin:80 - create IPUIPlugin
2026-02-15 14:52:39,903 [INFO] IPUIPlugin:80 - create IPUIPlugin
2026-02-15 14:52:39,903 [INFO] IPUIPlugin:80 - create IPUIPlugin
2026-02-15 14:52:39,903 [INFO] IPUIPlugin:80 - create IPUIPlugin
2026-02-15 14:52:39,903 [INFO] IPUIPlugin:80 - create IPUIPlugin
2026-02-15 14:52:39,904 [INFO] IPUIPlugin:80 - create IPUIPlugin
2026-02-15 14:52:39,904 [INFO] IPUIPlugin:80 - create IPUIPlugin
2026-02-15 14:52:39,904 [INFO] IPUIPlugin:80 - create IPUIPlugin
2026-02-15 14:52:39,904 [INFO] IPUIPlugin:80 - create IPUIPlugin
2026-02-15 14:52:39,904 [INFO] IPUIPlugin:80 - create IPUIPlugin
2026-02-15 14:52:39,904 [INFO] IPUIPlugin:80 - create IPUIPlugin
2026-02-15 14:52:39,905 [INFO] IPUIPlugin:80 - create IPUIPlugin
2026-02-15 14:52:39,905 [INFO] IPUIPlugin:80 - create IPUIPlugin
2026-02-15 14:52:39,905 [INFO] IPUIPlugin:80 - create IPUIPlugin
2026-02-15 14:52:39,905 [INFO] IPUIPlugin:80 - create IPUIPlugin
2026-02-15 14:52:39,905 [INFO] IPUIPlugin:80 - create IPUIPlugin
2026-02-15 14:52:39,906 [INFO] IPUIPlugin:80 - create IPUIPlugin
2026-02-15 14:52:39,906 [INFO] IPUIPlugin:80 - create IPUIPlugin
2026-02-15 14:52:39,906 [INFO] IPUIPlugin:80 - create IPUIPlugin
2026-02-15 14:52:39,906 [INFO] IPUIPlugin:80 - create IPUIPlugin
2026-02-15 14:52:39,906 [INFO] IPUIPlugin:80 - create IPUIPlugin
2026-02-15 14:52:39,906 [INFO] IPUIPlugin:80 - create IPUIPlugin
2026-02-15 14:52:39,907 [INFO] IPUIPlugin:80 - create IPUIPlugin
2026-02-15 14:52:39,907 [INFO] IPUIPlugin:80 - create IPUIPlugin
2026-02-15 14:52:39,907 [INFO] IPUIPlugin:80 - create IPUIPlugin
2026-02-15 14:52:39,907 [INFO] IPUIPlugin:80 - create IPUIPlugin
2026-02-15 14:52:39,907 [INFO] IPUIPlugin:80 - create IPUIPlugin
2026-02-15 14:52:39,907 [INFO] IPUIPlugin:80 - create IPUIPlugin
2026-02-15 14:52:39,908 [INFO] IPUIPlugin:80 - create IPUIPlugin
2026-02-15 14:52:39,908 [INFO] IPUIPlugin:80 - create IPUIPlugin
2026-02-15 14:52:39,908 [INFO] IPUIPlugin:80 - create IPUIPlugin
2026-02-15 14:52:39,909 [INFO] IPUIPlugin:80 - create IPUIPlugin
2026-02-15 14:52:39,909 [INFO] IPUIPlugin:80 - create IPUIPlugin
2026-02-15 14:52:39,909 [INFO] IPUIPlugin:80 - create IPUIPlugin
2026-02-15 14:52:39,909 [INFO] IPUIPlugin:80 - create IPUIPlugin
2026-02-15 14:52:39,909 [INFO] IPUIPlugin:80 - create IPUIPlugin
2026-02-15 14:52:39,909 [INFO] IPUIPlugin:80 - create IPUIPlugin
2026-02-15 14:52:39,910 [INFO] IPUIPlugin:80 - create IPUIPlugin
2026-02-15 14:52:39,910 [INFO] IPUIPlugin:80 - create IPUIPlugin
2026-02-15 14:52:39,910 [INFO] IPUIPlugin:80 - create IPUIPlugin
2026-02-15 14:52:39,910 [INFO] IPUIPlugin:80 - create IPUIPlugin
2026-02-15 14:52:39,911 [INFO] IPUIPlugin:80 - create IPUIPlugin
2026-02-15 14:52:39,911 [INFO] IPUIPlugin:80 - create IPUIPlugin
2026-02-15 14:52:39,911 [INFO] IPUIPlugin:80 - create IPUIPlugin
2026-02-15 14:52:39,911 [INFO] IPUIPlugin:80 - create IPUIPlugin
2026-02-15 14:52:39,912 [INFO] IPUIPlugin:80 - create IPUIPlugin
2026-02-15 14:52:39,912 [INFO] IPUIPlugin:80 - create IPUIPlugin
2026-02-15 14:52:39,912 [INFO] IPUIPlugin:80 - create IPUIPlugin
2026-02-15 14:52:39,912 [INFO] IPUIPlugin:80 - create IPUIPlugin
2026-02-15 14:52:39,915 [INFO] ApiDbMcu:532 - Load IP Config File for PDM2PCM
2026-02-15 14:52:39,975 [INFO] CADModel:165 - CPN selected for project levelSTM32F446RET6
2026-02-15 14:52:39,975 [INFO] CADModel:114 - Register for checkConnection events
2026-02-15 14:52:40,025 [INFO] OpenFileManager:386 - Restore cursor
2026-02-15 15:15:19,503 [INFO] MainUpdater:2872 - connection check result : 10
2026-02-15 15:15:19,503 [INFO] MainUpdater:2872 - connection check result : 10
2026-02-15 15:15:19,719 [INFO] MicroXplorer:468 - Change Database Path : 
2026-02-15 15:15:19,719 [INFO] MicroXplorer:498 - Change Database Version : DB.6.0.150
2026-02-15 15:15:19,734 [ERROR] ProjectManagerView:395 - 
java.lang.NullPointerException: Cannot invoke "javax.swing.JTextField.getText()" because the return value of "java.util.List.get(int)" is null
	at com.st.microxplorer.plugins.projectmanager.gui.ProjectChoiceTab$9.caretUpdate(ProjectChoiceTab.java:2706) ~[filemanager.jar:?]
	at javax.swing.text.JTextComponent.fireCaretUpdate(JTextComponent.java:408) ~[?:?]
	at javax.swing.text.JTextComponent$MutableCaretEvent.fire(JTextComponent.java:4484) ~[?:?]
	at javax.swing.text.JTextComponent$MutableCaretEvent.stateChanged(JTextComponent.java:4506) ~[?:?]
	at javax.swing.text.DefaultCaret.fireStateChanged(DefaultCaret.java:857) ~[?:?]
	at javax.swing.text.DefaultCaret.changeCaretPosition(DefaultCaret.java:1343) ~[?:?]
	at javax.swing.text.DefaultCaret.handleSetDot(DefaultCaret.java:1242) ~[?:?]
	at javax.swing.text.DefaultCaret.setDot(DefaultCaret.java:1223) ~[?:?]
	at javax.swing.text.DefaultCaret$Handler.insertUpdate(DefaultCaret.java:1819) ~[?:?]
	at javax.swing.text.AbstractDocument.fireInsertUpdate(AbstractDocument.java:227) ~[?:?]
	at javax.swing.text.AbstractDocument.handleInsertString(AbstractDocument.java:781) ~[?:?]
	at javax.swing.text.AbstractDocument.insertString(AbstractDocument.java:740) ~[?:?]
	at javax.swing.text.PlainDocument.insertString(PlainDocument.java:131) ~[?:?]
	at javax.swing.text.AbstractDocument.replace(AbstractDocument.java:699) ~[?:?]
	at javax.swing.text.JTextComponent.setText(JTextComponent.java:1725) ~[?:?]
	at com.st.microxplorer.plugins.projectmanager.gui.ProjectChoiceTab.createHeapStackFields(ProjectChoiceTab.java:993) ~[filemanager.jar:?]
	at com.st.microxplorer.plugins.projectmanager.gui.ProjectChoiceTab.buildLinkSettingsPanel(ProjectChoiceTab.java:3813) ~[filemanager.jar:?]
	at com.st.microxplorer.plugins.projectmanager.gui.ProjectChoiceTab.defineWindowsFields(ProjectChoiceTab.java:1987) ~[filemanager.jar:?]
	at com.st.microxplorer.plugins.projectmanager.gui.ProjectChoiceTab.updateSettings(ProjectChoiceTab.java:558) ~[filemanager.jar:?]
	at com.st.microxplorer.plugins.projectmanager.gui.ProjectSettingsPanel.UpdateDialog(ProjectSettingsPanel.java:247) ~[filemanager.jar:?]
	at com.st.microxplorer.plugins.projectmanager.ProjectManagerView.propertyChange(ProjectManagerView.java:392) ~[filemanager.jar:?]
	at java.beans.PropertyChangeSupport.fire(PropertyChangeSupport.java:343) ~[?:?]
	at java.beans.PropertyChangeSupport.firePropertyChange(PropertyChangeSupport.java:335) ~[?:?]
	at java.beans.PropertyChangeSupport.firePropertyChange(PropertyChangeSupport.java:268) ~[?:?]
	at com.st.microxplorer.util.MXPropertyChangeSupport.firePropertyChange(MXPropertyChangeSupport.java:54) ~[STM32CubeMX.jar:?]
	at com.st.microxplorer.mxsystem.MxSystem.closeConfig(MxSystem.java:899) ~[STM32CubeMX.jar:?]
	at com.st.microxplorer.maingui.MainPanel.closeConfig(MainPanel.java:792) ~[STM32CubeMX.jar:?]
	at com.st.microxplorer.plugins.filemanager.engine.OpenFileManager.loadConfigurationFile(OpenFileManager.java:288) ~[filemanager.jar:?]
	at com.st.microxplorer.plugins.filemanager.engine.MainFileManager.userLoadConfig(MainFileManager.java:364) ~[filemanager.jar:?]
	at com.st.microxplorer.plugins.filemanager.engine.MainFileManager.userLoadConfig(MainFileManager.java:342) ~[filemanager.jar:?]
	at com.st.microxplorer.plugins.filemanager.FileManagerView.getSpecificTask(FileManagerView.java:264) ~[filemanager.jar:?]
	at com.st.stm32cube.common.mx.editor.CubeMxEditor.getMxTabbedPaneInstance(CubeMxEditor.java:1198) ~[com.st.stm32cube.common.mx_6.15.0.202507011659/:?]
	at com.st.stm32cube.common.mx.editor.CubeMxEditor$12$1.createSwingComponent(CubeMxEditor.java:1068) ~[com.st.stm32cube.common.mx_6.15.0.202507011659/:?]
	at com.st.stm32cube.common.mx.oss.core.awtswtbridge.EmbeddedSwingComposite.doComponentCreation(EmbeddedSwingComposite.java:492) ~[com.st.stm32cube.common.mx.oss_6.15.0.202507011659/:?]
	at com.st.stm32cube.common.mx.oss.core.awtswtbridge.EmbeddedSwingComposite$4.run(EmbeddedSwingComposite.java:291) ~[com.st.stm32cube.common.mx.oss_6.15.0.202507011659/:?]
	at com.st.stm32cube.common.mx.oss.core.awtswtbridge.AwtEnvironment$2.run(AwtEnvironment.java:166) ~[com.st.stm32cube.common.mx.oss_6.15.0.202507011659/:?]
	at java.awt.event.InvocationEvent.dispatch(InvocationEvent.java:318) ~[?:?]
	at java.awt.EventQueue.dispatchEventImpl(EventQueue.java:773) ~[?:?]
	at java.awt.EventQueue$4.run(EventQueue.java:720) ~[?:?]
	at java.awt.EventQueue$4.run(EventQueue.java:714) ~[?:?]
	at java.security.AccessController.doPrivileged(AccessController.java:400) ~[?:?]
	at java.security.ProtectionDomain$JavaSecurityAccessImpl.doIntersectionPrivilege(ProtectionDomain.java:87) ~[?:?]
	at java.awt.EventQueue.dispatchEvent(EventQueue.java:742) ~[?:?]
	at java.awt.EventDispatchThread.pumpOneEventForFilters(EventDispatchThread.java:203) ~[?:?]
	at java.awt.EventDispatchThread.pumpEventsForFilter(EventDispatchThread.java:124) ~[?:?]
	at java.awt.EventDispatchThread.pumpEventsForHierarchy(EventDispatchThread.java:113) ~[?:?]
	at java.awt.EventDispatchThread.pumpEvents(EventDispatchThread.java:109) ~[?:?]
	at java.awt.EventDispatchThread.pumpEvents(EventDispatchThread.java:101) ~[?:?]
	at java.awt.EventDispatchThread.run(EventDispatchThread.java:90) ~[?:?]
2026-02-15 15:15:19,736 [WARN] ThirdParty:871 - waiting for thirdparty lock release [close project]
2026-02-15 15:15:19,736 [INFO] ThirdParty:873 - entering critical section [close project]
2026-02-15 15:15:19,736 [INFO] ThirdParty:883 - exiting critical section [close project]
2026-02-15 15:15:19,738 [INFO] PinOutPanel:1589 - setPackage(No Configuration,No Configuration)
2026-02-15 15:15:19,750 [WARN] IpParametersView:155 - Warning: This peripheral hasn't parameters
2026-02-15 15:15:19,756 [WARN] MainPanel:289 - <html><b><center>Warning: This peripheral has no parameters to be configured<br></b></html>
2026-02-15 15:15:19,761 [INFO] UtilMem:75 - Begin LoadConfig() Used Memory: 958765928 Bytes (1073741824)
2026-02-15 15:15:19,762 [INFO] MicroXplorer:468 - Change Database Path : 
2026-02-15 15:15:19,762 [INFO] MicroXplorer:498 - Change Database Version : DB.6.0.150
2026-02-15 15:15:19,762 [INFO] OpenFileManager:355 - Change cursor
2026-02-15 15:15:19,772 [INFO] Mcu:2029 - Initializing MCU STM32F446R(C-E)Tx STM32F446RETx STM32F446RET6
2026-02-15 15:15:21,118 [INFO] Context:786 - Trying to add GPIOservice into a context  which must be forbidden
2026-02-15 15:15:21,470 [INFO] ImportTextPane:234 - (OptionalMessage_ERROR) Pin14 (VP_RIF_VS_RIF1) cannot be retrieved for this MCU
2026-02-15 15:15:21,717 [INFO] RtosManager:558 - Registered RTOS mode: class=CMSIS, group=RTOS, mode=CMSIS_V1, owner=FREERTOS
2026-02-15 15:15:21,717 [INFO] RtosManager:558 - Registered RTOS mode: class=CMSIS, group=RTOS2, mode=CMSIS_V2, owner=FREERTOS
2026-02-15 15:15:21,717 [INFO] RtosManager:558 - Registered RTOS mode: class=RTOS, group=Core, mode=CMSIS_V1, owner=FREERTOS
2026-02-15 15:15:21,717 [INFO] RtosManager:558 - Registered RTOS mode: class=RTOS, group=Core, mode=CMSIS_V2, owner=FREERTOS
2026-02-15 15:15:21,717 [WARN] ModelIntegratedComponent:184 - Missing modes for component STMicroelectronics:FreeRTOS:0.0.1:STMicroelectronics:RTOS:FreeRTOS:Core:::10.2.0:
2026-02-15 15:15:21,727 [WARN] ModelIntegratedComponent:63 - No mode defined for component null
2026-02-15 15:15:21,727 [WARN] ModelIntegratedComponent:63 - No mode defined for component null
2026-02-15 15:15:21,727 [WARN] ModelIntegratedComponent:63 - No mode defined for component null
2026-02-15 15:15:21,727 [WARN] ModelIntegratedComponent:63 - No mode defined for component null
2026-02-15 15:15:21,727 [WARN] ModelIntegratedComponent:63 - No mode defined for component null
2026-02-15 15:15:21,727 [WARN] ModelIntegratedComponent:63 - No mode defined for component null
2026-02-15 15:15:21,727 [WARN] ModelIntegratedComponent:63 - No mode defined for component null
2026-02-15 15:15:21,727 [WARN] ModelIntegratedComponent:63 - No mode defined for component null
2026-02-15 15:15:21,727 [WARN] ModelIntegratedComponent:63 - No mode defined for component null
2026-02-15 15:15:21,727 [WARN] ModelIntegratedComponent:63 - No mode defined for component null
2026-02-15 15:15:21,727 [WARN] ModelIntegratedComponent:63 - No mode defined for component null
2026-02-15 15:15:21,727 [WARN] ModelIntegratedComponent:63 - No mode defined for component null
2026-02-15 15:15:21,727 [WARN] ModelIntegratedComponent:63 - No mode defined for component null
2026-02-15 15:15:21,727 [WARN] ModelIntegratedComponent:63 - No mode defined for component null
2026-02-15 15:15:21,727 [WARN] ModelIntegratedComponent:63 - No mode defined for component null
2026-02-15 15:15:21,727 [WARN] ModelIntegratedComponent:63 - No mode defined for component null
2026-02-15 15:15:21,727 [WARN] ModelIntegratedComponent:63 - No mode defined for component null
2026-02-15 15:15:21,728 [WARN] ModelIntegratedComponent:63 - No mode defined for component null
2026-02-15 15:15:21,728 [WARN] ModelIntegratedComponent:63 - No mode defined for component null
2026-02-15 15:15:21,728 [WARN] ModelIntegratedComponent:63 - No mode defined for component null
2026-02-15 15:15:21,728 [WARN] ModelIntegratedComponent:63 - No mode defined for component null
2026-02-15 15:15:21,728 [WARN] ModelIntegratedComponent:63 - No mode defined for component null
2026-02-15 15:15:21,728 [WARN] ModelIntegratedComponent:63 - No mode defined for component null
2026-02-15 15:15:21,728 [WARN] ModelIntegratedComponent:63 - No mode defined for component null
2026-02-15 15:15:21,728 [WARN] ModelIntegratedComponent:63 - No mode defined for component null
2026-02-15 15:15:21,728 [WARN] ModelIntegratedComponent:63 - No mode defined for component null
2026-02-15 15:15:21,728 [WARN] ModelIntegratedComponent:63 - No mode defined for component null
2026-02-15 15:15:21,728 [WARN] ModelIntegratedComponent:63 - No mode defined for component null
2026-02-15 15:15:21,728 [WARN] ModelIntegratedComponent:63 - No mode defined for component null
2026-02-15 15:15:21,728 [WARN] ModelIntegratedComponent:63 - No mode defined for component null
2026-02-15 15:15:21,728 [WARN] ModelIntegratedComponent:63 - No mode defined for component null
2026-02-15 15:15:21,729 [WARN] ModelIntegratedComponent:63 - No mode defined for component null
2026-02-15 15:15:21,729 [WARN] ModelIntegratedComponent:63 - No mode defined for component null
2026-02-15 15:15:21,729 [WARN] ModelIntegratedComponent:63 - No mode defined for component null
2026-02-15 15:15:21,729 [WARN] ModelIntegratedComponent:63 - No mode defined for component null
2026-02-15 15:15:21,729 [WARN] ModelPack:524 - Component already loaded: STMicroelectronics:HAL Drivers:0.0.0:STMicroelectronics:Device:STMicro_Driver:XSPI:HAL::0.0.1:HAL_XSPI
2026-02-15 15:15:21,849 [INFO] ThirdPartyModel:298 - Start build external matchings
2026-02-15 15:15:23,249 [INFO] ThirdPartyModel:316 - End build external matchings
2026-02-15 15:15:23,296 [INFO] ImportTextPane:234 - (OptionalMessage_ERROR) IP (RCC) : Invalid parameter (48MHZClocksFreq_Value)
2026-02-15 15:15:23,296 [INFO] ImportTextPane:234 - (OptionalMessage_ERROR) IP (RCC) : Invalid parameter (EthernetFreq_Value)
2026-02-15 15:15:23,297 [INFO] ImportTextPane:234 - (OptionalMessage_ERROR) IP (RCC) : Parameter (FLatency) has Id (AdvancedSettings) currently not set
2026-02-15 15:15:23,297 [INFO] ImportTextPane:234 - (OptionalMessage_ERROR) IP (RCC) : Invalid parameter (FamilyName)
2026-02-15 15:15:23,297 [INFO] ImportTextPane:234 - (OptionalMessage_ERROR) IP (RCC) : Invalid parameter (I2SClocksFreq_Value)
2026-02-15 15:15:23,297 [INFO] ImportTextPane:234 - (OptionalMessage_ERROR) IP (RCC) : Parameter (MCO2PinFreq_Value) has invalid value (180000000)
2026-02-15 15:15:23,297 [INFO] ImportTextPane:234 - (OptionalMessage_ERROR) IP (RCC) : Parameter (SDIOFreq_Value) has invalid value (180000000)
2026-02-15 15:15:23,298 [INFO] ImportTextPane:234 - (OptionalMessage_ERROR) IP (RCC) : Parameter (USBFreq_Value) has invalid value (180000000)
2026-02-15 15:15:23,298 [INFO] ImportTextPane:234 - (OptionalMessage_ERROR) IP (RCC) : Invalid parameter (VCOInputMFreq_Value)
2026-02-15 15:15:23,298 [INFO] ImportTextPane:234 - (OptionalMessage_ERROR) IP (RCC) : Invalid parameter (VcooutputI2S)
2026-02-15 15:15:23,613 [INFO] UtilMem:75 - End LoadConfig() Used Memory: 986811112 Bytes (1073741824)
2026-02-15 15:15:23,662 [WARN] ThirdParty:833 - waiting for thirdparty lock release [change project]
2026-02-15 15:15:23,663 [INFO] ThirdParty:835 - entering critical section [change project]
2026-02-15 15:15:23,663 [INFO] ThirdParty:1030 - CMSIS Pack Vendor :STMicroelectronics X-CUBE-PM33A1 1.0.0
2026-02-15 15:15:23,663 [INFO] ThirdParty:1030 - CMSIS Pack Vendor :STMicroelectronics USBPD 4.1
2026-02-15 15:15:23,663 [INFO] ThirdParty:1030 - CMSIS Pack Vendor :STMicroelectronics X-CUBE-NFC9 1.0.0
2026-02-15 15:15:23,663 [INFO] ThirdParty:1030 - CMSIS Pack Vendor :STMicroelectronics USB_HOST 2.0.0
2026-02-15 15:15:23,663 [INFO] ThirdParty:1030 - CMSIS Pack Vendor :STMicroelectronics FP-SNS-MOTENVWB1 1.4.0
2026-02-15 15:15:23,663 [INFO] ThirdParty:1030 - CMSIS Pack Vendor :STMicroelectronics X-CUBE-AZRTOS-F4 1.1.0
2026-02-15 15:15:23,663 [INFO] ThirdParty:1030 - CMSIS Pack Vendor :STMicroelectronics LIBJPEG 8.0.0
2026-02-15 15:15:23,663 [INFO] ThirdParty:1030 - CMSIS Pack Vendor :STMicroelectronics FP-ATR-ASTRA1 2.0.2
2026-02-15 15:15:23,663 [INFO] ThirdParty:1030 - CMSIS Pack Vendor :wolfSSL I-CUBE-wolfSSL 5.8.2
2026-02-15 15:15:23,664 [INFO] ThirdParty:1030 - CMSIS Pack Vendor :STMicroelectronics X-CUBE-BLE1 7.1.0
2026-02-15 15:15:23,664 [INFO] ThirdParty:1030 - CMSIS Pack Vendor :STMicroelectronics X-CUBE-SMBUS 2.1.0
2026-02-15 15:15:23,664 [INFO] ThirdParty:1030 - CMSIS Pack Vendor :wolfSSL I-CUBE-wolfMQTT 1.19.2
2026-02-15 15:15:23,664 [INFO] ThirdParty:1030 - CMSIS Pack Vendor :STMicroelectronics USB_DEVICE 3.0.0
2026-02-15 15:15:23,664 [INFO] ThirdParty:1030 - CMSIS Pack Vendor :STMicroelectronics X-CUBE-ISPU 2.1.0
2026-02-15 15:15:23,664 [INFO] ThirdParty:1030 - CMSIS Pack Vendor :STMicroelectronics X-CUBE-FREERTOS 1.4.0
2026-02-15 15:15:23,664 [INFO] ThirdParty:1030 - CMSIS Pack Vendor :STMicroelectronics X-CUBE-EEPRMA1 5.2.0
2026-02-15 15:15:23,664 [INFO] ThirdParty:1030 - CMSIS Pack Vendor :STMicroelectronics X-CUBE-IPS 3.2.0
2026-02-15 15:15:23,664 [INFO] ThirdParty:1030 - CMSIS Pack Vendor :STMicroelectronics X-CUBE-BLEMGR 4.1.0
2026-02-15 15:15:23,664 [INFO] ThirdParty:1030 - CMSIS Pack Vendor :STMicroelectronics X-CUBE-AZRTOS-WB 2.0.0
2026-02-15 15:15:23,664 [INFO] ThirdParty:1030 - CMSIS Pack Vendor :STMicroelectronics X-CUBE-ST60 1.0.0
2026-02-15 15:15:23,664 [INFO] ThirdParty:1030 - CMSIS Pack Vendor :STMicroelectronics X-CUBE-GNSS1 7.0.1
2026-02-15 15:15:23,664 [INFO] ThirdParty:1030 - CMSIS Pack Vendor :STMicroelectronics X-CUBE-NFC12 1.0.0
2026-02-15 15:15:23,664 [INFO] ThirdParty:1030 - CMSIS Pack Vendor :STMicroelectronics X-CUBE-AZRTOS-F7 1.1.0
2026-02-15 15:15:23,664 [INFO] ThirdParty:1030 - CMSIS Pack Vendor :STMicroelectronics X-CUBE-AZRTOS-L5 2.0.0
2026-02-15 15:15:23,664 [INFO] ThirdParty:1030 - CMSIS Pack Vendor :STMicroelectronics X-CUBE-TOUCHGFX 4.25.0
2026-02-15 15:15:23,664 [INFO] ThirdParty:1030 - CMSIS Pack Vendor :STMicroelectronics USB_DEVICE 2.0.0
2026-02-15 15:15:23,664 [INFO] ThirdParty:1030 - CMSIS Pack Vendor :STMicroelectronics X-CUBE-NFC6 3.1.0
2026-02-15 15:15:23,664 [INFO] ThirdParty:1030 - CMSIS Pack Vendor :Cesanta I-CUBE-Mongoose 7.19.0
2026-02-15 15:15:23,664 [INFO] ThirdParty:1030 - CMSIS Pack Vendor :quantropi X-CUBE-qispace-sdk-base 2.1.0
2026-02-15 15:15:23,664 [INFO] ThirdParty:1030 - CMSIS Pack Vendor :STMicroelectronics X-CUBE-MEMS1 12.0.0
2026-02-15 15:15:23,664 [INFO] ThirdParty:1030 - CMSIS Pack Vendor :STMicroelectronics X-CUBE-STSE01 2.0.0
2026-02-15 15:15:23,664 [INFO] ThirdParty:1030 - CMSIS Pack Vendor :STMicroelectronics FP-SNS-MOTENV1 5.1.0
2026-02-15 15:15:23,664 [INFO] ThirdParty:1030 - CMSIS Pack Vendor :STMicroelectronics FreeRTOS 0.0.1
2026-02-15 15:15:23,664 [INFO] ThirdParty:1030 - CMSIS Pack Vendor :STMicroelectronics X-CUBE-AZRTOS-G0 1.1.0
2026-02-15 15:15:23,664 [INFO] ThirdParty:1030 - CMSIS Pack Vendor :STMicroelectronics X-CUBE-SAFEA1 1.2.2
2026-02-15 15:15:23,664 [INFO] ThirdParty:1030 - CMSIS Pack Vendor :STMicroelectronics X-CUBE-NFC4 3.0.0
2026-02-15 15:15:23,665 [INFO] ThirdParty:1030 - CMSIS Pack Vendor :STMicroelectronics X-CUBE-SUBG2 5.0.0
2026-02-15 15:15:23,665 [INFO] ThirdParty:1030 - CMSIS Pack Vendor :STMicroelectronics X-CUBE-AZRTOS-H7RS 1.1.0
2026-02-15 15:15:23,665 [INFO] ThirdParty:1030 - CMSIS Pack Vendor :STMicroelectronics STM32_WPAN 1.0.0
2026-02-15 15:15:23,665 [INFO] ThirdParty:1030 - CMSIS Pack Vendor :EmbeddedOffice I-CUBE-FS-RTOS 1.0.1
2026-02-15 15:15:23,665 [INFO] ThirdParty:1030 - CMSIS Pack Vendor :STMicroelectronics lwIP 2.0.3
2026-02-15 15:15:23,665 [INFO] ThirdParty:1030 - CMSIS Pack Vendor :WES I-CUBE-Cesium 1.4.0
2026-02-15 15:15:23,665 [INFO] ThirdParty:1030 - CMSIS Pack Vendor :STMicroelectronics USB_HOST 1.0.0
2026-02-15 15:15:23,665 [INFO] ThirdParty:1030 - CMSIS Pack Vendor :Infineon AIROC-Wi-Fi-Bluetooth-STM32 1.7.1
2026-02-15 15:15:23,665 [INFO] ThirdParty:1030 - CMSIS Pack Vendor :STMicroelectronics X-CUBE-AZRTOS-G4 2.0.0
2026-02-15 15:15:23,665 [INFO] ThirdParty:1030 - CMSIS Pack Vendor :STMicroelectronics X-CUBE-WB05N 2.0.0
2026-02-15 15:15:23,665 [INFO] ThirdParty:1030 - CMSIS Pack Vendor :STMicroelectronics PDM2PCM 3.1.0
2026-02-15 15:15:23,665 [INFO] ThirdParty:1030 - CMSIS Pack Vendor :STMicroelectronics PDM2PCM 3.3.0
2026-02-15 15:15:23,665 [INFO] ThirdParty:1030 - CMSIS Pack Vendor :wolfSSL I-CUBE-wolfTPM 3.8.0
2026-02-15 15:15:23,665 [INFO] ThirdParty:1030 - CMSIS Pack Vendor :STMicroelectronics X-CUBE-AZRTOS-H7 3.4.0
2026-02-15 15:15:23,665 [INFO] ThirdParty:1030 - CMSIS Pack Vendor :STMicroelectronics X-CUBE-DISPLAY 3.0.0
2026-02-15 15:15:23,666 [INFO] ThirdParty:1030 - CMSIS Pack Vendor :wolfSSL I-CUBE-wolfSSH 1.4.20
2026-02-15 15:15:23,666 [INFO] ThirdParty:1030 - CMSIS Pack Vendor :STMicroelectronics X-CUBE-NFC7 2.0.0
2026-02-15 15:15:23,666 [INFO] ThirdParty:1030 - CMSIS Pack Vendor :STMicroelectronics X-CUBE-TCPP 4.2.0
2026-02-15 15:15:23,666 [INFO] ThirdParty:1030 - CMSIS Pack Vendor :RealThread X-CUBE-RT-Thread_Nano 4.1.1
2026-02-15 15:15:23,666 [INFO] ThirdParty:1030 - CMSIS Pack Vendor :STMicroelectronics FP-ATR-SIGFOX1 3.2.0
2026-02-15 15:15:23,666 [INFO] ThirdParty:1030 - CMSIS Pack Vendor :STMicroelectronics X-CUBE-NFC10 1.0.0
2026-02-15 15:15:23,666 [INFO] ThirdParty:1030 - CMSIS Pack Vendor :STMicroelectronics X-CUBE-FREERTOS 1.3.1
2026-02-15 15:15:23,666 [INFO] ThirdParty:1030 - CMSIS Pack Vendor :STMicroelectronics HAL Drivers 0.0.0
2026-02-15 15:15:23,666 [INFO] ThirdParty:1030 - CMSIS Pack Vendor :STMicroelectronics MBEDTLS 2.16.2
2026-02-15 15:15:23,666 [INFO] ThirdParty:1030 - CMSIS Pack Vendor :STMicroelectronics X-CUBE-ST60 1.1.0
2026-02-15 15:15:23,667 [INFO] ThirdParty:1030 - CMSIS Pack Vendor :STMicroelectronics X-CUBE-IPS 3.1.0
2026-02-15 15:15:23,667 [INFO] ThirdParty:1030 - CMSIS Pack Vendor :STMicroelectronics X-CUBE-ALS 1.0.2
2026-02-15 15:15:23,667 [INFO] ThirdParty:1030 - CMSIS Pack Vendor :emotas I-CUBE-CANOPEN 1.3.0
2026-02-15 15:15:23,667 [INFO] ThirdParty:1030 - CMSIS Pack Vendor :STMicroelectronics MBEDTLS 2.14.1
2026-02-15 15:15:23,667 [INFO] ThirdParty:1030 - CMSIS Pack Vendor :STMicroelectronics X-CUBE-GNSS1 7.1.0
2026-02-15 15:15:23,667 [INFO] ThirdParty:1030 - CMSIS Pack Vendor :ITTIA_DB I-CUBE-ITTIADB 8.9.0
2026-02-15 15:15:23,667 [INFO] ThirdParty:1030 - CMSIS Pack Vendor :STMicroelectronics X-CUBE-TOUCHGFX 4.26.0
2026-02-15 15:15:23,667 [INFO] ThirdParty:1030 - CMSIS Pack Vendor :STMicroelectronics X-CUBE-STSE01 1.0.0
2026-02-15 15:15:23,667 [INFO] ThirdParty:1030 - CMSIS Pack Vendor :STMicroelectronics X-CUBE-NFC6 3.2.0
2026-02-15 15:15:23,667 [INFO] ThirdParty:1030 - CMSIS Pack Vendor :STMicroelectronics X-CUBE-ST67W61 1.0.0
2026-02-15 15:15:23,667 [INFO] ThirdParty:1030 - CMSIS Pack Vendor :STMicroelectronics FP-SNS-STBOX1 2.1.0
2026-02-15 15:15:23,667 [INFO] ThirdParty:1030 - CMSIS Pack Vendor :STMicroelectronics X-CUBE-AI 10.2.0
2026-02-15 15:15:23,667 [INFO] ThirdParty:1030 - CMSIS Pack Vendor :STMicroelectronics FP-SNS-STAIOTCFT 1.0.0
2026-02-15 15:15:23,667 [INFO] ThirdParty:1030 - CMSIS Pack Vendor :STMicroelectronics ThreadX 1.0.0
2026-02-15 15:15:23,667 [INFO] ThirdParty:1030 - CMSIS Pack Vendor :STMicroelectronics FP-SNS-SMARTAG2 1.2.0
2026-02-15 15:15:23,667 [INFO] ThirdParty:1030 - CMSIS Pack Vendor :STMicroelectronics FP-SNS-FLIGHT1 5.1.0
2026-02-15 15:15:23,667 [INFO] ThirdParty:1030 - CMSIS Pack Vendor :STMicroelectronics X-CUBE-AZRTOS-WL 2.0.0
2026-02-15 15:15:23,667 [INFO] ThirdParty:1030 - CMSIS Pack Vendor :SEGGER I-CUBE-embOS 1.3.1
2026-02-15 15:15:23,667 [INFO] ThirdParty:1030 - CMSIS Pack Vendor :STMicroelectronics X-CUBE-ALGOBUILD 1.4.0
2026-02-15 15:15:23,668 [INFO] ThirdParty:1030 - CMSIS Pack Vendor :STMicroelectronics X-CUBE-DPower 1.3.0
2026-02-15 15:15:23,668 [INFO] ThirdParty:1030 - CMSIS Pack Vendor :STMicroelectronics X-CUBE-MEMS1 11.3.0
2026-02-15 15:15:23,668 [INFO] ThirdParty:1030 - CMSIS Pack Vendor :STMicroelectronics FP-SNS-MOTENV1 5.0.0
2026-02-15 15:15:23,668 [INFO] ThirdParty:1030 - CMSIS Pack Vendor :STMicroelectronics USB_DEVICE 1.0.0
2026-02-15 15:15:23,668 [INFO] ThirdParty:1030 - CMSIS Pack Vendor :STMicroelectronics X-CUBE-AZRTOS-H7RS 1.2.0
2026-02-15 15:15:23,668 [INFO] ThirdParty:1030 - CMSIS Pack Vendor :STMicroelectronics X-CUBE-AZRTOS-L4 2.0.0
2026-02-15 15:15:23,668 [INFO] ThirdParty:1030 - CMSIS Pack Vendor :STMicroelectronics ThreadX 0.0.2
2026-02-15 15:15:23,668 [INFO] ThirdParty:1030 - CMSIS Pack Vendor :STMicroelectronics lwIP 2.1.2
2026-02-15 15:15:23,668 [INFO] ThirdParty:1030 - CMSIS Pack Vendor :STMicroelectronics X-CUBE-SFXS2LP1 4.0.0
2026-02-15 15:15:23,668 [INFO] ThirdParty:1030 - CMSIS Pack Vendor :STMicroelectronics X-CUBE-BLE2 3.3.0
2026-02-15 15:15:23,668 [INFO] ThirdParty:1030 - CMSIS Pack Vendor :Avnet-IOTCONNECT X-CUBE-iotc-st67-sdk 1.0.0
2026-02-15 15:15:23,668 [INFO] ThirdParty:1030 - CMSIS Pack Vendor :STMicroelectronics X-CUBE-TOF1 3.4.3
2026-02-15 15:15:23,668 [INFO] ThirdParty:1030 - CMSIS Pack Vendor :STMicroelectronics PDM2PCM 3.2.0
2026-02-15 15:15:23,668 [INFO] ThirdParty:1030 - CMSIS Pack Vendor :STMicroelectronics X-CUBE-ST67W61 1.2.0
2026-02-15 15:15:23,668 [INFO] ThirdParty:841 - exiting critical section [change project]
2026-02-15 15:15:23,843 [INFO] PinOutPanel:1589 - setPackage(No Configuration,No Configuration)
2026-02-15 15:15:23,844 [INFO] PinOutPanel:1589 - setPackage(STM32F446RETx,LQFP64)
2026-02-15 15:15:24,184 [INFO] UtilMem:75 - Before build in PCC Used Memory: 950321440 Bytes (1073741824)
2026-02-15 15:15:24,457 [INFO] UtilMem:75 - After build in PCC Used Memory: 764259744 Bytes (1073741824)
2026-02-15 15:15:24,480 [INFO] IPUIPlugin:80 - create IPUIPlugin
2026-02-15 15:15:24,480 [INFO] IPUIPlugin:80 - create IPUIPlugin
2026-02-15 15:15:24,480 [INFO] IPUIPlugin:80 - create IPUIPlugin
2026-02-15 15:15:24,480 [INFO] IPUIPlugin:80 - create IPUIPlugin
2026-02-15 15:15:24,480 [INFO] IPUIPlugin:80 - create IPUIPlugin
2026-02-15 15:15:24,481 [INFO] IPUIPlugin:80 - create IPUIPlugin
2026-02-15 15:15:24,481 [INFO] IPUIPlugin:80 - create IPUIPlugin
2026-02-15 15:15:24,481 [INFO] IPUIPlugin:80 - create IPUIPlugin
2026-02-15 15:15:24,481 [INFO] IPUIPlugin:80 - create IPUIPlugin
2026-02-15 15:15:24,481 [INFO] IPUIPlugin:80 - create IPUIPlugin
2026-02-15 15:15:24,481 [INFO] IPUIPlugin:80 - create IPUIPlugin
2026-02-15 15:15:24,481 [INFO] IPUIPlugin:80 - create IPUIPlugin
2026-02-15 15:15:24,481 [INFO] IPUIPlugin:80 - create IPUIPlugin
2026-02-15 15:15:24,482 [INFO] IPUIPlugin:80 - create IPUIPlugin
2026-02-15 15:15:24,482 [INFO] IPUIPlugin:80 - create IPUIPlugin
2026-02-15 15:15:24,482 [INFO] IPUIPlugin:80 - create IPUIPlugin
2026-02-15 15:15:24,482 [INFO] IPUIPlugin:80 - create IPUIPlugin
2026-02-15 15:15:24,482 [INFO] IPUIPlugin:80 - create IPUIPlugin
2026-02-15 15:15:24,482 [INFO] IPUIPlugin:80 - create IPUIPlugin
2026-02-15 15:15:24,482 [INFO] IPUIPlugin:80 - create IPUIPlugin
2026-02-15 15:15:24,482 [INFO] IPUIPlugin:80 - create IPUIPlugin
2026-02-15 15:15:24,483 [INFO] IPUIPlugin:80 - create IPUIPlugin
2026-02-15 15:15:24,483 [INFO] IPUIPlugin:80 - create IPUIPlugin
2026-02-15 15:15:24,483 [INFO] IPUIPlugin:80 - create IPUIPlugin
2026-02-15 15:15:24,483 [INFO] IPUIPlugin:80 - create IPUIPlugin
2026-02-15 15:15:24,483 [INFO] IPUIPlugin:80 - create IPUIPlugin
2026-02-15 15:15:24,483 [INFO] IPUIPlugin:80 - create IPUIPlugin
2026-02-15 15:15:24,484 [INFO] IPUIPlugin:80 - create IPUIPlugin
2026-02-15 15:15:24,484 [INFO] IPUIPlugin:80 - create IPUIPlugin
2026-02-15 15:15:24,484 [INFO] IPUIPlugin:80 - create IPUIPlugin
2026-02-15 15:15:24,484 [INFO] IPUIPlugin:80 - create IPUIPlugin
2026-02-15 15:15:24,485 [INFO] IPUIPlugin:80 - create IPUIPlugin
2026-02-15 15:15:24,485 [INFO] IPUIPlugin:80 - create IPUIPlugin
2026-02-15 15:15:24,485 [INFO] IPUIPlugin:80 - create IPUIPlugin
2026-02-15 15:15:24,485 [INFO] IPUIPlugin:80 - create IPUIPlugin
2026-02-15 15:15:24,485 [INFO] IPUIPlugin:80 - create IPUIPlugin
2026-02-15 15:15:24,486 [INFO] IPUIPlugin:80 - create IPUIPlugin
2026-02-15 15:15:24,486 [INFO] IPUIPlugin:80 - create IPUIPlugin
2026-02-15 15:15:24,486 [INFO] IPUIPlugin:80 - create IPUIPlugin
2026-02-15 15:15:24,486 [INFO] IPUIPlugin:80 - create IPUIPlugin
2026-02-15 15:15:24,486 [INFO] IPUIPlugin:80 - create IPUIPlugin
2026-02-15 15:15:24,486 [INFO] IPUIPlugin:80 - create IPUIPlugin
2026-02-15 15:15:24,487 [INFO] IPUIPlugin:80 - create IPUIPlugin
2026-02-15 15:15:24,487 [INFO] IPUIPlugin:80 - create IPUIPlugin
2026-02-15 15:15:24,487 [INFO] IPUIPlugin:80 - create IPUIPlugin
2026-02-15 15:15:24,487 [INFO] IPUIPlugin:80 - create IPUIPlugin
2026-02-15 15:15:24,487 [INFO] IPUIPlugin:80 - create IPUIPlugin
2026-02-15 15:15:24,488 [INFO] IPUIPlugin:80 - create IPUIPlugin
2026-02-15 15:15:24,488 [INFO] IPUIPlugin:80 - create IPUIPlugin
2026-02-15 15:15:24,488 [INFO] IPUIPlugin:80 - create IPUIPlugin
2026-02-15 15:15:24,488 [INFO] IPUIPlugin:80 - create IPUIPlugin
2026-02-15 15:15:24,489 [INFO] IPUIPlugin:80 - create IPUIPlugin
2026-02-15 15:15:24,489 [INFO] IPUIPlugin:80 - create IPUIPlugin
2026-02-15 15:15:24,489 [INFO] IPUIPlugin:80 - create IPUIPlugin
2026-02-15 15:15:24,489 [INFO] IPUIPlugin:80 - create IPUIPlugin
2026-02-15 15:15:24,490 [INFO] IPUIPlugin:80 - create IPUIPlugin
2026-02-15 15:15:24,490 [INFO] IPUIPlugin:80 - create IPUIPlugin
2026-02-15 15:15:24,490 [INFO] IPUIPlugin:80 - create IPUIPlugin
2026-02-15 15:15:24,491 [INFO] IPUIPlugin:80 - create IPUIPlugin
2026-02-15 15:15:24,491 [INFO] IPUIPlugin:80 - create IPUIPlugin
2026-02-15 15:15:24,494 [INFO] ApiDbMcu:532 - Load IP Config File for PDM2PCM
2026-02-15 15:15:24,544 [INFO] CADModel:165 - CPN selected for project levelSTM32F446RET6
2026-02-15 15:15:24,544 [INFO] CADModel:114 - Register for checkConnection events
2026-02-15 15:15:24,602 [INFO] OpenFileManager:386 - Restore cursor
2026-02-15 15:16:19,741 [INFO] NvicIntPanel:101 - NVIC parent = com.st.microxplorer.plugins.ip.nvic.MultiNvicIntPanel[,0,0,0x0,invalid,layout=javax.swing.BoxLayout,alignmentX=0.0,alignmentY=0.0,border=,flags=9,maximumSize=,minimumSize=,preferredSize=]
2026-02-15 15:16:25,341 [INFO] UtilMem:75 - End SaveConfig() Used Memory: 784634368 Bytes (1073741824)
2026-02-15 15:16:26,255 [INFO] UtilMem:75 - End SaveConfig() Used Memory: 820285952 Bytes (1073741824)
2026-02-15 15:16:27,538 [INFO] UtilMem:75 - End SaveConfig() Used Memory: 919374336 Bytes (1073741824)
2026-02-15 15:16:28,174 [INFO] BlockDiagram:2775 - set Specific Code input for plugin: TIM1_8
2026-02-15 15:16:28,174 [INFO] BlockDiagram:2775 - set Specific Code input for plugin: SYS
2026-02-15 15:16:28,174 [INFO] BlockDiagram:2775 - set Specific Code input for plugin: RCC
2026-02-15 15:16:28,174 [INFO] BlockDiagram:2775 - set Specific Code input for plugin: NVIC
2026-02-15 15:16:28,174 [INFO] BlockDiagram:2775 - set Specific Code input for plugin: USART
2026-02-15 15:16:28,175 [INFO] BlockDiagram:2775 - set Specific Code input for plugin: GPIO
2026-02-15 15:16:28,177 [INFO] CodeGenerator:892 - code generatio: config db path: C:\ST\STM32CubeIDE_1.19.0\STM32CubeIDE\plugins\com.st.stm32cube.common.mx_6.15.0.202507011659\\db\
2026-02-15 15:16:28,568 [INFO] CodeEngine:265 - oldGeneratedFile, C:\Users\adity\STM32CubeIDE\workspace_1.19.0\DashBoard\F446reSensorClustor\UltrasonicSensorTest-HC-SR04\MXTmpFiles\license.tmp_save
2026-02-15 15:16:28,829 [INFO] CodeEngine:289 - Generated code: C:\Users\adity\STM32CubeIDE\workspace_1.19.0\DashBoard\F446reSensorClustor\UltrasonicSensorTest-HC-SR04\MXTmpFiles\license.tmp
2026-02-15 15:16:28,886 [INFO] CodeEngine:265 - oldGeneratedFile, C:\Users\adity\STM32CubeIDE\workspace_1.19.0\DashBoard\F446reSensorClustor\UltrasonicSensorTest-HC-SR04\MXTmpFiles\gpio.tmp_save
2026-02-15 15:16:29,000 [INFO] CodeEngine:289 - Generated code: C:\Users\adity\STM32CubeIDE\workspace_1.19.0\DashBoard\F446reSensorClustor\UltrasonicSensorTest-HC-SR04\MXTmpFiles\gpio.tmp
2026-02-15 15:16:29,190 [INFO] CodeEngine:265 - oldGeneratedFile, C:\Users\adity\STM32CubeIDE\workspace_1.19.0\DashBoard\F446reSensorClustor\UltrasonicSensorTest-HC-SR04\Core\Src\stm32f4xx_it.c_save
2026-02-15 15:16:29,511 [INFO] CodeEngine:289 - Generated code: C:\Users\adity\STM32CubeIDE\workspace_1.19.0\DashBoard\F446reSensorClustor\UltrasonicSensorTest-HC-SR04\Core\Src\stm32f4xx_it.c
2026-02-15 15:16:29,519 [INFO] CodeEngine:265 - oldGeneratedFile, C:\Users\adity\STM32CubeIDE\workspace_1.19.0\DashBoard\F446reSensorClustor\UltrasonicSensorTest-HC-SR04\Core\Inc\stm32f4xx_it.h_save
2026-02-15 15:16:29,596 [INFO] CodeEngine:289 - Generated code: C:\Users\adity\STM32CubeIDE\workspace_1.19.0\DashBoard\F446reSensorClustor\UltrasonicSensorTest-HC-SR04\Core\Inc\stm32f4xx_it.h
2026-02-15 15:16:29,612 [INFO] CodeEngine:265 - oldGeneratedFile, C:\Users\adity\STM32CubeIDE\workspace_1.19.0\DashBoard\F446reSensorClustor\UltrasonicSensorTest-HC-SR04\Core\Src\stm32f4xx_hal_msp.c_save
2026-02-15 15:16:29,763 [INFO] CodeEngine:289 - Generated code: C:\Users\adity\STM32CubeIDE\workspace_1.19.0\DashBoard\F446reSensorClustor\UltrasonicSensorTest-HC-SR04\Core\Src\stm32f4xx_hal_msp.c
2026-02-15 15:16:29,769 [INFO] CodeEngine:265 - oldGeneratedFile, C:\Users\adity\STM32CubeIDE\workspace_1.19.0\DashBoard\F446reSensorClustor\UltrasonicSensorTest-HC-SR04\MXTmpFiles\system.tmp_save
2026-02-15 15:16:29,853 [INFO] CodeEngine:289 - Generated code: C:\Users\adity\STM32CubeIDE\workspace_1.19.0\DashBoard\F446reSensorClustor\UltrasonicSensorTest-HC-SR04\MXTmpFiles\system.tmp
2026-02-15 15:16:29,870 [INFO] CodeEngine:321 - oldGeneratedFile, C:\Users\adity\STM32CubeIDE\workspace_1.19.0\DashBoard\F446reSensorClustor\UltrasonicSensorTest-HC-SR04\Core\Inc\stm32f4xx_hal_conf.h_save
2026-02-15 15:16:29,962 [INFO] CodeEngine:345 - Generated code: C:\Users\adity\STM32CubeIDE\workspace_1.19.0\DashBoard\F446reSensorClustor\UltrasonicSensorTest-HC-SR04\Core\Inc\stm32f4xx_hal_conf.h
2026-02-15 15:16:30,008 [WARN] IPConfigManager:3238 - Warning: the RefConfig PLL2P_FOR_MCO is not available in your config.xml file
2026-02-15 15:16:30,035 [INFO] ApiDbMcu:532 - Load IP Config File for TIM2
2026-02-15 15:16:30,041 [INFO] ApiDbMcu:532 - Load IP Config File for USART2
2026-02-15 15:16:30,049 [INFO] ApiDbMcu:532 - Load IP Config File for RCC
2026-02-15 15:16:30,051 [WARN] IPConfigManager:3811 - IP not found : TIM
2026-02-15 15:16:30,052 [WARN] CodeGenerator:4259 - IP not found : null
2026-02-15 15:16:30,067 [INFO] CodeEngine:265 - oldGeneratedFile, C:\Users\adity\STM32CubeIDE\workspace_1.19.0\DashBoard\F446reSensorClustor\UltrasonicSensorTest-HC-SR04\Core\Inc\main.h_save
2026-02-15 15:16:30,261 [INFO] CodeEngine:289 - Generated code: C:\Users\adity\STM32CubeIDE\workspace_1.19.0\DashBoard\F446reSensorClustor\UltrasonicSensorTest-HC-SR04\Core\Inc\main.h
2026-02-15 15:16:30,272 [INFO] CodeEngine:265 - oldGeneratedFile, C:\Users\adity\STM32CubeIDE\workspace_1.19.0\DashBoard\F446reSensorClustor\UltrasonicSensorTest-HC-SR04\Core\Src\main.c_save
2026-02-15 15:16:30,482 [INFO] CodeEngine:289 - Generated code: C:\Users\adity\STM32CubeIDE\workspace_1.19.0\DashBoard\F446reSensorClustor\UltrasonicSensorTest-HC-SR04\Core\Src\main.c
2026-02-15 15:16:31,086 [INFO] ProjectBuilder:3606 - Time for Copy HAL[1] : 266mS.
2026-02-15 15:16:31,090 [INFO] ProjectBuilder:5216 - Project Generator version: 4.7.0-B52
2026-02-15 15:16:31,190 [INFO] ConfigFileManager:1595 - The Die is : DIE421
2026-02-15 15:16:31,193 [INFO] ApiDbMcu:532 - Load IP Config File for FATFS
2026-02-15 15:16:31,198 [INFO] ApiDbMcu:532 - Load IP Config File for FREERTOS
2026-02-15 15:16:31,202 [INFO] ApiDbMcu:532 - Load IP Config File for LIBJPEG
2026-02-15 15:16:31,207 [INFO] ApiDbMcu:532 - Load IP Config File for MBEDTLS
2026-02-15 15:16:31,218 [INFO] ApiDbMcu:532 - Load IP Config File for USB_DEVICE
2026-02-15 15:16:31,222 [INFO] ApiDbMcu:532 - Load IP Config File for USB_HOST
2026-02-15 15:16:33,059 [INFO] ProjectBuilder:5496 - Time for Generating toolchain IDE Files: 1969mS.
2026-02-15 15:16:33,060 [INFO] ProjectBuilder:3463 - Time for Copy CMSIS : 1mS.
2026-02-15 15:16:33,065 [INFO] ProjectBuilder:3463 - Time for Copy CMSIS : 0mS.
2026-02-15 15:16:35,991 [INFO] NvicIntPanel:101 - NVIC parent = com.st.microxplorer.plugins.ip.nvic.MultiNvicIntPanel[,0,0,0x0,invalid,layout=javax.swing.BoxLayout,alignmentX=0.0,alignmentY=0.0,border=,flags=9,maximumSize=,minimumSize=,preferredSize=]
2026-02-15 15:16:37,253 [INFO] UtilMem:75 - End SaveConfig() Used Memory: 851476640 Bytes (1073741824)
2026-02-15 15:16:38,098 [INFO] UtilMem:75 - End SaveConfig() Used Memory: 878739616 Bytes (1073741824)
2026-02-15 15:16:39,449 [INFO] UtilMem:75 - End SaveConfig() Used Memory: 919107744 Bytes (1073741824)
2026-02-15 15:16:39,659 [INFO] BlockDiagram:2775 - set Specific Code input for plugin: TIM1_8
2026-02-15 15:16:39,659 [INFO] BlockDiagram:2775 - set Specific Code input for plugin: SYS
2026-02-15 15:16:39,660 [INFO] BlockDiagram:2775 - set Specific Code input for plugin: RCC
2026-02-15 15:16:39,660 [INFO] BlockDiagram:2775 - set Specific Code input for plugin: NVIC
2026-02-15 15:16:39,660 [INFO] BlockDiagram:2775 - set Specific Code input for plugin: USART
2026-02-15 15:16:39,661 [INFO] BlockDiagram:2775 - set Specific Code input for plugin: GPIO
2026-02-15 15:16:39,662 [INFO] CodeGenerator:892 - code generatio: config db path: C:\ST\STM32CubeIDE_1.19.0\STM32CubeIDE\plugins\com.st.stm32cube.common.mx_6.15.0.202507011659\\db\
2026-02-15 15:16:39,952 [INFO] CodeEngine:265 - oldGeneratedFile, C:\Users\adity\STM32CubeIDE\workspace_1.19.0\DashBoard\F446reSensorClustor\UltrasonicSensorTest-HC-SR04\MXTmpFiles\license.tmp_save
2026-02-15 15:16:40,095 [INFO] CodeEngine:289 - Generated code: C:\Users\adity\STM32CubeIDE\workspace_1.19.0\DashBoard\F446reSensorClustor\UltrasonicSensorTest-HC-SR04\MXTmpFiles\license.tmp
2026-02-15 15:16:40,132 [INFO] CodeEngine:265 - oldGeneratedFile, C:\Users\adity\STM32CubeIDE\workspace_1.19.0\DashBoard\F446reSensorClustor\UltrasonicSensorTest-HC-SR04\MXTmpFiles\gpio.tmp_save
2026-02-15 15:16:40,267 [INFO] CodeEngine:289 - Generated code: C:\Users\adity\STM32CubeIDE\workspace_1.19.0\DashBoard\F446reSensorClustor\UltrasonicSensorTest-HC-SR04\MXTmpFiles\gpio.tmp
2026-02-15 15:16:40,428 [INFO] CodeEngine:265 - oldGeneratedFile, C:\Users\adity\STM32CubeIDE\workspace_1.19.0\DashBoard\F446reSensorClustor\UltrasonicSensorTest-HC-SR04\Core\Src\stm32f4xx_it.c_save
2026-02-15 15:16:40,594 [INFO] CodeEngine:289 - Generated code: C:\Users\adity\STM32CubeIDE\workspace_1.19.0\DashBoard\F446reSensorClustor\UltrasonicSensorTest-HC-SR04\Core\Src\stm32f4xx_it.c
2026-02-15 15:16:40,604 [INFO] CodeEngine:265 - oldGeneratedFile, C:\Users\adity\STM32CubeIDE\workspace_1.19.0\DashBoard\F446reSensorClustor\UltrasonicSensorTest-HC-SR04\Core\Inc\stm32f4xx_it.h_save
2026-02-15 15:16:40,713 [INFO] CodeEngine:289 - Generated code: C:\Users\adity\STM32CubeIDE\workspace_1.19.0\DashBoard\F446reSensorClustor\UltrasonicSensorTest-HC-SR04\Core\Inc\stm32f4xx_it.h
2026-02-15 15:16:40,738 [INFO] CodeEngine:265 - oldGeneratedFile, C:\Users\adity\STM32CubeIDE\workspace_1.19.0\DashBoard\F446reSensorClustor\UltrasonicSensorTest-HC-SR04\Core\Src\stm32f4xx_hal_msp.c_save
2026-02-15 15:16:40,901 [INFO] CodeEngine:289 - Generated code: C:\Users\adity\STM32CubeIDE\workspace_1.19.0\DashBoard\F446reSensorClustor\UltrasonicSensorTest-HC-SR04\Core\Src\stm32f4xx_hal_msp.c
2026-02-15 15:16:40,910 [INFO] CodeEngine:265 - oldGeneratedFile, C:\Users\adity\STM32CubeIDE\workspace_1.19.0\DashBoard\F446reSensorClustor\UltrasonicSensorTest-HC-SR04\MXTmpFiles\system.tmp_save
2026-02-15 15:16:41,016 [INFO] CodeEngine:289 - Generated code: C:\Users\adity\STM32CubeIDE\workspace_1.19.0\DashBoard\F446reSensorClustor\UltrasonicSensorTest-HC-SR04\MXTmpFiles\system.tmp
2026-02-15 15:16:41,034 [INFO] CodeEngine:321 - oldGeneratedFile, C:\Users\adity\STM32CubeIDE\workspace_1.19.0\DashBoard\F446reSensorClustor\UltrasonicSensorTest-HC-SR04\Core\Inc\stm32f4xx_hal_conf.h_save
2026-02-15 15:16:41,120 [INFO] CodeEngine:345 - Generated code: C:\Users\adity\STM32CubeIDE\workspace_1.19.0\DashBoard\F446reSensorClustor\UltrasonicSensorTest-HC-SR04\Core\Inc\stm32f4xx_hal_conf.h
2026-02-15 15:16:41,142 [WARN] IPConfigManager:3238 - Warning: the RefConfig PLL2P_FOR_MCO is not available in your config.xml file
2026-02-15 15:16:41,147 [WARN] IPConfigManager:3811 - IP not found : TIM
2026-02-15 15:16:41,147 [WARN] CodeGenerator:4259 - IP not found : null
2026-02-15 15:16:41,158 [INFO] CodeEngine:265 - oldGeneratedFile, C:\Users\adity\STM32CubeIDE\workspace_1.19.0\DashBoard\F446reSensorClustor\UltrasonicSensorTest-HC-SR04\Core\Inc\main.h_save
2026-02-15 15:16:41,230 [INFO] CodeEngine:289 - Generated code: C:\Users\adity\STM32CubeIDE\workspace_1.19.0\DashBoard\F446reSensorClustor\UltrasonicSensorTest-HC-SR04\Core\Inc\main.h
2026-02-15 15:16:41,239 [INFO] CodeEngine:265 - oldGeneratedFile, C:\Users\adity\STM32CubeIDE\workspace_1.19.0\DashBoard\F446reSensorClustor\UltrasonicSensorTest-HC-SR04\Core\Src\main.c_save
2026-02-15 15:16:41,363 [INFO] CodeEngine:289 - Generated code: C:\Users\adity\STM32CubeIDE\workspace_1.19.0\DashBoard\F446reSensorClustor\UltrasonicSensorTest-HC-SR04\Core\Src\main.c
2026-02-15 15:16:41,710 [INFO] ProjectBuilder:3606 - Time for Copy HAL[1] : 151mS.
2026-02-15 15:16:41,713 [INFO] ProjectBuilder:5216 - Project Generator version: 4.7.0-B52
2026-02-15 15:16:41,816 [INFO] ConfigFileManager:1595 - The Die is : DIE421
2026-02-15 15:16:43,060 [INFO] ProjectBuilder:5496 - Time for Generating toolchain IDE Files: 1347mS.
2026-02-15 15:16:43,061 [INFO] ProjectBuilder:3463 - Time for Copy CMSIS : 0mS.
2026-02-15 15:16:43,065 [INFO] ProjectBuilder:3463 - Time for Copy CMSIS : 0mS.
