2026-02-16 11:10:13,731 [INFO] WebApp:194 - Connection lost
2026-02-16 11:10:13,987 [INFO] WebApp:191 - Connection restablished
2026-02-16 13:19:17,161 [INFO] WebApp:194 - Connection lost
2026-02-16 13:19:17,335 [INFO] WebApp:191 - Connection restablished
2026-02-16 13:23:32,528 [INFO] MainUpdater:2872 - connection check result : 10
2026-02-16 13:23:32,528 [INFO] MainUpdater:2872 - connection check result : 10
2026-02-16 13:23:32,763 [INFO] MicroXplorer:468 - Change Database Path : 
2026-02-16 13:23:32,763 [INFO] MicroXplorer:498 - Change Database Version : DB.6.0.150
2026-02-16 13:23:32,813 [ERROR] ProjectManagerView:395 - 
java.lang.NullPointerException: Cannot invoke "javax.swing.JTextField.getText()" because the return value of "java.util.List.get(int)" is null
	at com.st.microxplorer.plugins.projectmanager.gui.ProjectChoiceTab$9.caretUpdate(ProjectChoiceTab.java:2706) ~[filemanager.jar:?]
	at javax.swing.text.JTextComponent.fireCaretUpdate(JTextComponent.java:408) ~[?:?]
	at javax.swing.text.JTextComponent$MutableCaretEvent.fire(JTextComponent.java:4484) ~[?:?]
	at javax.swing.text.JTextComponent$MutableCaretEvent.stateChanged(JTextComponent.java:4506) ~[?:?]
	at javax.swing.text.DefaultCaret.fireStateChanged(DefaultCaret.java:857) ~[?:?]
	at javax.swing.text.DefaultCaret.changeCaretPosition(DefaultCaret.java:1343) ~[?:?]
	at javax.swing.text.DefaultCaret.handleSetDot(DefaultCaret.java:1242) ~[?:?]
	at javax.swing.text.DefaultCaret.setDot(DefaultCaret.java:1223) ~[?:?]
	at javax.swing.text.DefaultCaret$Handler.insertUpdate(DefaultCaret.java:1819) ~[?:?]
	at javax.swing.text.AbstractDocument.fireInsertUpdate(AbstractDocument.java:227) ~[?:?]
	at javax.swing.text.AbstractDocument.handleInsertString(AbstractDocument.java:781) ~[?:?]
	at javax.swing.text.AbstractDocument.insertString(AbstractDocument.java:740) ~[?:?]
	at javax.swing.text.PlainDocument.insertString(PlainDocument.java:131) ~[?:?]
	at javax.swing.text.AbstractDocument.replace(AbstractDocument.java:699) ~[?:?]
	at javax.swing.text.JTextComponent.setText(JTextComponent.java:1725) ~[?:?]
	at com.st.microxplorer.plugins.projectmanager.gui.ProjectChoiceTab.createHeapStackFields(ProjectChoiceTab.java:993) ~[filemanager.jar:?]
	at com.st.microxplorer.plugins.projectmanager.gui.ProjectChoiceTab.buildLinkSettingsPanel(ProjectChoiceTab.java:3813) ~[filemanager.jar:?]
	at com.st.microxplorer.plugins.projectmanager.gui.ProjectChoiceTab.defineWindowsFields(ProjectChoiceTab.java:1987) ~[filemanager.jar:?]
	at com.st.microxplorer.plugins.projectmanager.gui.ProjectChoiceTab.updateSettings(ProjectChoiceTab.java:558) ~[filemanager.jar:?]
	at com.st.microxplorer.plugins.projectmanager.gui.ProjectSettingsPanel.UpdateDialog(ProjectSettingsPanel.java:247) ~[filemanager.jar:?]
	at com.st.microxplorer.plugins.projectmanager.ProjectManagerView.propertyChange(ProjectManagerView.java:392) ~[filemanager.jar:?]
	at java.beans.PropertyChangeSupport.fire(PropertyChangeSupport.java:343) ~[?:?]
	at java.beans.PropertyChangeSupport.firePropertyChange(PropertyChangeSupport.java:335) ~[?:?]
	at java.beans.PropertyChangeSupport.firePropertyChange(PropertyChangeSupport.java:268) ~[?:?]
	at com.st.microxplorer.util.MXPropertyChangeSupport.firePropertyChange(MXPropertyChangeSupport.java:54) ~[STM32CubeMX.jar:?]
	at com.st.microxplorer.mxsystem.MxSystem.closeConfig(MxSystem.java:899) ~[STM32CubeMX.jar:?]
	at com.st.microxplorer.maingui.MainPanel.closeConfig(MainPanel.java:792) ~[STM32CubeMX.jar:?]
	at com.st.microxplorer.plugins.filemanager.engine.OpenFileManager.loadConfigurationFile(OpenFileManager.java:288) ~[filemanager.jar:?]
	at com.st.microxplorer.plugins.filemanager.engine.MainFileManager.userLoadConfig(MainFileManager.java:364) ~[filemanager.jar:?]
	at com.st.microxplorer.plugins.filemanager.engine.MainFileManager.userLoadConfig(MainFileManager.java:342) ~[filemanager.jar:?]
	at com.st.microxplorer.plugins.filemanager.FileManagerView.getSpecificTask(FileManagerView.java:264) ~[filemanager.jar:?]
	at com.st.stm32cube.common.mx.editor.CubeMxEditor.getMxTabbedPaneInstance(CubeMxEditor.java:1198) ~[com.st.stm32cube.common.mx_6.15.0.202507011659/:?]
	at com.st.stm32cube.common.mx.editor.CubeMxEditor$12$1.createSwingComponent(CubeMxEditor.java:1068) ~[com.st.stm32cube.common.mx_6.15.0.202507011659/:?]
	at com.st.stm32cube.common.mx.oss.core.awtswtbridge.EmbeddedSwingComposite.doComponentCreation(EmbeddedSwingComposite.java:492) ~[com.st.stm32cube.common.mx.oss_6.15.0.202507011659/:?]
	at com.st.stm32cube.common.mx.oss.core.awtswtbridge.EmbeddedSwingComposite$4.run(EmbeddedSwingComposite.java:291) ~[com.st.stm32cube.common.mx.oss_6.15.0.202507011659/:?]
	at com.st.stm32cube.common.mx.oss.core.awtswtbridge.AwtEnvironment$2.run(AwtEnvironment.java:166) ~[com.st.stm32cube.common.mx.oss_6.15.0.202507011659/:?]
	at java.awt.event.InvocationEvent.dispatch(InvocationEvent.java:318) ~[?:?]
	at java.awt.EventQueue.dispatchEventImpl(EventQueue.java:773) ~[?:?]
	at java.awt.EventQueue$4.run(EventQueue.java:720) ~[?:?]
	at java.awt.EventQueue$4.run(EventQueue.java:714) ~[?:?]
	at java.security.AccessController.doPrivileged(AccessController.java:400) ~[?:?]
	at java.security.ProtectionDomain$JavaSecurityAccessImpl.doIntersectionPrivilege(ProtectionDomain.java:87) ~[?:?]
	at java.awt.EventQueue.dispatchEvent(EventQueue.java:742) ~[?:?]
	at java.awt.EventDispatchThread.pumpOneEventForFilters(EventDispatchThread.java:203) ~[?:?]
	at java.awt.EventDispatchThread.pumpEventsForFilter(EventDispatchThread.java:124) ~[?:?]
	at java.awt.EventDispatchThread.pumpEventsForHierarchy(EventDispatchThread.java:113) ~[?:?]
	at java.awt.EventDispatchThread.pumpEvents(EventDispatchThread.java:109) ~[?:?]
	at java.awt.EventDispatchThread.pumpEvents(EventDispatchThread.java:101) ~[?:?]
	at java.awt.EventDispatchThread.run(EventDispatchThread.java:90) ~[?:?]
2026-02-16 13:23:32,815 [WARN] ThirdParty:871 - waiting for thirdparty lock release [close project]
2026-02-16 13:23:32,816 [INFO] ThirdParty:873 - entering critical section [close project]
2026-02-16 13:23:32,816 [INFO] ThirdParty:883 - exiting critical section [close project]
2026-02-16 13:23:32,818 [INFO] PinOutPanel:1589 - setPackage(No Configuration,No Configuration)
2026-02-16 13:23:32,837 [WARN] IpParametersView:155 - Warning: This peripheral hasn't parameters
2026-02-16 13:23:32,856 [WARN] MainPanel:289 - <html><b><center>Warning: This peripheral has no parameters to be configured<br></b></html>
2026-02-16 13:23:32,862 [INFO] UtilMem:75 - Begin LoadConfig() Used Memory: 844204832 Bytes (1073741824)
2026-02-16 13:23:32,863 [INFO] MicroXplorer:468 - Change Database Path : 
2026-02-16 13:23:32,864 [INFO] MicroXplorer:498 - Change Database Version : DB.6.0.150
2026-02-16 13:23:32,864 [INFO] OpenFileManager:355 - Change cursor
2026-02-16 13:23:32,908 [INFO] RulesReader:64 - Compatibility file has been processed (317 Rules)
2026-02-16 13:23:32,915 [INFO] Mcu:2029 - Initializing MCU STM32F446R(C-E)Tx STM32F446RETx STM32F446RET6
2026-02-16 13:23:35,510 [INFO] Context:786 - Trying to add GPIOservice into a context  which must be forbidden
2026-02-16 13:23:36,852 [INFO] ImportTextPane:234 - (OptionalMessage_ERROR) Pin13 (VP_RIF_VS_RIF1) cannot be retrieved for this MCU
2026-02-16 13:23:37,408 [INFO] RtosManager:558 - Registered RTOS mode: class=CMSIS, group=RTOS, mode=CMSIS_V1, owner=FREERTOS
2026-02-16 13:23:37,412 [INFO] RtosManager:558 - Registered RTOS mode: class=CMSIS, group=RTOS2, mode=CMSIS_V2, owner=FREERTOS
2026-02-16 13:23:37,413 [INFO] RtosManager:558 - Registered RTOS mode: class=RTOS, group=Core, mode=CMSIS_V1, owner=FREERTOS
2026-02-16 13:23:37,413 [INFO] RtosManager:558 - Registered RTOS mode: class=RTOS, group=Core, mode=CMSIS_V2, owner=FREERTOS
2026-02-16 13:23:37,413 [WARN] ModelIntegratedComponent:184 - Missing modes for component STMicroelectronics:FreeRTOS:0.0.1:STMicroelectronics:RTOS:FreeRTOS:Core:::10.2.0:
2026-02-16 13:23:37,423 [WARN] ModelIntegratedComponent:63 - No mode defined for component null
2026-02-16 13:23:37,423 [WARN] ModelIntegratedComponent:63 - No mode defined for component null
2026-02-16 13:23:37,423 [WARN] ModelIntegratedComponent:63 - No mode defined for component null
2026-02-16 13:23:37,423 [WARN] ModelIntegratedComponent:63 - No mode defined for component null
2026-02-16 13:23:37,423 [WARN] ModelIntegratedComponent:63 - No mode defined for component null
2026-02-16 13:23:37,423 [WARN] ModelIntegratedComponent:63 - No mode defined for component null
2026-02-16 13:23:37,423 [WARN] ModelIntegratedComponent:63 - No mode defined for component null
2026-02-16 13:23:37,423 [WARN] ModelIntegratedComponent:63 - No mode defined for component null
2026-02-16 13:23:37,423 [WARN] ModelIntegratedComponent:63 - No mode defined for component null
2026-02-16 13:23:37,423 [WARN] ModelIntegratedComponent:63 - No mode defined for component null
2026-02-16 13:23:37,423 [WARN] ModelIntegratedComponent:63 - No mode defined for component null
2026-02-16 13:23:37,423 [WARN] ModelIntegratedComponent:63 - No mode defined for component null
2026-02-16 13:23:37,424 [WARN] ModelIntegratedComponent:63 - No mode defined for component null
2026-02-16 13:23:37,424 [WARN] ModelIntegratedComponent:63 - No mode defined for component null
2026-02-16 13:23:37,424 [WARN] ModelIntegratedComponent:63 - No mode defined for component null
2026-02-16 13:23:37,424 [WARN] ModelIntegratedComponent:63 - No mode defined for component null
2026-02-16 13:23:37,424 [WARN] ModelIntegratedComponent:63 - No mode defined for component null
2026-02-16 13:23:37,424 [WARN] ModelIntegratedComponent:63 - No mode defined for component null
2026-02-16 13:23:37,424 [WARN] ModelIntegratedComponent:63 - No mode defined for component null
2026-02-16 13:23:37,424 [WARN] ModelIntegratedComponent:63 - No mode defined for component null
2026-02-16 13:23:37,424 [WARN] ModelIntegratedComponent:63 - No mode defined for component null
2026-02-16 13:23:37,424 [WARN] ModelIntegratedComponent:63 - No mode defined for component null
2026-02-16 13:23:37,424 [WARN] ModelIntegratedComponent:63 - No mode defined for component null
2026-02-16 13:23:37,424 [WARN] ModelIntegratedComponent:63 - No mode defined for component null
2026-02-16 13:23:37,424 [WARN] ModelIntegratedComponent:63 - No mode defined for component null
2026-02-16 13:23:37,424 [WARN] ModelIntegratedComponent:63 - No mode defined for component null
2026-02-16 13:23:37,425 [WARN] ModelIntegratedComponent:63 - No mode defined for component null
2026-02-16 13:23:37,425 [WARN] ModelIntegratedComponent:63 - No mode defined for component null
2026-02-16 13:23:37,425 [WARN] ModelIntegratedComponent:63 - No mode defined for component null
2026-02-16 13:23:37,425 [WARN] ModelIntegratedComponent:63 - No mode defined for component null
2026-02-16 13:23:37,425 [WARN] ModelIntegratedComponent:63 - No mode defined for component null
2026-02-16 13:23:37,428 [WARN] ModelIntegratedComponent:63 - No mode defined for component null
2026-02-16 13:23:37,428 [WARN] ModelIntegratedComponent:63 - No mode defined for component null
2026-02-16 13:23:37,429 [WARN] ModelIntegratedComponent:63 - No mode defined for component null
2026-02-16 13:23:37,429 [WARN] ModelIntegratedComponent:63 - No mode defined for component null
2026-02-16 13:23:37,429 [WARN] ModelPack:524 - Component already loaded: STMicroelectronics:HAL Drivers:0.0.0:STMicroelectronics:Device:STMicro_Driver:XSPI:HAL::0.0.1:HAL_XSPI
2026-02-16 13:23:37,574 [INFO] ThirdPartyModel:298 - Start build external matchings
2026-02-16 13:23:40,169 [INFO] ThirdPartyModel:316 - End build external matchings
2026-02-16 13:23:40,220 [INFO] ImportTextPane:234 - (OptionalMessage_ERROR) IP (RCC) : Invalid parameter (48MHZClocksFreq_Value)
2026-02-16 13:23:40,221 [INFO] ImportTextPane:234 - (OptionalMessage_ERROR) IP (RCC) : Invalid parameter (EthernetFreq_Value)
2026-02-16 13:23:40,223 [INFO] ImportTextPane:234 - (OptionalMessage_ERROR) IP (RCC) : Parameter (FLatency) has Id (AdvancedSettings) currently not set
2026-02-16 13:23:40,223 [INFO] ImportTextPane:234 - (OptionalMessage_ERROR) IP (RCC) : Invalid parameter (FamilyName)
2026-02-16 13:23:40,223 [INFO] ImportTextPane:234 - (OptionalMessage_ERROR) IP (RCC) : Invalid parameter (I2SClocksFreq_Value)
2026-02-16 13:23:40,224 [INFO] ImportTextPane:234 - (OptionalMessage_ERROR) IP (RCC) : Parameter (SDIOFreq_Value) has invalid value (168000000)
2026-02-16 13:23:40,224 [INFO] ImportTextPane:234 - (OptionalMessage_ERROR) IP (RCC) : Parameter (USBFreq_Value) has invalid value (168000000)
2026-02-16 13:23:40,225 [INFO] ImportTextPane:234 - (OptionalMessage_ERROR) IP (RCC) : Invalid parameter (VCOInputMFreq_Value)
2026-02-16 13:23:40,225 [INFO] ImportTextPane:234 - (OptionalMessage_ERROR) IP (RCC) : Invalid parameter (VcooutputI2S)
2026-02-16 13:23:41,220 [INFO] UtilMem:75 - End LoadConfig() Used Memory: 811941448 Bytes (1073741824)
2026-02-16 13:23:41,257 [WARN] ThirdParty:833 - waiting for thirdparty lock release [change project]
2026-02-16 13:23:41,259 [INFO] ThirdParty:835 - entering critical section [change project]
2026-02-16 13:23:41,259 [INFO] ThirdParty:1030 - CMSIS Pack Vendor :STMicroelectronics X-CUBE-PM33A1 1.0.0
2026-02-16 13:23:41,259 [INFO] ThirdParty:1030 - CMSIS Pack Vendor :STMicroelectronics USBPD 4.1
2026-02-16 13:23:41,259 [INFO] ThirdParty:1030 - CMSIS Pack Vendor :STMicroelectronics X-CUBE-NFC9 1.0.0
2026-02-16 13:23:41,260 [INFO] ThirdParty:1030 - CMSIS Pack Vendor :STMicroelectronics USB_HOST 2.0.0
2026-02-16 13:23:41,260 [INFO] ThirdParty:1030 - CMSIS Pack Vendor :STMicroelectronics FP-SNS-MOTENVWB1 1.4.0
2026-02-16 13:23:41,260 [INFO] ThirdParty:1030 - CMSIS Pack Vendor :STMicroelectronics X-CUBE-AZRTOS-F4 1.1.0
2026-02-16 13:23:41,260 [INFO] ThirdParty:1030 - CMSIS Pack Vendor :STMicroelectronics LIBJPEG 8.0.0
2026-02-16 13:23:41,260 [INFO] ThirdParty:1030 - CMSIS Pack Vendor :STMicroelectronics FP-ATR-ASTRA1 2.0.2
2026-02-16 13:23:41,260 [INFO] ThirdParty:1030 - CMSIS Pack Vendor :wolfSSL I-CUBE-wolfSSL 5.8.2
2026-02-16 13:23:41,260 [INFO] ThirdParty:1030 - CMSIS Pack Vendor :STMicroelectronics X-CUBE-BLE1 7.1.0
2026-02-16 13:23:41,260 [INFO] ThirdParty:1030 - CMSIS Pack Vendor :STMicroelectronics X-CUBE-SMBUS 2.1.0
2026-02-16 13:23:41,260 [INFO] ThirdParty:1030 - CMSIS Pack Vendor :wolfSSL I-CUBE-wolfMQTT 1.19.2
2026-02-16 13:23:41,260 [INFO] ThirdParty:1030 - CMSIS Pack Vendor :STMicroelectronics USB_DEVICE 3.0.0
2026-02-16 13:23:41,260 [INFO] ThirdParty:1030 - CMSIS Pack Vendor :STMicroelectronics X-CUBE-ISPU 2.1.0
2026-02-16 13:23:41,260 [INFO] ThirdParty:1030 - CMSIS Pack Vendor :STMicroelectronics X-CUBE-FREERTOS 1.4.0
2026-02-16 13:23:41,260 [INFO] ThirdParty:1030 - CMSIS Pack Vendor :STMicroelectronics X-CUBE-EEPRMA1 5.2.0
2026-02-16 13:23:41,260 [INFO] ThirdParty:1030 - CMSIS Pack Vendor :STMicroelectronics X-CUBE-IPS 3.2.0
2026-02-16 13:23:41,260 [INFO] ThirdParty:1030 - CMSIS Pack Vendor :STMicroelectronics X-CUBE-BLEMGR 4.1.0
2026-02-16 13:23:41,260 [INFO] ThirdParty:1030 - CMSIS Pack Vendor :STMicroelectronics X-CUBE-AZRTOS-WB 2.0.0
2026-02-16 13:23:41,260 [INFO] ThirdParty:1030 - CMSIS Pack Vendor :STMicroelectronics X-CUBE-ST60 1.0.0
2026-02-16 13:23:41,260 [INFO] ThirdParty:1030 - CMSIS Pack Vendor :STMicroelectronics X-CUBE-GNSS1 7.0.1
2026-02-16 13:23:41,262 [INFO] ThirdParty:1030 - CMSIS Pack Vendor :STMicroelectronics X-CUBE-NFC12 1.0.0
2026-02-16 13:23:41,262 [INFO] ThirdParty:1030 - CMSIS Pack Vendor :STMicroelectronics X-CUBE-AZRTOS-F7 1.1.0
2026-02-16 13:23:41,262 [INFO] ThirdParty:1030 - CMSIS Pack Vendor :STMicroelectronics X-CUBE-AZRTOS-L5 2.0.0
2026-02-16 13:23:41,264 [INFO] ThirdParty:1030 - CMSIS Pack Vendor :STMicroelectronics X-CUBE-TOUCHGFX 4.25.0
2026-02-16 13:23:41,266 [INFO] ThirdParty:1030 - CMSIS Pack Vendor :STMicroelectronics USB_DEVICE 2.0.0
2026-02-16 13:23:41,266 [INFO] ThirdParty:1030 - CMSIS Pack Vendor :STMicroelectronics X-CUBE-NFC6 3.1.0
2026-02-16 13:23:41,267 [INFO] ThirdParty:1030 - CMSIS Pack Vendor :Cesanta I-CUBE-Mongoose 7.19.0
2026-02-16 13:23:41,267 [INFO] ThirdParty:1030 - CMSIS Pack Vendor :quantropi X-CUBE-qispace-sdk-base 2.1.0
2026-02-16 13:23:41,267 [INFO] ThirdParty:1030 - CMSIS Pack Vendor :STMicroelectronics X-CUBE-MEMS1 12.0.0
2026-02-16 13:23:41,267 [INFO] ThirdParty:1030 - CMSIS Pack Vendor :STMicroelectronics X-CUBE-STSE01 2.0.0
2026-02-16 13:23:41,267 [INFO] ThirdParty:1030 - CMSIS Pack Vendor :STMicroelectronics FP-SNS-MOTENV1 5.1.0
2026-02-16 13:23:41,267 [INFO] ThirdParty:1030 - CMSIS Pack Vendor :STMicroelectronics FreeRTOS 0.0.1
2026-02-16 13:23:41,267 [INFO] ThirdParty:1030 - CMSIS Pack Vendor :STMicroelectronics X-CUBE-AZRTOS-G0 1.1.0
2026-02-16 13:23:41,267 [INFO] ThirdParty:1030 - CMSIS Pack Vendor :STMicroelectronics X-CUBE-SAFEA1 1.2.2
2026-02-16 13:23:41,267 [INFO] ThirdParty:1030 - CMSIS Pack Vendor :STMicroelectronics X-CUBE-NFC4 3.0.0
2026-02-16 13:23:41,267 [INFO] ThirdParty:1030 - CMSIS Pack Vendor :STMicroelectronics X-CUBE-SUBG2 5.0.0
2026-02-16 13:23:41,268 [INFO] ThirdParty:1030 - CMSIS Pack Vendor :STMicroelectronics X-CUBE-AZRTOS-H7RS 1.1.0
2026-02-16 13:23:41,268 [INFO] ThirdParty:1030 - CMSIS Pack Vendor :STMicroelectronics STM32_WPAN 1.0.0
2026-02-16 13:23:41,268 [INFO] ThirdParty:1030 - CMSIS Pack Vendor :EmbeddedOffice I-CUBE-FS-RTOS 1.0.1
2026-02-16 13:23:41,268 [INFO] ThirdParty:1030 - CMSIS Pack Vendor :STMicroelectronics lwIP 2.0.3
2026-02-16 13:23:41,268 [INFO] ThirdParty:1030 - CMSIS Pack Vendor :WES I-CUBE-Cesium 1.4.0
2026-02-16 13:23:41,268 [INFO] ThirdParty:1030 - CMSIS Pack Vendor :STMicroelectronics USB_HOST 1.0.0
2026-02-16 13:23:41,268 [INFO] ThirdParty:1030 - CMSIS Pack Vendor :Infineon AIROC-Wi-Fi-Bluetooth-STM32 1.7.1
2026-02-16 13:23:41,268 [INFO] ThirdParty:1030 - CMSIS Pack Vendor :STMicroelectronics X-CUBE-AZRTOS-G4 2.0.0
2026-02-16 13:23:41,268 [INFO] ThirdParty:1030 - CMSIS Pack Vendor :STMicroelectronics X-CUBE-WB05N 2.0.0
2026-02-16 13:23:41,268 [INFO] ThirdParty:1030 - CMSIS Pack Vendor :STMicroelectronics PDM2PCM 3.1.0
2026-02-16 13:23:41,268 [INFO] ThirdParty:1030 - CMSIS Pack Vendor :STMicroelectronics PDM2PCM 3.3.0
2026-02-16 13:23:41,268 [INFO] ThirdParty:1030 - CMSIS Pack Vendor :wolfSSL I-CUBE-wolfTPM 3.8.0
2026-02-16 13:23:41,268 [INFO] ThirdParty:1030 - CMSIS Pack Vendor :STMicroelectronics X-CUBE-AZRTOS-H7 3.4.0
2026-02-16 13:23:41,268 [INFO] ThirdParty:1030 - CMSIS Pack Vendor :STMicroelectronics X-CUBE-DISPLAY 3.0.0
2026-02-16 13:23:41,268 [INFO] ThirdParty:1030 - CMSIS Pack Vendor :wolfSSL I-CUBE-wolfSSH 1.4.20
2026-02-16 13:23:41,269 [INFO] ThirdParty:1030 - CMSIS Pack Vendor :STMicroelectronics X-CUBE-NFC7 2.0.0
2026-02-16 13:23:41,269 [INFO] ThirdParty:1030 - CMSIS Pack Vendor :STMicroelectronics X-CUBE-TCPP 4.2.0
2026-02-16 13:23:41,269 [INFO] ThirdParty:1030 - CMSIS Pack Vendor :RealThread X-CUBE-RT-Thread_Nano 4.1.1
2026-02-16 13:23:41,269 [INFO] ThirdParty:1030 - CMSIS Pack Vendor :STMicroelectronics FP-ATR-SIGFOX1 3.2.0
2026-02-16 13:23:41,269 [INFO] ThirdParty:1030 - CMSIS Pack Vendor :STMicroelectronics X-CUBE-NFC10 1.0.0
2026-02-16 13:23:41,269 [INFO] ThirdParty:1030 - CMSIS Pack Vendor :STMicroelectronics X-CUBE-FREERTOS 1.3.1
2026-02-16 13:23:41,269 [INFO] ThirdParty:1030 - CMSIS Pack Vendor :STMicroelectronics HAL Drivers 0.0.0
2026-02-16 13:23:41,269 [INFO] ThirdParty:1030 - CMSIS Pack Vendor :STMicroelectronics MBEDTLS 2.16.2
2026-02-16 13:23:41,269 [INFO] ThirdParty:1030 - CMSIS Pack Vendor :STMicroelectronics X-CUBE-ST60 1.1.0
2026-02-16 13:23:41,269 [INFO] ThirdParty:1030 - CMSIS Pack Vendor :STMicroelectronics X-CUBE-IPS 3.1.0
2026-02-16 13:23:41,269 [INFO] ThirdParty:1030 - CMSIS Pack Vendor :STMicroelectronics X-CUBE-ALS 1.0.2
2026-02-16 13:23:41,269 [INFO] ThirdParty:1030 - CMSIS Pack Vendor :emotas I-CUBE-CANOPEN 1.3.0
2026-02-16 13:23:41,269 [INFO] ThirdParty:1030 - CMSIS Pack Vendor :STMicroelectronics MBEDTLS 2.14.1
2026-02-16 13:23:41,270 [INFO] ThirdParty:1030 - CMSIS Pack Vendor :STMicroelectronics X-CUBE-GNSS1 7.1.0
2026-02-16 13:23:41,270 [INFO] ThirdParty:1030 - CMSIS Pack Vendor :ITTIA_DB I-CUBE-ITTIADB 8.9.0
2026-02-16 13:23:41,270 [INFO] ThirdParty:1030 - CMSIS Pack Vendor :STMicroelectronics X-CUBE-TOUCHGFX 4.26.0
2026-02-16 13:23:41,270 [INFO] ThirdParty:1030 - CMSIS Pack Vendor :STMicroelectronics X-CUBE-STSE01 1.0.0
2026-02-16 13:23:41,270 [INFO] ThirdParty:1030 - CMSIS Pack Vendor :STMicroelectronics X-CUBE-NFC6 3.2.0
2026-02-16 13:23:41,270 [INFO] ThirdParty:1030 - CMSIS Pack Vendor :STMicroelectronics X-CUBE-ST67W61 1.0.0
2026-02-16 13:23:41,270 [INFO] ThirdParty:1030 - CMSIS Pack Vendor :STMicroelectronics FP-SNS-STBOX1 2.1.0
2026-02-16 13:23:41,270 [INFO] ThirdParty:1030 - CMSIS Pack Vendor :STMicroelectronics X-CUBE-AI 10.2.0
2026-02-16 13:23:41,270 [INFO] ThirdParty:1030 - CMSIS Pack Vendor :STMicroelectronics FP-SNS-STAIOTCFT 1.0.0
2026-02-16 13:23:41,270 [INFO] ThirdParty:1030 - CMSIS Pack Vendor :STMicroelectronics ThreadX 1.0.0
2026-02-16 13:23:41,270 [INFO] ThirdParty:1030 - CMSIS Pack Vendor :STMicroelectronics FP-SNS-SMARTAG2 1.2.0
2026-02-16 13:23:41,270 [INFO] ThirdParty:1030 - CMSIS Pack Vendor :STMicroelectronics FP-SNS-FLIGHT1 5.1.0
2026-02-16 13:23:41,270 [INFO] ThirdParty:1030 - CMSIS Pack Vendor :STMicroelectronics X-CUBE-AZRTOS-WL 2.0.0
2026-02-16 13:23:41,270 [INFO] ThirdParty:1030 - CMSIS Pack Vendor :SEGGER I-CUBE-embOS 1.3.1
2026-02-16 13:23:41,271 [INFO] ThirdParty:1030 - CMSIS Pack Vendor :STMicroelectronics X-CUBE-ALGOBUILD 1.4.0
2026-02-16 13:23:41,271 [INFO] ThirdParty:1030 - CMSIS Pack Vendor :STMicroelectronics X-CUBE-DPower 1.3.0
2026-02-16 13:23:41,271 [INFO] ThirdParty:1030 - CMSIS Pack Vendor :STMicroelectronics X-CUBE-MEMS1 11.3.0
2026-02-16 13:23:41,271 [INFO] ThirdParty:1030 - CMSIS Pack Vendor :STMicroelectronics FP-SNS-MOTENV1 5.0.0
2026-02-16 13:23:41,271 [INFO] ThirdParty:1030 - CMSIS Pack Vendor :STMicroelectronics USB_DEVICE 1.0.0
2026-02-16 13:23:41,271 [INFO] ThirdParty:1030 - CMSIS Pack Vendor :STMicroelectronics X-CUBE-AZRTOS-H7RS 1.2.0
2026-02-16 13:23:41,271 [INFO] ThirdParty:1030 - CMSIS Pack Vendor :STMicroelectronics X-CUBE-AZRTOS-L4 2.0.0
2026-02-16 13:23:41,271 [INFO] ThirdParty:1030 - CMSIS Pack Vendor :STMicroelectronics ThreadX 0.0.2
2026-02-16 13:23:41,271 [INFO] ThirdParty:1030 - CMSIS Pack Vendor :STMicroelectronics lwIP 2.1.2
2026-02-16 13:23:41,271 [INFO] ThirdParty:1030 - CMSIS Pack Vendor :STMicroelectronics X-CUBE-SFXS2LP1 4.0.0
2026-02-16 13:23:41,271 [INFO] ThirdParty:1030 - CMSIS Pack Vendor :STMicroelectronics X-CUBE-BLE2 3.3.0
2026-02-16 13:23:41,271 [INFO] ThirdParty:1030 - CMSIS Pack Vendor :Avnet-IOTCONNECT X-CUBE-iotc-st67-sdk 1.0.0
2026-02-16 13:23:41,271 [INFO] ThirdParty:1030 - CMSIS Pack Vendor :STMicroelectronics X-CUBE-TOF1 3.4.3
2026-02-16 13:23:41,271 [INFO] ThirdParty:1030 - CMSIS Pack Vendor :STMicroelectronics PDM2PCM 3.2.0
2026-02-16 13:23:41,271 [INFO] ThirdParty:1030 - CMSIS Pack Vendor :STMicroelectronics X-CUBE-ST67W61 1.2.0
2026-02-16 13:23:41,272 [INFO] ThirdParty:841 - exiting critical section [change project]
2026-02-16 13:23:42,044 [INFO] PinOutPanel:1589 - setPackage(No Configuration,No Configuration)
2026-02-16 13:23:42,049 [INFO] PinOutPanel:1589 - setPackage(STM32F446RETx,LQFP64)
2026-02-16 13:23:43,267 [INFO] UtilMem:75 - Before build in PCC Used Memory: 787422208 Bytes (1073741824)
2026-02-16 13:23:44,126 [INFO] UtilMem:75 - After build in PCC Used Memory: 838807736 Bytes (1073741824)
2026-02-16 13:23:44,184 [INFO] IPUIPlugin:80 - create IPUIPlugin
2026-02-16 13:23:44,184 [INFO] IPUIPlugin:80 - create IPUIPlugin
2026-02-16 13:23:44,185 [INFO] IPUIPlugin:80 - create IPUIPlugin
2026-02-16 13:23:44,185 [INFO] IPUIPlugin:80 - create IPUIPlugin
2026-02-16 13:23:44,185 [INFO] IPUIPlugin:80 - create IPUIPlugin
2026-02-16 13:23:44,185 [INFO] IPUIPlugin:80 - create IPUIPlugin
2026-02-16 13:23:44,186 [INFO] IPUIPlugin:80 - create IPUIPlugin
2026-02-16 13:23:44,186 [INFO] IPUIPlugin:80 - create IPUIPlugin
2026-02-16 13:23:44,186 [INFO] IPUIPlugin:80 - create IPUIPlugin
2026-02-16 13:23:44,186 [INFO] IPUIPlugin:80 - create IPUIPlugin
2026-02-16 13:23:44,186 [INFO] IPUIPlugin:80 - create IPUIPlugin
2026-02-16 13:23:44,187 [INFO] IPUIPlugin:80 - create IPUIPlugin
2026-02-16 13:23:44,187 [INFO] IPUIPlugin:80 - create IPUIPlugin
2026-02-16 13:23:44,187 [INFO] IPUIPlugin:80 - create IPUIPlugin
2026-02-16 13:23:44,187 [INFO] IPUIPlugin:80 - create IPUIPlugin
2026-02-16 13:23:44,188 [INFO] IPUIPlugin:80 - create IPUIPlugin
2026-02-16 13:23:44,188 [INFO] IPUIPlugin:80 - create IPUIPlugin
2026-02-16 13:23:44,188 [INFO] IPUIPlugin:80 - create IPUIPlugin
2026-02-16 13:23:44,188 [INFO] IPUIPlugin:80 - create IPUIPlugin
2026-02-16 13:23:44,188 [INFO] IPUIPlugin:80 - create IPUIPlugin
2026-02-16 13:23:44,189 [INFO] IPUIPlugin:80 - create IPUIPlugin
2026-02-16 13:23:44,189 [INFO] IPUIPlugin:80 - create IPUIPlugin
2026-02-16 13:23:44,189 [INFO] IPUIPlugin:80 - create IPUIPlugin
2026-02-16 13:23:44,190 [INFO] IPUIPlugin:80 - create IPUIPlugin
2026-02-16 13:23:44,190 [INFO] IPUIPlugin:80 - create IPUIPlugin
2026-02-16 13:23:44,190 [INFO] IPUIPlugin:80 - create IPUIPlugin
2026-02-16 13:23:44,190 [INFO] IPUIPlugin:80 - create IPUIPlugin
2026-02-16 13:23:44,190 [INFO] IPUIPlugin:80 - create IPUIPlugin
2026-02-16 13:23:44,192 [INFO] IPUIPlugin:80 - create IPUIPlugin
2026-02-16 13:23:44,192 [INFO] IPUIPlugin:80 - create IPUIPlugin
2026-02-16 13:23:44,193 [INFO] IPUIPlugin:80 - create IPUIPlugin
2026-02-16 13:23:44,193 [INFO] IPUIPlugin:80 - create IPUIPlugin
2026-02-16 13:23:44,193 [INFO] IPUIPlugin:80 - create IPUIPlugin
2026-02-16 13:23:44,194 [INFO] IPUIPlugin:80 - create IPUIPlugin
2026-02-16 13:23:44,194 [INFO] IPUIPlugin:80 - create IPUIPlugin
2026-02-16 13:23:44,194 [INFO] IPUIPlugin:80 - create IPUIPlugin
2026-02-16 13:23:44,195 [INFO] IPUIPlugin:80 - create IPUIPlugin
2026-02-16 13:23:44,195 [INFO] IPUIPlugin:80 - create IPUIPlugin
2026-02-16 13:23:44,196 [INFO] IPUIPlugin:80 - create IPUIPlugin
2026-02-16 13:23:44,196 [INFO] IPUIPlugin:80 - create IPUIPlugin
2026-02-16 13:23:44,196 [INFO] IPUIPlugin:80 - create IPUIPlugin
2026-02-16 13:23:44,197 [INFO] IPUIPlugin:80 - create IPUIPlugin
2026-02-16 13:23:44,197 [INFO] IPUIPlugin:80 - create IPUIPlugin
2026-02-16 13:23:44,197 [INFO] IPUIPlugin:80 - create IPUIPlugin
2026-02-16 13:23:44,198 [INFO] IPUIPlugin:80 - create IPUIPlugin
2026-02-16 13:23:44,201 [INFO] IPUIPlugin:80 - create IPUIPlugin
2026-02-16 13:23:44,202 [INFO] IPUIPlugin:80 - create IPUIPlugin
2026-02-16 13:23:44,202 [INFO] IPUIPlugin:80 - create IPUIPlugin
2026-02-16 13:23:44,202 [INFO] IPUIPlugin:80 - create IPUIPlugin
2026-02-16 13:23:44,203 [INFO] IPUIPlugin:80 - create IPUIPlugin
2026-02-16 13:23:44,203 [INFO] IPUIPlugin:80 - create IPUIPlugin
2026-02-16 13:23:44,204 [INFO] IPUIPlugin:80 - create IPUIPlugin
2026-02-16 13:23:44,204 [INFO] IPUIPlugin:80 - create IPUIPlugin
2026-02-16 13:23:44,204 [INFO] IPUIPlugin:80 - create IPUIPlugin
2026-02-16 13:23:44,205 [INFO] IPUIPlugin:80 - create IPUIPlugin
2026-02-16 13:23:44,205 [INFO] IPUIPlugin:80 - create IPUIPlugin
2026-02-16 13:23:44,206 [INFO] IPUIPlugin:80 - create IPUIPlugin
2026-02-16 13:23:44,207 [INFO] IPUIPlugin:80 - create IPUIPlugin
2026-02-16 13:23:44,207 [INFO] IPUIPlugin:80 - create IPUIPlugin
2026-02-16 13:23:44,208 [INFO] IPUIPlugin:80 - create IPUIPlugin
2026-02-16 13:23:44,215 [INFO] ApiDbMcu:532 - Load IP Config File for PDM2PCM
2026-02-16 13:23:44,331 [INFO] CADModel:165 - CPN selected for project levelSTM32F446RET6
2026-02-16 13:23:44,331 [INFO] CADModel:114 - Register for checkConnection events
2026-02-16 13:23:44,374 [INFO] OpenFileManager:386 - Restore cursor
2026-02-16 13:24:24,435 [INFO] ADCParametersView:116 -                Rank 1 : false
2026-02-16 13:24:24,518 [INFO] ADCParametersView:116 -                Rank 1 : false
2026-02-16 13:24:24,518 [INFO] ADCParametersView:116 -                Rank 1 : false
2026-02-16 13:24:24,518 [INFO] ADCParametersView:116 -                Rank 1 : false
2026-02-16 13:24:24,518 [INFO] ADCParametersView:116 -                Rank 1 : false
2026-02-16 13:24:24,518 [INFO] ADCParametersView:116 -                Rank 1 : false
2026-02-16 13:24:24,519 [INFO] ADCParametersView:116 -                Rank 1 : false
2026-02-16 13:24:24,519 [INFO] ADCParametersView:116 -                Rank 1 : false
2026-02-16 13:24:24,519 [INFO] ADCParametersView:116 -                Rank 1 : false
2026-02-16 13:24:24,519 [INFO] ADCParametersView:116 -                Rank 1 : false
2026-02-16 13:24:24,519 [INFO] ADCParametersView:116 -                Rank 1 : false
2026-02-16 13:24:24,519 [INFO] ADCParametersView:116 -                Rank 1 : false
2026-02-16 13:24:24,519 [INFO] ADCParametersView:116 -                Rank 1 : false
2026-02-16 13:24:24,519 [INFO] ADCParametersView:116 -                Rank 1 : false
2026-02-16 13:24:24,519 [INFO] ADCParametersView:116 -                Rank 1 : false
2026-02-16 13:24:24,558 [INFO] ADCParametersView:116 -                Rank 1 : false
2026-02-16 13:24:24,566 [INFO] NvicIntPanel:101 - NVIC parent = com.st.microxplorer.plugins.ip.nvic.MultiNvicIntPanel[,0,0,0x0,invalid,layout=javax.swing.BoxLayout,alignmentX=0.0,alignmentY=0.0,border=,flags=9,maximumSize=,minimumSize=,preferredSize=]
2026-02-16 13:24:26,222 [INFO] ADCParametersView:116 -                Rank 1 : false
2026-02-16 13:24:26,222 [INFO] ADCParametersView:116 -                Rank 1 : false
2026-02-16 13:24:26,222 [INFO] ADCParametersView:116 -                Rank 1 : false
2026-02-16 13:24:26,222 [INFO] ADCParametersView:116 -                Rank 1 : false
2026-02-16 13:24:26,222 [INFO] ADCParametersView:116 -                Rank 1 : false
2026-02-16 13:24:26,223 [INFO] ADCParametersView:116 -                Rank 1 : false
2026-02-16 13:24:26,223 [INFO] ADCParametersView:116 -                Rank 1 : false
2026-02-16 13:24:26,223 [INFO] ADCParametersView:116 -                Rank 1 : false
2026-02-16 13:24:26,223 [INFO] ADCParametersView:116 -                Rank 1 : false
2026-02-16 13:24:26,223 [INFO] ADCParametersView:116 -                Rank 1 : false
2026-02-16 13:24:26,223 [INFO] ADCParametersView:116 -                Rank 1 : false
2026-02-16 13:24:26,223 [INFO] ADCParametersView:116 -                Rank 1 : false
2026-02-16 13:24:26,224 [INFO] ADCParametersView:116 -                Rank 1 : false
2026-02-16 13:24:26,224 [INFO] ADCParametersView:116 -                Rank 1 : false
2026-02-16 13:24:26,260 [INFO] ADCParametersView:116 -                Rank 1 : false
2026-02-16 13:34:11,443 [INFO] MainUpdater:2872 - connection check result : 10
2026-02-16 13:34:11,443 [INFO] MainUpdater:2872 - connection check result : 10
2026-02-16 13:34:11,624 [INFO] MicroXplorer:468 - Change Database Path : 
2026-02-16 13:34:11,624 [INFO] MicroXplorer:498 - Change Database Version : DB.6.0.150
2026-02-16 13:34:11,643 [ERROR] ProjectManagerView:395 - 
java.lang.NullPointerException: Cannot invoke "javax.swing.JTextField.getText()" because the return value of "java.util.List.get(int)" is null
	at com.st.microxplorer.plugins.projectmanager.gui.ProjectChoiceTab$9.caretUpdate(ProjectChoiceTab.java:2706) ~[filemanager.jar:?]
	at javax.swing.text.JTextComponent.fireCaretUpdate(JTextComponent.java:408) ~[?:?]
	at javax.swing.text.JTextComponent$MutableCaretEvent.fire(JTextComponent.java:4484) ~[?:?]
	at javax.swing.text.JTextComponent$MutableCaretEvent.stateChanged(JTextComponent.java:4506) ~[?:?]
	at javax.swing.text.DefaultCaret.fireStateChanged(DefaultCaret.java:857) ~[?:?]
	at javax.swing.text.DefaultCaret.changeCaretPosition(DefaultCaret.java:1343) ~[?:?]
	at javax.swing.text.DefaultCaret.handleSetDot(DefaultCaret.java:1242) ~[?:?]
	at javax.swing.text.DefaultCaret.setDot(DefaultCaret.java:1223) ~[?:?]
	at javax.swing.text.DefaultCaret$Handler.insertUpdate(DefaultCaret.java:1819) ~[?:?]
	at javax.swing.text.AbstractDocument.fireInsertUpdate(AbstractDocument.java:227) ~[?:?]
	at javax.swing.text.AbstractDocument.handleInsertString(AbstractDocument.java:781) ~[?:?]
	at javax.swing.text.AbstractDocument.insertString(AbstractDocument.java:740) ~[?:?]
	at javax.swing.text.PlainDocument.insertString(PlainDocument.java:131) ~[?:?]
	at javax.swing.text.AbstractDocument.replace(AbstractDocument.java:699) ~[?:?]
	at javax.swing.text.JTextComponent.setText(JTextComponent.java:1725) ~[?:?]
	at com.st.microxplorer.plugins.projectmanager.gui.ProjectChoiceTab.createHeapStackFields(ProjectChoiceTab.java:993) ~[filemanager.jar:?]
	at com.st.microxplorer.plugins.projectmanager.gui.ProjectChoiceTab.buildLinkSettingsPanel(ProjectChoiceTab.java:3813) ~[filemanager.jar:?]
	at com.st.microxplorer.plugins.projectmanager.gui.ProjectChoiceTab.defineWindowsFields(ProjectChoiceTab.java:1987) ~[filemanager.jar:?]
	at com.st.microxplorer.plugins.projectmanager.gui.ProjectChoiceTab.updateSettings(ProjectChoiceTab.java:558) ~[filemanager.jar:?]
	at com.st.microxplorer.plugins.projectmanager.gui.ProjectSettingsPanel.UpdateDialog(ProjectSettingsPanel.java:247) ~[filemanager.jar:?]
	at com.st.microxplorer.plugins.projectmanager.ProjectManagerView.propertyChange(ProjectManagerView.java:392) ~[filemanager.jar:?]
	at java.beans.PropertyChangeSupport.fire(PropertyChangeSupport.java:343) ~[?:?]
	at java.beans.PropertyChangeSupport.firePropertyChange(PropertyChangeSupport.java:335) ~[?:?]
	at java.beans.PropertyChangeSupport.firePropertyChange(PropertyChangeSupport.java:268) ~[?:?]
	at com.st.microxplorer.util.MXPropertyChangeSupport.firePropertyChange(MXPropertyChangeSupport.java:54) ~[STM32CubeMX.jar:?]
	at com.st.microxplorer.mxsystem.MxSystem.closeConfig(MxSystem.java:899) ~[STM32CubeMX.jar:?]
	at com.st.microxplorer.maingui.MainPanel.closeConfig(MainPanel.java:792) ~[STM32CubeMX.jar:?]
	at com.st.microxplorer.plugins.filemanager.engine.OpenFileManager.loadConfigurationFile(OpenFileManager.java:288) ~[filemanager.jar:?]
	at com.st.microxplorer.plugins.filemanager.engine.MainFileManager.userLoadConfig(MainFileManager.java:364) ~[filemanager.jar:?]
	at com.st.microxplorer.plugins.filemanager.engine.MainFileManager.userLoadConfig(MainFileManager.java:342) ~[filemanager.jar:?]
	at com.st.microxplorer.plugins.filemanager.FileManagerView.getSpecificTask(FileManagerView.java:264) ~[filemanager.jar:?]
	at com.st.stm32cube.common.mx.editor.CubeMxEditor.getMxTabbedPaneInstance(CubeMxEditor.java:1198) ~[com.st.stm32cube.common.mx_6.15.0.202507011659/:?]
	at com.st.stm32cube.common.mx.editor.CubeMxEditor$12$1.createSwingComponent(CubeMxEditor.java:1068) ~[com.st.stm32cube.common.mx_6.15.0.202507011659/:?]
	at com.st.stm32cube.common.mx.oss.core.awtswtbridge.EmbeddedSwingComposite.doComponentCreation(EmbeddedSwingComposite.java:492) ~[com.st.stm32cube.common.mx.oss_6.15.0.202507011659/:?]
	at com.st.stm32cube.common.mx.oss.core.awtswtbridge.EmbeddedSwingComposite$4.run(EmbeddedSwingComposite.java:291) ~[com.st.stm32cube.common.mx.oss_6.15.0.202507011659/:?]
	at com.st.stm32cube.common.mx.oss.core.awtswtbridge.AwtEnvironment$2.run(AwtEnvironment.java:166) ~[com.st.stm32cube.common.mx.oss_6.15.0.202507011659/:?]
	at java.awt.event.InvocationEvent.dispatch(InvocationEvent.java:318) ~[?:?]
	at java.awt.EventQueue.dispatchEventImpl(EventQueue.java:773) ~[?:?]
	at java.awt.EventQueue$4.run(EventQueue.java:720) ~[?:?]
	at java.awt.EventQueue$4.run(EventQueue.java:714) ~[?:?]
	at java.security.AccessController.doPrivileged(AccessController.java:400) ~[?:?]
	at java.security.ProtectionDomain$JavaSecurityAccessImpl.doIntersectionPrivilege(ProtectionDomain.java:87) ~[?:?]
	at java.awt.EventQueue.dispatchEvent(EventQueue.java:742) ~[?:?]
	at java.awt.EventDispatchThread.pumpOneEventForFilters(EventDispatchThread.java:203) ~[?:?]
	at java.awt.EventDispatchThread.pumpEventsForFilter(EventDispatchThread.java:124) ~[?:?]
	at java.awt.EventDispatchThread.pumpEventsForHierarchy(EventDispatchThread.java:113) ~[?:?]
	at java.awt.EventDispatchThread.pumpEvents(EventDispatchThread.java:109) ~[?:?]
	at java.awt.EventDispatchThread.pumpEvents(EventDispatchThread.java:101) ~[?:?]
	at java.awt.EventDispatchThread.run(EventDispatchThread.java:90) ~[?:?]
2026-02-16 13:34:11,645 [WARN] ThirdParty:871 - waiting for thirdparty lock release [close project]
2026-02-16 13:34:11,645 [INFO] ThirdParty:873 - entering critical section [close project]
2026-02-16 13:34:11,645 [INFO] ThirdParty:883 - exiting critical section [close project]
2026-02-16 13:34:11,647 [INFO] PinOutPanel:1589 - setPackage(No Configuration,No Configuration)
2026-02-16 13:34:11,655 [WARN] IpParametersView:155 - Warning: This peripheral hasn't parameters
2026-02-16 13:34:11,661 [WARN] MainPanel:289 - <html><b><center>Warning: This peripheral has no parameters to be configured<br></b></html>
2026-02-16 13:34:11,665 [INFO] UtilMem:75 - Begin LoadConfig() Used Memory: 860073784 Bytes (1073741824)
2026-02-16 13:34:11,665 [INFO] MicroXplorer:468 - Change Database Path : 
2026-02-16 13:34:11,665 [INFO] MicroXplorer:498 - Change Database Version : DB.6.0.150
2026-02-16 13:34:11,666 [INFO] OpenFileManager:355 - Change cursor
2026-02-16 13:34:11,672 [INFO] Mcu:2029 - Initializing MCU STM32F446R(C-E)Tx STM32F446RETx STM32F446RET6
2026-02-16 13:34:13,172 [INFO] Context:786 - Trying to add GPIOservice into a context  which must be forbidden
2026-02-16 13:34:13,699 [INFO] ImportTextPane:234 - (OptionalMessage_ERROR) Pin14 (VP_RIF_VS_RIF1) cannot be retrieved for this MCU
2026-02-16 13:34:13,856 [INFO] RtosManager:558 - Registered RTOS mode: class=CMSIS, group=RTOS, mode=CMSIS_V1, owner=FREERTOS
2026-02-16 13:34:13,856 [INFO] RtosManager:558 - Registered RTOS mode: class=CMSIS, group=RTOS2, mode=CMSIS_V2, owner=FREERTOS
2026-02-16 13:34:13,856 [INFO] RtosManager:558 - Registered RTOS mode: class=RTOS, group=Core, mode=CMSIS_V1, owner=FREERTOS
2026-02-16 13:34:13,856 [INFO] RtosManager:558 - Registered RTOS mode: class=RTOS, group=Core, mode=CMSIS_V2, owner=FREERTOS
2026-02-16 13:34:13,857 [WARN] ModelIntegratedComponent:184 - Missing modes for component STMicroelectronics:FreeRTOS:0.0.1:STMicroelectronics:RTOS:FreeRTOS:Core:::10.2.0:
2026-02-16 13:34:13,867 [WARN] ModelIntegratedComponent:63 - No mode defined for component null
2026-02-16 13:34:13,867 [WARN] ModelIntegratedComponent:63 - No mode defined for component null
2026-02-16 13:34:13,867 [WARN] ModelIntegratedComponent:63 - No mode defined for component null
2026-02-16 13:34:13,867 [WARN] ModelIntegratedComponent:63 - No mode defined for component null
2026-02-16 13:34:13,867 [WARN] ModelIntegratedComponent:63 - No mode defined for component null
2026-02-16 13:34:13,867 [WARN] ModelIntegratedComponent:63 - No mode defined for component null
2026-02-16 13:34:13,867 [WARN] ModelIntegratedComponent:63 - No mode defined for component null
2026-02-16 13:34:13,867 [WARN] ModelIntegratedComponent:63 - No mode defined for component null
2026-02-16 13:34:13,867 [WARN] ModelIntegratedComponent:63 - No mode defined for component null
2026-02-16 13:34:13,867 [WARN] ModelIntegratedComponent:63 - No mode defined for component null
2026-02-16 13:34:13,867 [WARN] ModelIntegratedComponent:63 - No mode defined for component null
2026-02-16 13:34:13,867 [WARN] ModelIntegratedComponent:63 - No mode defined for component null
2026-02-16 13:34:13,867 [WARN] ModelIntegratedComponent:63 - No mode defined for component null
2026-02-16 13:34:13,867 [WARN] ModelIntegratedComponent:63 - No mode defined for component null
2026-02-16 13:34:13,867 [WARN] ModelIntegratedComponent:63 - No mode defined for component null
2026-02-16 13:34:13,867 [WARN] ModelIntegratedComponent:63 - No mode defined for component null
2026-02-16 13:34:13,867 [WARN] ModelIntegratedComponent:63 - No mode defined for component null
2026-02-16 13:34:13,867 [WARN] ModelIntegratedComponent:63 - No mode defined for component null
2026-02-16 13:34:13,867 [WARN] ModelIntegratedComponent:63 - No mode defined for component null
2026-02-16 13:34:13,867 [WARN] ModelIntegratedComponent:63 - No mode defined for component null
2026-02-16 13:34:13,867 [WARN] ModelIntegratedComponent:63 - No mode defined for component null
2026-02-16 13:34:13,868 [WARN] ModelIntegratedComponent:63 - No mode defined for component null
2026-02-16 13:34:13,868 [WARN] ModelIntegratedComponent:63 - No mode defined for component null
2026-02-16 13:34:13,868 [WARN] ModelIntegratedComponent:63 - No mode defined for component null
2026-02-16 13:34:13,868 [WARN] ModelIntegratedComponent:63 - No mode defined for component null
2026-02-16 13:34:13,868 [WARN] ModelIntegratedComponent:63 - No mode defined for component null
2026-02-16 13:34:13,868 [WARN] ModelIntegratedComponent:63 - No mode defined for component null
2026-02-16 13:34:13,868 [WARN] ModelIntegratedComponent:63 - No mode defined for component null
2026-02-16 13:34:13,868 [WARN] ModelIntegratedComponent:63 - No mode defined for component null
2026-02-16 13:34:13,868 [WARN] ModelIntegratedComponent:63 - No mode defined for component null
2026-02-16 13:34:13,868 [WARN] ModelIntegratedComponent:63 - No mode defined for component null
2026-02-16 13:34:13,868 [WARN] ModelIntegratedComponent:63 - No mode defined for component null
2026-02-16 13:34:13,868 [WARN] ModelIntegratedComponent:63 - No mode defined for component null
2026-02-16 13:34:13,868 [WARN] ModelIntegratedComponent:63 - No mode defined for component null
2026-02-16 13:34:13,868 [WARN] ModelIntegratedComponent:63 - No mode defined for component null
2026-02-16 13:34:13,868 [WARN] ModelPack:524 - Component already loaded: STMicroelectronics:HAL Drivers:0.0.0:STMicroelectronics:Device:STMicro_Driver:XSPI:HAL::0.0.1:HAL_XSPI
2026-02-16 13:34:14,006 [INFO] ThirdPartyModel:298 - Start build external matchings
2026-02-16 13:34:15,423 [INFO] ThirdPartyModel:316 - End build external matchings
2026-02-16 13:34:15,452 [INFO] ImportTextPane:234 - (OptionalMessage_ERROR) IP (RCC) : Invalid parameter (48MHZClocksFreq_Value)
2026-02-16 13:34:15,452 [INFO] ImportTextPane:234 - (OptionalMessage_ERROR) IP (RCC) : Invalid parameter (EthernetFreq_Value)
2026-02-16 13:34:15,453 [INFO] ImportTextPane:234 - (OptionalMessage_ERROR) IP (RCC) : Parameter (FLatency) has Id (AdvancedSettings) currently not set
2026-02-16 13:34:15,453 [INFO] ImportTextPane:234 - (OptionalMessage_ERROR) IP (RCC) : Invalid parameter (FamilyName)
2026-02-16 13:34:15,453 [INFO] ImportTextPane:234 - (OptionalMessage_ERROR) IP (RCC) : Invalid parameter (I2SClocksFreq_Value)
2026-02-16 13:34:15,453 [INFO] ImportTextPane:234 - (OptionalMessage_ERROR) IP (RCC) : Parameter (SDIOFreq_Value) has invalid value (168000000)
2026-02-16 13:34:15,453 [INFO] ImportTextPane:234 - (OptionalMessage_ERROR) IP (RCC) : Parameter (USBFreq_Value) has invalid value (168000000)
2026-02-16 13:34:15,454 [INFO] ImportTextPane:234 - (OptionalMessage_ERROR) IP (RCC) : Invalid parameter (VCOInputMFreq_Value)
2026-02-16 13:34:15,454 [INFO] ImportTextPane:234 - (OptionalMessage_ERROR) IP (RCC) : Invalid parameter (VcooutputI2S)
2026-02-16 13:34:15,862 [INFO] UtilMem:75 - End LoadConfig() Used Memory: 806746136 Bytes (1073741824)
2026-02-16 13:34:15,923 [WARN] ThirdParty:833 - waiting for thirdparty lock release [change project]
2026-02-16 13:34:15,923 [INFO] ThirdParty:835 - entering critical section [change project]
2026-02-16 13:34:15,923 [INFO] ThirdParty:1030 - CMSIS Pack Vendor :STMicroelectronics X-CUBE-PM33A1 1.0.0
2026-02-16 13:34:15,923 [INFO] ThirdParty:1030 - CMSIS Pack Vendor :STMicroelectronics USBPD 4.1
2026-02-16 13:34:15,923 [INFO] ThirdParty:1030 - CMSIS Pack Vendor :STMicroelectronics X-CUBE-NFC9 1.0.0
2026-02-16 13:34:15,923 [INFO] ThirdParty:1030 - CMSIS Pack Vendor :STMicroelectronics USB_HOST 2.0.0
2026-02-16 13:34:15,923 [INFO] ThirdParty:1030 - CMSIS Pack Vendor :STMicroelectronics FP-SNS-MOTENVWB1 1.4.0
2026-02-16 13:34:15,923 [INFO] ThirdParty:1030 - CMSIS Pack Vendor :STMicroelectronics X-CUBE-AZRTOS-F4 1.1.0
2026-02-16 13:34:15,923 [INFO] ThirdParty:1030 - CMSIS Pack Vendor :STMicroelectronics LIBJPEG 8.0.0
2026-02-16 13:34:15,923 [INFO] ThirdParty:1030 - CMSIS Pack Vendor :STMicroelectronics FP-ATR-ASTRA1 2.0.2
2026-02-16 13:34:15,923 [INFO] ThirdParty:1030 - CMSIS Pack Vendor :wolfSSL I-CUBE-wolfSSL 5.8.2
2026-02-16 13:34:15,923 [INFO] ThirdParty:1030 - CMSIS Pack Vendor :STMicroelectronics X-CUBE-BLE1 7.1.0
2026-02-16 13:34:15,923 [INFO] ThirdParty:1030 - CMSIS Pack Vendor :STMicroelectronics X-CUBE-SMBUS 2.1.0
2026-02-16 13:34:15,923 [INFO] ThirdParty:1030 - CMSIS Pack Vendor :wolfSSL I-CUBE-wolfMQTT 1.19.2
2026-02-16 13:34:15,923 [INFO] ThirdParty:1030 - CMSIS Pack Vendor :STMicroelectronics USB_DEVICE 3.0.0
2026-02-16 13:34:15,923 [INFO] ThirdParty:1030 - CMSIS Pack Vendor :STMicroelectronics X-CUBE-ISPU 2.1.0
2026-02-16 13:34:15,923 [INFO] ThirdParty:1030 - CMSIS Pack Vendor :STMicroelectronics X-CUBE-FREERTOS 1.4.0
2026-02-16 13:34:15,923 [INFO] ThirdParty:1030 - CMSIS Pack Vendor :STMicroelectronics X-CUBE-EEPRMA1 5.2.0
2026-02-16 13:34:15,923 [INFO] ThirdParty:1030 - CMSIS Pack Vendor :STMicroelectronics X-CUBE-IPS 3.2.0
2026-02-16 13:34:15,923 [INFO] ThirdParty:1030 - CMSIS Pack Vendor :STMicroelectronics X-CUBE-BLEMGR 4.1.0
2026-02-16 13:34:15,923 [INFO] ThirdParty:1030 - CMSIS Pack Vendor :STMicroelectronics X-CUBE-AZRTOS-WB 2.0.0
2026-02-16 13:34:15,923 [INFO] ThirdParty:1030 - CMSIS Pack Vendor :STMicroelectronics X-CUBE-ST60 1.0.0
2026-02-16 13:34:15,923 [INFO] ThirdParty:1030 - CMSIS Pack Vendor :STMicroelectronics X-CUBE-GNSS1 7.0.1
2026-02-16 13:34:15,923 [INFO] ThirdParty:1030 - CMSIS Pack Vendor :STMicroelectronics X-CUBE-NFC12 1.0.0
2026-02-16 13:34:15,923 [INFO] ThirdParty:1030 - CMSIS Pack Vendor :STMicroelectronics X-CUBE-AZRTOS-F7 1.1.0
2026-02-16 13:34:15,923 [INFO] ThirdParty:1030 - CMSIS Pack Vendor :STMicroelectronics X-CUBE-AZRTOS-L5 2.0.0
2026-02-16 13:34:15,923 [INFO] ThirdParty:1030 - CMSIS Pack Vendor :STMicroelectronics X-CUBE-TOUCHGFX 4.25.0
2026-02-16 13:34:15,923 [INFO] ThirdParty:1030 - CMSIS Pack Vendor :STMicroelectronics USB_DEVICE 2.0.0
2026-02-16 13:34:15,923 [INFO] ThirdParty:1030 - CMSIS Pack Vendor :STMicroelectronics X-CUBE-NFC6 3.1.0
2026-02-16 13:34:15,923 [INFO] ThirdParty:1030 - CMSIS Pack Vendor :Cesanta I-CUBE-Mongoose 7.19.0
2026-02-16 13:34:15,923 [INFO] ThirdParty:1030 - CMSIS Pack Vendor :quantropi X-CUBE-qispace-sdk-base 2.1.0
2026-02-16 13:34:15,923 [INFO] ThirdParty:1030 - CMSIS Pack Vendor :STMicroelectronics X-CUBE-MEMS1 12.0.0
2026-02-16 13:34:15,923 [INFO] ThirdParty:1030 - CMSIS Pack Vendor :STMicroelectronics X-CUBE-STSE01 2.0.0
2026-02-16 13:34:15,924 [INFO] ThirdParty:1030 - CMSIS Pack Vendor :STMicroelectronics FP-SNS-MOTENV1 5.1.0
2026-02-16 13:34:15,924 [INFO] ThirdParty:1030 - CMSIS Pack Vendor :STMicroelectronics FreeRTOS 0.0.1
2026-02-16 13:34:15,924 [INFO] ThirdParty:1030 - CMSIS Pack Vendor :STMicroelectronics X-CUBE-AZRTOS-G0 1.1.0
2026-02-16 13:34:15,924 [INFO] ThirdParty:1030 - CMSIS Pack Vendor :STMicroelectronics X-CUBE-SAFEA1 1.2.2
2026-02-16 13:34:15,924 [INFO] ThirdParty:1030 - CMSIS Pack Vendor :STMicroelectronics X-CUBE-NFC4 3.0.0
2026-02-16 13:34:15,924 [INFO] ThirdParty:1030 - CMSIS Pack Vendor :STMicroelectronics X-CUBE-SUBG2 5.0.0
2026-02-16 13:34:15,924 [INFO] ThirdParty:1030 - CMSIS Pack Vendor :STMicroelectronics X-CUBE-AZRTOS-H7RS 1.1.0
2026-02-16 13:34:15,924 [INFO] ThirdParty:1030 - CMSIS Pack Vendor :STMicroelectronics STM32_WPAN 1.0.0
2026-02-16 13:34:15,924 [INFO] ThirdParty:1030 - CMSIS Pack Vendor :EmbeddedOffice I-CUBE-FS-RTOS 1.0.1
2026-02-16 13:34:15,924 [INFO] ThirdParty:1030 - CMSIS Pack Vendor :STMicroelectronics lwIP 2.0.3
2026-02-16 13:34:15,924 [INFO] ThirdParty:1030 - CMSIS Pack Vendor :WES I-CUBE-Cesium 1.4.0
2026-02-16 13:34:15,924 [INFO] ThirdParty:1030 - CMSIS Pack Vendor :STMicroelectronics USB_HOST 1.0.0
2026-02-16 13:34:15,924 [INFO] ThirdParty:1030 - CMSIS Pack Vendor :Infineon AIROC-Wi-Fi-Bluetooth-STM32 1.7.1
2026-02-16 13:34:15,924 [INFO] ThirdParty:1030 - CMSIS Pack Vendor :STMicroelectronics X-CUBE-AZRTOS-G4 2.0.0
2026-02-16 13:34:15,924 [INFO] ThirdParty:1030 - CMSIS Pack Vendor :STMicroelectronics X-CUBE-WB05N 2.0.0
2026-02-16 13:34:15,924 [INFO] ThirdParty:1030 - CMSIS Pack Vendor :STMicroelectronics PDM2PCM 3.1.0
2026-02-16 13:34:15,924 [INFO] ThirdParty:1030 - CMSIS Pack Vendor :STMicroelectronics PDM2PCM 3.3.0
2026-02-16 13:34:15,924 [INFO] ThirdParty:1030 - CMSIS Pack Vendor :wolfSSL I-CUBE-wolfTPM 3.8.0
2026-02-16 13:34:15,924 [INFO] ThirdParty:1030 - CMSIS Pack Vendor :STMicroelectronics X-CUBE-AZRTOS-H7 3.4.0
2026-02-16 13:34:15,924 [INFO] ThirdParty:1030 - CMSIS Pack Vendor :STMicroelectronics X-CUBE-DISPLAY 3.0.0
2026-02-16 13:34:15,924 [INFO] ThirdParty:1030 - CMSIS Pack Vendor :wolfSSL I-CUBE-wolfSSH 1.4.20
2026-02-16 13:34:15,924 [INFO] ThirdParty:1030 - CMSIS Pack Vendor :STMicroelectronics X-CUBE-NFC7 2.0.0
2026-02-16 13:34:15,924 [INFO] ThirdParty:1030 - CMSIS Pack Vendor :STMicroelectronics X-CUBE-TCPP 4.2.0
2026-02-16 13:34:15,924 [INFO] ThirdParty:1030 - CMSIS Pack Vendor :RealThread X-CUBE-RT-Thread_Nano 4.1.1
2026-02-16 13:34:15,924 [INFO] ThirdParty:1030 - CMSIS Pack Vendor :STMicroelectronics FP-ATR-SIGFOX1 3.2.0
2026-02-16 13:34:15,924 [INFO] ThirdParty:1030 - CMSIS Pack Vendor :STMicroelectronics X-CUBE-NFC10 1.0.0
2026-02-16 13:34:15,924 [INFO] ThirdParty:1030 - CMSIS Pack Vendor :STMicroelectronics X-CUBE-FREERTOS 1.3.1
2026-02-16 13:34:15,924 [INFO] ThirdParty:1030 - CMSIS Pack Vendor :STMicroelectronics HAL Drivers 0.0.0
2026-02-16 13:34:15,924 [INFO] ThirdParty:1030 - CMSIS Pack Vendor :STMicroelectronics MBEDTLS 2.16.2
2026-02-16 13:34:15,924 [INFO] ThirdParty:1030 - CMSIS Pack Vendor :STMicroelectronics X-CUBE-ST60 1.1.0
2026-02-16 13:34:15,924 [INFO] ThirdParty:1030 - CMSIS Pack Vendor :STMicroelectronics X-CUBE-IPS 3.1.0
2026-02-16 13:34:15,924 [INFO] ThirdParty:1030 - CMSIS Pack Vendor :STMicroelectronics X-CUBE-ALS 1.0.2
2026-02-16 13:34:15,924 [INFO] ThirdParty:1030 - CMSIS Pack Vendor :emotas I-CUBE-CANOPEN 1.3.0
2026-02-16 13:34:15,924 [INFO] ThirdParty:1030 - CMSIS Pack Vendor :STMicroelectronics MBEDTLS 2.14.1
2026-02-16 13:34:15,924 [INFO] ThirdParty:1030 - CMSIS Pack Vendor :STMicroelectronics X-CUBE-GNSS1 7.1.0
2026-02-16 13:34:15,924 [INFO] ThirdParty:1030 - CMSIS Pack Vendor :ITTIA_DB I-CUBE-ITTIADB 8.9.0
2026-02-16 13:34:15,924 [INFO] ThirdParty:1030 - CMSIS Pack Vendor :STMicroelectronics X-CUBE-TOUCHGFX 4.26.0
2026-02-16 13:34:15,924 [INFO] ThirdParty:1030 - CMSIS Pack Vendor :STMicroelectronics X-CUBE-STSE01 1.0.0
2026-02-16 13:34:15,924 [INFO] ThirdParty:1030 - CMSIS Pack Vendor :STMicroelectronics X-CUBE-NFC6 3.2.0
2026-02-16 13:34:15,924 [INFO] ThirdParty:1030 - CMSIS Pack Vendor :STMicroelectronics X-CUBE-ST67W61 1.0.0
2026-02-16 13:34:15,924 [INFO] ThirdParty:1030 - CMSIS Pack Vendor :STMicroelectronics FP-SNS-STBOX1 2.1.0
2026-02-16 13:34:15,925 [INFO] ThirdParty:1030 - CMSIS Pack Vendor :STMicroelectronics X-CUBE-AI 10.2.0
2026-02-16 13:34:15,925 [INFO] ThirdParty:1030 - CMSIS Pack Vendor :STMicroelectronics FP-SNS-STAIOTCFT 1.0.0
2026-02-16 13:34:15,925 [INFO] ThirdParty:1030 - CMSIS Pack Vendor :STMicroelectronics ThreadX 1.0.0
2026-02-16 13:34:15,925 [INFO] ThirdParty:1030 - CMSIS Pack Vendor :STMicroelectronics FP-SNS-SMARTAG2 1.2.0
2026-02-16 13:34:15,925 [INFO] ThirdParty:1030 - CMSIS Pack Vendor :STMicroelectronics FP-SNS-FLIGHT1 5.1.0
2026-02-16 13:34:15,925 [INFO] ThirdParty:1030 - CMSIS Pack Vendor :STMicroelectronics X-CUBE-AZRTOS-WL 2.0.0
2026-02-16 13:34:15,925 [INFO] ThirdParty:1030 - CMSIS Pack Vendor :SEGGER I-CUBE-embOS 1.3.1
2026-02-16 13:34:15,925 [INFO] ThirdParty:1030 - CMSIS Pack Vendor :STMicroelectronics X-CUBE-ALGOBUILD 1.4.0
2026-02-16 13:34:15,925 [INFO] ThirdParty:1030 - CMSIS Pack Vendor :STMicroelectronics X-CUBE-DPower 1.3.0
2026-02-16 13:34:15,925 [INFO] ThirdParty:1030 - CMSIS Pack Vendor :STMicroelectronics X-CUBE-MEMS1 11.3.0
2026-02-16 13:34:15,925 [INFO] ThirdParty:1030 - CMSIS Pack Vendor :STMicroelectronics FP-SNS-MOTENV1 5.0.0
2026-02-16 13:34:15,925 [INFO] ThirdParty:1030 - CMSIS Pack Vendor :STMicroelectronics USB_DEVICE 1.0.0
2026-02-16 13:34:15,925 [INFO] ThirdParty:1030 - CMSIS Pack Vendor :STMicroelectronics X-CUBE-AZRTOS-H7RS 1.2.0
2026-02-16 13:34:15,925 [INFO] ThirdParty:1030 - CMSIS Pack Vendor :STMicroelectronics X-CUBE-AZRTOS-L4 2.0.0
2026-02-16 13:34:15,925 [INFO] ThirdParty:1030 - CMSIS Pack Vendor :STMicroelectronics ThreadX 0.0.2
2026-02-16 13:34:15,925 [INFO] ThirdParty:1030 - CMSIS Pack Vendor :STMicroelectronics lwIP 2.1.2
2026-02-16 13:34:15,925 [INFO] ThirdParty:1030 - CMSIS Pack Vendor :STMicroelectronics X-CUBE-SFXS2LP1 4.0.0
2026-02-16 13:34:15,925 [INFO] ThirdParty:1030 - CMSIS Pack Vendor :STMicroelectronics X-CUBE-BLE2 3.3.0
2026-02-16 13:34:15,925 [INFO] ThirdParty:1030 - CMSIS Pack Vendor :Avnet-IOTCONNECT X-CUBE-iotc-st67-sdk 1.0.0
2026-02-16 13:34:15,925 [INFO] ThirdParty:1030 - CMSIS Pack Vendor :STMicroelectronics X-CUBE-TOF1 3.4.3
2026-02-16 13:34:15,925 [INFO] ThirdParty:1030 - CMSIS Pack Vendor :STMicroelectronics PDM2PCM 3.2.0
2026-02-16 13:34:15,925 [INFO] ThirdParty:1030 - CMSIS Pack Vendor :STMicroelectronics X-CUBE-ST67W61 1.2.0
2026-02-16 13:34:15,925 [INFO] ThirdParty:841 - exiting critical section [change project]
2026-02-16 13:34:16,133 [INFO] PinOutPanel:1589 - setPackage(No Configuration,No Configuration)
2026-02-16 13:34:16,133 [INFO] PinOutPanel:1589 - setPackage(STM32F446RETx,LQFP64)
2026-02-16 13:34:16,622 [INFO] UtilMem:75 - Before build in PCC Used Memory: 798918752 Bytes (1073741824)
2026-02-16 13:34:17,160 [INFO] UtilMem:75 - After build in PCC Used Memory: 850825312 Bytes (1073741824)
2026-02-16 13:34:17,198 [INFO] IPUIPlugin:80 - create IPUIPlugin
2026-02-16 13:34:17,198 [INFO] IPUIPlugin:80 - create IPUIPlugin
2026-02-16 13:34:17,198 [INFO] IPUIPlugin:80 - create IPUIPlugin
2026-02-16 13:34:17,198 [INFO] IPUIPlugin:80 - create IPUIPlugin
2026-02-16 13:34:17,198 [INFO] IPUIPlugin:80 - create IPUIPlugin
2026-02-16 13:34:17,198 [INFO] IPUIPlugin:80 - create IPUIPlugin
2026-02-16 13:34:17,199 [INFO] IPUIPlugin:80 - create IPUIPlugin
2026-02-16 13:34:17,199 [INFO] IPUIPlugin:80 - create IPUIPlugin
2026-02-16 13:34:17,199 [INFO] IPUIPlugin:80 - create IPUIPlugin
2026-02-16 13:34:17,199 [INFO] IPUIPlugin:80 - create IPUIPlugin
2026-02-16 13:34:17,199 [INFO] IPUIPlugin:80 - create IPUIPlugin
2026-02-16 13:34:17,199 [INFO] IPUIPlugin:80 - create IPUIPlugin
2026-02-16 13:34:17,200 [INFO] IPUIPlugin:80 - create IPUIPlugin
2026-02-16 13:34:17,200 [INFO] IPUIPlugin:80 - create IPUIPlugin
2026-02-16 13:34:17,200 [INFO] IPUIPlugin:80 - create IPUIPlugin
2026-02-16 13:34:17,200 [INFO] IPUIPlugin:80 - create IPUIPlugin
2026-02-16 13:34:17,200 [INFO] IPUIPlugin:80 - create IPUIPlugin
2026-02-16 13:34:17,201 [INFO] IPUIPlugin:80 - create IPUIPlugin
2026-02-16 13:34:17,201 [INFO] IPUIPlugin:80 - create IPUIPlugin
2026-02-16 13:34:17,201 [INFO] IPUIPlugin:80 - create IPUIPlugin
2026-02-16 13:34:17,201 [INFO] IPUIPlugin:80 - create IPUIPlugin
2026-02-16 13:34:17,202 [INFO] IPUIPlugin:80 - create IPUIPlugin
2026-02-16 13:34:17,202 [INFO] IPUIPlugin:80 - create IPUIPlugin
2026-02-16 13:34:17,202 [INFO] IPUIPlugin:80 - create IPUIPlugin
2026-02-16 13:34:17,203 [INFO] IPUIPlugin:80 - create IPUIPlugin
2026-02-16 13:34:17,203 [INFO] IPUIPlugin:80 - create IPUIPlugin
2026-02-16 13:34:17,203 [INFO] IPUIPlugin:80 - create IPUIPlugin
2026-02-16 13:34:17,203 [INFO] IPUIPlugin:80 - create IPUIPlugin
2026-02-16 13:34:17,203 [INFO] IPUIPlugin:80 - create IPUIPlugin
2026-02-16 13:34:17,203 [INFO] IPUIPlugin:80 - create IPUIPlugin
2026-02-16 13:34:17,204 [INFO] IPUIPlugin:80 - create IPUIPlugin
2026-02-16 13:34:17,204 [INFO] IPUIPlugin:80 - create IPUIPlugin
2026-02-16 13:34:17,204 [INFO] IPUIPlugin:80 - create IPUIPlugin
2026-02-16 13:34:17,204 [INFO] IPUIPlugin:80 - create IPUIPlugin
2026-02-16 13:34:17,204 [INFO] IPUIPlugin:80 - create IPUIPlugin
2026-02-16 13:34:17,204 [INFO] IPUIPlugin:80 - create IPUIPlugin
2026-02-16 13:34:17,205 [INFO] IPUIPlugin:80 - create IPUIPlugin
2026-02-16 13:34:17,205 [INFO] IPUIPlugin:80 - create IPUIPlugin
2026-02-16 13:34:17,205 [INFO] IPUIPlugin:80 - create IPUIPlugin
2026-02-16 13:34:17,206 [INFO] IPUIPlugin:80 - create IPUIPlugin
2026-02-16 13:34:17,206 [INFO] IPUIPlugin:80 - create IPUIPlugin
2026-02-16 13:34:17,206 [INFO] IPUIPlugin:80 - create IPUIPlugin
2026-02-16 13:34:17,206 [INFO] IPUIPlugin:80 - create IPUIPlugin
2026-02-16 13:34:17,207 [INFO] IPUIPlugin:80 - create IPUIPlugin
2026-02-16 13:34:17,207 [INFO] IPUIPlugin:80 - create IPUIPlugin
2026-02-16 13:34:17,207 [INFO] IPUIPlugin:80 - create IPUIPlugin
2026-02-16 13:34:17,208 [INFO] IPUIPlugin:80 - create IPUIPlugin
2026-02-16 13:34:17,208 [INFO] IPUIPlugin:80 - create IPUIPlugin
2026-02-16 13:34:17,209 [INFO] IPUIPlugin:80 - create IPUIPlugin
2026-02-16 13:34:17,209 [INFO] IPUIPlugin:80 - create IPUIPlugin
2026-02-16 13:34:17,209 [INFO] IPUIPlugin:80 - create IPUIPlugin
2026-02-16 13:34:17,209 [INFO] IPUIPlugin:80 - create IPUIPlugin
2026-02-16 13:34:17,209 [INFO] IPUIPlugin:80 - create IPUIPlugin
2026-02-16 13:34:17,210 [INFO] IPUIPlugin:80 - create IPUIPlugin
2026-02-16 13:34:17,210 [INFO] IPUIPlugin:80 - create IPUIPlugin
2026-02-16 13:34:17,210 [INFO] IPUIPlugin:80 - create IPUIPlugin
2026-02-16 13:34:17,210 [INFO] IPUIPlugin:80 - create IPUIPlugin
2026-02-16 13:34:17,211 [INFO] IPUIPlugin:80 - create IPUIPlugin
2026-02-16 13:34:17,212 [INFO] IPUIPlugin:80 - create IPUIPlugin
2026-02-16 13:34:17,213 [INFO] IPUIPlugin:80 - create IPUIPlugin
2026-02-16 13:34:17,218 [INFO] ApiDbMcu:532 - Load IP Config File for PDM2PCM
2026-02-16 13:34:17,220 [WARN] IP:2250 - I2C_Coeff_DF not found: check if there is a RefParameter without a condition.
2026-02-16 13:34:17,220 [WARN] IP:2250 - Analog_Filter not found: check if there is a RefParameter without a condition.
2026-02-16 13:34:17,306 [INFO] CADModel:165 - CPN selected for project levelSTM32F446RET6
2026-02-16 13:34:17,306 [INFO] CADModel:114 - Register for checkConnection events
2026-02-16 13:34:17,381 [INFO] OpenFileManager:386 - Restore cursor
2026-02-16 13:34:17,470 [WARN] IP:2250 - I2C_Coeff_DF not found: check if there is a RefParameter without a condition.
2026-02-16 13:34:17,470 [WARN] IP:2250 - Analog_Filter not found: check if there is a RefParameter without a condition.
2026-02-16 13:34:17,470 [WARN] IP:2250 - I2C_Coeff_DF not found: check if there is a RefParameter without a condition.
2026-02-16 13:34:17,470 [WARN] IP:2250 - Analog_Filter not found: check if there is a RefParameter without a condition.
2026-02-16 13:34:24,520 [WARN] IP:2250 - I2C_Coeff_DF not found: check if there is a RefParameter without a condition.
2026-02-16 13:34:24,520 [WARN] IP:2250 - Analog_Filter not found: check if there is a RefParameter without a condition.
2026-02-16 13:34:24,521 [WARN] IP:2250 - I2C_Coeff_DF not found: check if there is a RefParameter without a condition.
2026-02-16 13:34:24,521 [WARN] IP:2250 - Analog_Filter not found: check if there is a RefParameter without a condition.
2026-02-16 13:34:37,106 [WARN] IP:2250 - I2C_Coeff_DF not found: check if there is a RefParameter without a condition.
2026-02-16 13:34:37,106 [WARN] IP:2250 - Analog_Filter not found: check if there is a RefParameter without a condition.
2026-02-16 21:22:30,225 [INFO] WebApp:194 - Connection lost
2026-02-16 21:22:30,603 [INFO] WebApp:191 - Connection restablished
2026-02-16 21:27:23,513 [INFO] WebApp:194 - Connection lost
2026-02-16 21:27:23,699 [INFO] WebApp:191 - Connection restablished
2026-02-16 22:46:37,732 [INFO] WebApp:194 - Connection lost
2026-02-16 22:46:37,968 [INFO] WebApp:191 - Connection restablished
